<?xml version="1.0" encoding="utf-8"?><testsuites><testsuite errors="0" failures="0" hostname="Juans-MacBook-Pro-2.local" name="pytest" skipped="165" tests="1353" time="122.901" timestamp="2020-08-26T14:52:46.614513"><testcase classname="" file="sklearn/utils/tests/test_testing.py" name="sklearn.utils.tests.test_testing" time="0.000"><skipped message="collection skipped">(&apos;/Users/alfaro96/Workspace/Python/scikit-learn/sklearn/utils/tests/test_testing.py&apos;, 629, &quot;Skipped: could not import &apos;pandas&apos;: No module named &apos;pandas&apos;&quot;)</skipped><skipped message="collection skipped">(&apos;/Users/alfaro96/Workspace/Python/scikit-learn/sklearn/utils/tests/test_testing.py&apos;, 629, &quot;Skipped: could not import &apos;pandas&apos;: No module named &apos;pandas&apos;&quot;)</skipped></testcase><testcase classname="sklearn._config" file="sklearn/_config.py" name="sklearn._config.config_context" time="0.020"></testcase><testcase classname="sklearn.calibration" file="sklearn/calibration.py" line="61" name="sklearn.calibration.CalibratedClassifierCV" time="0.031"></testcase><testcase classname="sklearn.calibration" file="sklearn/calibration.py" line="61" name="sklearn.calibration.calibration_curve" time="0.009"></testcase><testcase classname="sklearn.discriminant_analysis" file="sklearn/discriminant_analysis.py" line="133" name="sklearn.discriminant_analysis.LinearDiscriminantAnalysis" time="0.012"></testcase><testcase classname="sklearn.discriminant_analysis" file="sklearn/discriminant_analysis.py" line="569" name="sklearn.discriminant_analysis.QuadraticDiscriminantAnalysis" time="0.008"></testcase><testcase classname="sklearn.dummy" file="sklearn/dummy.py" line="23" name="sklearn.dummy.DummyClassifier" time="0.010"></testcase><testcase classname="sklearn.dummy" file="sklearn/dummy.py" line="389" name="sklearn.dummy.DummyRegressor" time="0.009"></testcase><testcase classname="sklearn.exceptions" file="sklearn/exceptions.py" line="21" name="sklearn.exceptions.NotFittedError" time="0.006"></testcase><testcase classname="sklearn.isotonic" file="sklearn/isotonic.py" line="134" name="sklearn.isotonic.IsotonicRegression" time="0.011"></testcase><testcase classname="sklearn.kernel_approximation" file="sklearn/kernel_approximation.py" line="435" name="sklearn.kernel_approximation.AdditiveChi2Sampler" time="0.142"></testcase><testcase classname="sklearn.kernel_approximation" file="sklearn/kernel_approximation.py" line="626" name="sklearn.kernel_approximation.Nystroem" time="0.393"></testcase><testcase classname="sklearn.kernel_approximation" file="sklearn/kernel_approximation.py" line="30" name="sklearn.kernel_approximation.PolynomialCountSketch" time="0.013"></testcase><testcase classname="sklearn.kernel_approximation" file="sklearn/kernel_approximation.py" line="195" name="sklearn.kernel_approximation.RBFSampler" time="0.011"></testcase><testcase classname="sklearn.kernel_approximation" file="sklearn/kernel_approximation.py" line="311" name="sklearn.kernel_approximation.SkewedChi2Sampler" time="0.012"></testcase><testcase classname="sklearn.kernel_ridge" file="sklearn/kernel_ridge.py" line="16" name="sklearn.kernel_ridge.KernelRidge" time="0.022"></testcase><testcase classname="sklearn.multiclass" file="sklearn/multiclass.py" line="503" name="sklearn.multiclass.OneVsOneClassifier" time="0.026"></testcase><testcase classname="sklearn.multiclass" file="sklearn/multiclass.py" line="135" name="sklearn.multiclass.OneVsRestClassifier" time="0.017"></testcase><testcase classname="sklearn.multiclass" file="sklearn/multiclass.py" line="722" name="sklearn.multiclass.OutputCodeClassifier" time="0.356"></testcase><testcase classname="sklearn.multioutput" file="sklearn/multioutput.py" line="539" name="sklearn.multioutput.ClassifierChain" time="0.052"></testcase><testcase classname="sklearn.multioutput" file="sklearn/multioutput.py" line="284" name="sklearn.multioutput.MultiOutputClassifier" time="0.022"></testcase><testcase classname="sklearn.multioutput" file="sklearn/multioutput.py" line="211" name="sklearn.multioutput.MultiOutputRegressor" time="0.015"></testcase><testcase classname="sklearn.multioutput" file="sklearn/multioutput.py" line="723" name="sklearn.multioutput.RegressorChain" time="0.019"></testcase><testcase classname="sklearn.naive_bayes" file="sklearn/naive_bayes.py" line="915" name="sklearn.naive_bayes.BernoulliNB" time="0.006"></testcase><testcase classname="sklearn.naive_bayes" file="sklearn/naive_bayes.py" line="1050" name="sklearn.naive_bayes.CategoricalNB" time="0.027"></testcase><testcase classname="sklearn.naive_bayes" file="sklearn/naive_bayes.py" line="787" name="sklearn.naive_bayes.ComplementNB" time="0.006"></testcase><testcase classname="sklearn.naive_bayes" file="sklearn/naive_bayes.py" line="118" name="sklearn.naive_bayes.GaussianNB" time="0.008"></testcase><testcase classname="sklearn.naive_bayes" file="sklearn/naive_bayes.py" line="669" name="sklearn.naive_bayes.MultinomialNB" time="0.006"></testcase><testcase classname="sklearn.pipeline" file="sklearn/pipeline.py" line="757" name="sklearn.pipeline.FeatureUnion" time="0.011"></testcase><testcase classname="sklearn.pipeline" file="sklearn/pipeline.py" line="31" name="sklearn.pipeline.Pipeline" time="0.016"></testcase><testcase classname="sklearn.pipeline" file="sklearn/pipeline.py" line="667" name="sklearn.pipeline.make_pipeline" time="0.010"></testcase><testcase classname="sklearn.pipeline" file="sklearn/pipeline.py" line="1016" name="sklearn.pipeline.make_union" time="0.007"></testcase><testcase classname="sklearn.random_projection" file="sklearn/random_projection.py" line="420" name="sklearn.random_projection.GaussianRandomProjection" time="1.364"></testcase><testcase classname="sklearn.random_projection" file="sklearn/random_projection.py" line="513" name="sklearn.random_projection.SparseRandomProjection" time="1.178"></testcase><testcase classname="sklearn.random_projection" file="sklearn/random_projection.py" line="114" name="sklearn.random_projection.johnson_lindenstrauss_min_dim" time="0.005"></testcase><testcase classname="sklearn._loss.tests.test_glm_distribution" file="sklearn/_loss/tests/test_glm_distribution.py" line="19" name="test_family_bounds[family0-expected0]" time="0.004"></testcase><testcase classname="sklearn._loss.tests.test_glm_distribution" file="sklearn/_loss/tests/test_glm_distribution.py" line="19" name="test_family_bounds[family1-expected1]" time="0.001"></testcase><testcase classname="sklearn._loss.tests.test_glm_distribution" file="sklearn/_loss/tests/test_glm_distribution.py" line="19" name="test_family_bounds[family2-expected2]" time="0.001"></testcase><testcase classname="sklearn._loss.tests.test_glm_distribution" file="sklearn/_loss/tests/test_glm_distribution.py" line="19" name="test_family_bounds[family3-expected3]" time="0.001"></testcase><testcase classname="sklearn._loss.tests.test_glm_distribution" file="sklearn/_loss/tests/test_glm_distribution.py" line="19" name="test_family_bounds[family4-expected4]" time="0.001"></testcase><testcase classname="sklearn._loss.tests.test_glm_distribution" file="sklearn/_loss/tests/test_glm_distribution.py" line="19" name="test_family_bounds[family5-expected5]" time="0.001"></testcase><testcase classname="sklearn._loss.tests.test_glm_distribution" file="sklearn/_loss/tests/test_glm_distribution.py" line="33" name="test_invalid_distribution_bound" time="0.001"></testcase><testcase classname="sklearn._loss.tests.test_glm_distribution" file="sklearn/_loss/tests/test_glm_distribution.py" line="41" name="test_tweedie_distribution_power" time="0.001"></testcase><testcase classname="sklearn._loss.tests.test_glm_distribution" file="sklearn/_loss/tests/test_glm_distribution.py" line="62" name="test_deviance_zero[family0-chk_values0]" time="0.002"></testcase><testcase classname="sklearn._loss.tests.test_glm_distribution" file="sklearn/_loss/tests/test_glm_distribution.py" line="62" name="test_deviance_zero[family1-chk_values1]" time="0.003"></testcase><testcase classname="sklearn._loss.tests.test_glm_distribution" file="sklearn/_loss/tests/test_glm_distribution.py" line="62" name="test_deviance_zero[family2-chk_values2]" time="0.002"></testcase><testcase classname="sklearn._loss.tests.test_glm_distribution" file="sklearn/_loss/tests/test_glm_distribution.py" line="62" name="test_deviance_zero[family3-chk_values3]" time="0.002"></testcase><testcase classname="sklearn._loss.tests.test_glm_distribution" file="sklearn/_loss/tests/test_glm_distribution.py" line="62" name="test_deviance_zero[family4-chk_values4]" time="0.003"></testcase><testcase classname="sklearn._loss.tests.test_glm_distribution" file="sklearn/_loss/tests/test_glm_distribution.py" line="62" name="test_deviance_zero[family5-chk_values5]" time="0.004"></testcase><testcase classname="sklearn._loss.tests.test_glm_distribution" file="sklearn/_loss/tests/test_glm_distribution.py" line="62" name="test_deviance_zero[family6-chk_values6]" time="0.002"></testcase><testcase classname="sklearn._loss.tests.test_glm_distribution" file="sklearn/_loss/tests/test_glm_distribution.py" line="62" name="test_deviance_zero[family7-chk_values7]" time="0.002"></testcase><testcase classname="sklearn._loss.tests.test_glm_distribution" file="sklearn/_loss/tests/test_glm_distribution.py" line="62" name="test_deviance_zero[family8-chk_values8]" time="0.002"></testcase><testcase classname="sklearn._loss.tests.test_glm_distribution" file="sklearn/_loss/tests/test_glm_distribution.py" line="79" name="test_deviance_derivative[NormalDistribution]" time="0.005"></testcase><testcase classname="sklearn._loss.tests.test_glm_distribution" file="sklearn/_loss/tests/test_glm_distribution.py" line="79" name="test_deviance_derivative[PoissonDistribution]" time="0.002"></testcase><testcase classname="sklearn._loss.tests.test_glm_distribution" file="sklearn/_loss/tests/test_glm_distribution.py" line="79" name="test_deviance_derivative[GammaDistribution]" time="0.003"></testcase><testcase classname="sklearn._loss.tests.test_glm_distribution" file="sklearn/_loss/tests/test_glm_distribution.py" line="79" name="test_deviance_derivative[InverseGaussianDistribution]" time="0.003"></testcase><testcase classname="sklearn._loss.tests.test_glm_distribution" file="sklearn/_loss/tests/test_glm_distribution.py" line="79" name="test_deviance_derivative[TweedieDistribution0]" time="0.004"></testcase><testcase classname="sklearn._loss.tests.test_glm_distribution" file="sklearn/_loss/tests/test_glm_distribution.py" line="79" name="test_deviance_derivative[TweedieDistribution1]" time="0.003"></testcase><testcase classname="sklearn._loss.tests.test_glm_distribution" file="sklearn/_loss/tests/test_glm_distribution.py" line="79" name="test_deviance_derivative[TweedieDistribution2]" time="0.003"></testcase><testcase classname="sklearn._loss.tests.test_glm_distribution" file="sklearn/_loss/tests/test_glm_distribution.py" line="79" name="test_deviance_derivative[TweedieDistribution3]" time="0.004"></testcase><testcase classname="sklearn._loss.tests.test_glm_distribution" file="sklearn/_loss/tests/test_glm_distribution.py" line="79" name="test_deviance_derivative[TweedieDistribution4]" time="0.002"></testcase><testcase classname="sklearn.cluster._affinity_propagation" file="sklearn/cluster/_affinity_propagation.py" line="256" name="sklearn.cluster._affinity_propagation.AffinityPropagation" time="0.016"></testcase><testcase classname="sklearn.cluster._agglomerative" file="sklearn/cluster/_agglomerative.py" line="681" name="sklearn.cluster._agglomerative.AgglomerativeClustering" time="0.011"></testcase><testcase classname="sklearn.cluster._agglomerative" file="sklearn/cluster/_agglomerative.py" line="949" name="sklearn.cluster._agglomerative.FeatureAgglomeration" time="0.092"></testcase><testcase classname="sklearn.cluster._bicluster" file="sklearn/cluster/_bicluster.py" line="319" name="sklearn.cluster._bicluster.SpectralBiclustering" time="0.059"></testcase><testcase classname="sklearn.cluster._bicluster" file="sklearn/cluster/_bicluster.py" line="182" name="sklearn.cluster._bicluster.SpectralCoclustering" time="0.014"></testcase><testcase classname="sklearn.cluster._birch" file="sklearn/cluster/_birch.py" line="326" name="sklearn.cluster._birch.Birch" time="0.008"></testcase><testcase classname="sklearn.cluster._dbscan" file="sklearn/cluster/_dbscan.py" line="150" name="sklearn.cluster._dbscan.DBSCAN" time="0.007"></testcase><testcase classname="sklearn.cluster._kmeans" file="sklearn/cluster/_kmeans.py" line="601" name="sklearn.cluster._kmeans.KMeans" time="0.021"></testcase><testcase classname="sklearn.cluster._kmeans" file="sklearn/cluster/_kmeans.py" line="1381" name="sklearn.cluster._kmeans.MiniBatchKMeans" time="0.021"></testcase><testcase classname="sklearn.cluster._mean_shift" file="sklearn/cluster/_mean_shift.py" line="241" name="sklearn.cluster._mean_shift.MeanShift" time="0.014"></testcase><testcase classname="sklearn.cluster._optics" file="sklearn/cluster/_optics.py" line="24" name="sklearn.cluster._optics.OPTICS" time="0.013"></testcase><testcase classname="sklearn.cluster._spectral" file="sklearn/cluster/_spectral.py" line="286" name="sklearn.cluster._spectral.SpectralClustering" time="0.014"></testcase><testcase classname="sklearn.cluster.tests.test_affinity_propagation" file="sklearn/cluster/tests/test_affinity_propagation.py" line="28" name="test_affinity_propagation" time="0.056"></testcase><testcase classname="sklearn.cluster.tests.test_affinity_propagation" file="sklearn/cluster/tests/test_affinity_propagation.py" line="74" name="test_affinity_propagation_predict" time="0.005"></testcase><testcase classname="sklearn.cluster.tests.test_affinity_propagation" file="sklearn/cluster/tests/test_affinity_propagation.py" line="82" name="test_affinity_propagation_predict_error" time="0.004"></testcase><testcase classname="sklearn.cluster.tests.test_affinity_propagation" file="sklearn/cluster/tests/test_affinity_propagation.py" line="97" name="test_affinity_propagation_fit_non_convergence" time="0.001"></testcase><testcase classname="sklearn.cluster.tests.test_affinity_propagation" file="sklearn/cluster/tests/test_affinity_propagation.py" line="111" name="test_affinity_propagation_equal_mutual_similarities" time="0.003"></testcase><testcase classname="sklearn.cluster.tests.test_affinity_propagation" file="sklearn/cluster/tests/test_affinity_propagation.py" line="140" name="test_affinity_propagation_predict_non_convergence" time="0.003"></testcase><testcase classname="sklearn.cluster.tests.test_affinity_propagation" file="sklearn/cluster/tests/test_affinity_propagation.py" line="157" name="test_affinity_propagation_non_convergence_regressiontest" time="0.002"></testcase><testcase classname="sklearn.cluster.tests.test_affinity_propagation" file="sklearn/cluster/tests/test_affinity_propagation.py" line="166" name="test_equal_similarities_and_preferences" time="0.001"></testcase><testcase classname="sklearn.cluster.tests.test_affinity_propagation" file="sklearn/cluster/tests/test_affinity_propagation.py" line="187" name="test_affinity_propagation_random_state" time="0.042"></testcase><testcase classname="sklearn.cluster.tests.test_affinity_propagation" file="sklearn/cluster/tests/test_affinity_propagation.py" line="207" name="test_affinity_propagation_random_state_warning" time="0.005"></testcase><testcase classname="sklearn.cluster.tests.test_affinity_propagation" file="sklearn/cluster/tests/test_affinity_propagation.py" line="219" name="test_affinity_propagation_convergence_warning_dense_sparse[centers0]" time="0.016"></testcase><testcase classname="sklearn.cluster.tests.test_affinity_propagation" file="sklearn/cluster/tests/test_affinity_propagation.py" line="219" name="test_affinity_propagation_convergence_warning_dense_sparse[centers1]" time="0.007"></testcase><testcase classname="sklearn.cluster.tests.test_affinity_propagation" file="sklearn/cluster/tests/test_affinity_propagation.py" line="235" name="test_affinity_propagation_float32" time="0.005"></testcase><testcase classname="sklearn.cluster.tests.test_bicluster" file="sklearn/cluster/tests/test_bicluster.py" line="36" name="test_get_submatrix" time="0.004"></testcase><testcase classname="sklearn.cluster.tests.test_bicluster" file="sklearn/cluster/tests/test_bicluster.py" line="62" name="test_spectral_coclustering" time="0.275"></testcase><testcase classname="sklearn.cluster.tests.test_bicluster" file="sklearn/cluster/tests/test_bicluster.py" line="90" name="test_spectral_biclustering" time="1.030"></testcase><testcase classname="sklearn.cluster.tests.test_bicluster" file="sklearn/cluster/tests/test_bicluster.py" line="153" name="test_scale_normalize" time="0.010"></testcase><testcase classname="sklearn.cluster.tests.test_bicluster" file="sklearn/cluster/tests/test_bicluster.py" line="163" name="test_bistochastic_normalize" time="0.011"></testcase><testcase classname="sklearn.cluster.tests.test_bicluster" file="sklearn/cluster/tests/test_bicluster.py" line="173" name="test_log_normalize" time="0.003"></testcase><testcase classname="sklearn.cluster.tests.test_bicluster" file="sklearn/cluster/tests/test_bicluster.py" line="182" name="test_fit_best_piecewise" time="0.062"></testcase><testcase classname="sklearn.cluster.tests.test_bicluster" file="sklearn/cluster/tests/test_bicluster.py" line="191" name="test_project_and_cluster" time="0.047"></testcase><testcase classname="sklearn.cluster.tests.test_bicluster" file="sklearn/cluster/tests/test_bicluster.py" line="206" name="test_perfect_checkerboard" time="0.746"></testcase><testcase classname="sklearn.cluster.tests.test_bicluster" file="sklearn/cluster/tests/test_bicluster.py" line="229" name="test_errors[args0]" time="0.001"></testcase><testcase classname="sklearn.cluster.tests.test_bicluster" file="sklearn/cluster/tests/test_bicluster.py" line="229" name="test_errors[args1]" time="0.001"></testcase><testcase classname="sklearn.cluster.tests.test_bicluster" file="sklearn/cluster/tests/test_bicluster.py" line="229" name="test_errors[args2]" time="0.001"></testcase><testcase classname="sklearn.cluster.tests.test_bicluster" file="sklearn/cluster/tests/test_bicluster.py" line="229" name="test_errors[args3]" time="0.003"></testcase><testcase classname="sklearn.cluster.tests.test_bicluster" file="sklearn/cluster/tests/test_bicluster.py" line="229" name="test_errors[args4]" time="0.001"></testcase><testcase classname="sklearn.cluster.tests.test_bicluster" file="sklearn/cluster/tests/test_bicluster.py" line="229" name="test_errors[args5]" time="0.001"></testcase><testcase classname="sklearn.cluster.tests.test_bicluster" file="sklearn/cluster/tests/test_bicluster.py" line="229" name="test_errors[args6]" time="0.002"></testcase><testcase classname="sklearn.cluster.tests.test_bicluster" file="sklearn/cluster/tests/test_bicluster.py" line="229" name="test_errors[args7]" time="0.002"></testcase><testcase classname="sklearn.cluster.tests.test_bicluster" file="sklearn/cluster/tests/test_bicluster.py" line="248" name="test_wrong_shape" time="0.001"></testcase><testcase classname="sklearn.cluster.tests.test_bicluster" file="sklearn/cluster/tests/test_bicluster.py" line="255" name="test_n_features_in_[est0]" time="0.131"></testcase><testcase classname="sklearn.cluster.tests.test_bicluster" file="sklearn/cluster/tests/test_bicluster.py" line="255" name="test_n_features_in_[est1]" time="0.027"></testcase><testcase classname="sklearn.cluster.tests.test_bicluster" file="sklearn/cluster/tests/test_bicluster.py" line="266" name="test_n_jobs_deprecated[None-SpectralBiclustering]" time="0.269"></testcase><testcase classname="sklearn.cluster.tests.test_bicluster" file="sklearn/cluster/tests/test_bicluster.py" line="266" name="test_n_jobs_deprecated[None-SpectralCoclustering]" time="0.029"></testcase><testcase classname="sklearn.cluster.tests.test_bicluster" file="sklearn/cluster/tests/test_bicluster.py" line="266" name="test_n_jobs_deprecated[1-SpectralBiclustering]" time="0.186"></testcase><testcase classname="sklearn.cluster.tests.test_bicluster" file="sklearn/cluster/tests/test_bicluster.py" line="266" name="test_n_jobs_deprecated[1-SpectralCoclustering]" time="0.018"></testcase><testcase classname="sklearn.cluster.tests.test_birch" file="sklearn/cluster/tests/test_birch.py" line="22" name="test_n_samples_leaves_roots" time="0.002"></testcase><testcase classname="sklearn.cluster.tests.test_birch" file="sklearn/cluster/tests/test_birch.py" line="34" name="test_partial_fit" time="0.010"></testcase><testcase classname="sklearn.cluster.tests.test_birch" file="sklearn/cluster/tests/test_birch.py" line="52" name="test_birch_predict" time="0.009"></testcase><testcase classname="sklearn.cluster.tests.test_birch" file="sklearn/cluster/tests/test_birch.py" line="70" name="test_n_clusters" time="0.016"></testcase><testcase classname="sklearn.cluster.tests.test_birch" file="sklearn/cluster/tests/test_birch.py" line="97" name="test_sparse_X" time="0.014"></testcase><testcase classname="sklearn.cluster.tests.test_birch" file="sklearn/cluster/tests/test_birch.py" line="112" name="test_partial_fit_second_call_error_checks" time="0.007"></testcase><testcase classname="sklearn.cluster.tests.test_birch" file="sklearn/cluster/tests/test_birch.py" line="132" name="test_branching_factor" time="0.047"></testcase><testcase classname="sklearn.cluster.tests.test_birch" file="sklearn/cluster/tests/test_birch.py" line="163" name="test_threshold" time="0.009"></testcase><testcase classname="sklearn.cluster.tests.test_birch" file="sklearn/cluster/tests/test_birch.py" line="175" name="test_birch_n_clusters_long_int" time="0.005"></testcase><testcase classname="sklearn.cluster.tests.test_dbscan" file="sklearn/cluster/tests/test_dbscan.py" line="27" name="test_dbscan_similarity" time="0.003"></testcase><testcase classname="sklearn.cluster.tests.test_dbscan" file="sklearn/cluster/tests/test_dbscan.py" line="50" name="test_dbscan_feature" time="0.006"></testcase><testcase classname="sklearn.cluster.tests.test_dbscan" file="sklearn/cluster/tests/test_dbscan.py" line="73" name="test_dbscan_sparse" time="0.009"></testcase><testcase classname="sklearn.cluster.tests.test_dbscan" file="sklearn/cluster/tests/test_dbscan.py" line="81" name="test_dbscan_sparse_precomputed[False]" time="0.013"></testcase><testcase classname="sklearn.cluster.tests.test_dbscan" file="sklearn/cluster/tests/test_dbscan.py" line="81" name="test_dbscan_sparse_precomputed[True]" time="0.007"></testcase><testcase classname="sklearn.cluster.tests.test_dbscan" file="sklearn/cluster/tests/test_dbscan.py" line="99" name="test_dbscan_sparse_precomputed_different_eps" time="0.013"></testcase><testcase classname="sklearn.cluster.tests.test_dbscan" file="sklearn/cluster/tests/test_dbscan.py" line="116" name="test_dbscan_input_not_modified[precomputed-True]" time="0.006"></testcase><testcase classname="sklearn.cluster.tests.test_dbscan" file="sklearn/cluster/tests/test_dbscan.py" line="116" name="test_dbscan_input_not_modified[precomputed-False]" time="0.002"></testcase><testcase classname="sklearn.cluster.tests.test_dbscan" file="sklearn/cluster/tests/test_dbscan.py" line="116" name="test_dbscan_input_not_modified[minkowski-True]" time="0.006"></testcase><testcase classname="sklearn.cluster.tests.test_dbscan" file="sklearn/cluster/tests/test_dbscan.py" line="116" name="test_dbscan_input_not_modified[minkowski-False]" time="0.003"></testcase><testcase classname="sklearn.cluster.tests.test_dbscan" file="sklearn/cluster/tests/test_dbscan.py" line="131" name="test_dbscan_no_core_samples" time="0.005"></testcase><testcase classname="sklearn.cluster.tests.test_dbscan" file="sklearn/cluster/tests/test_dbscan.py" line="143" name="test_dbscan_callable" time="0.190"></testcase><testcase classname="sklearn.cluster.tests.test_dbscan" file="sklearn/cluster/tests/test_dbscan.py" line="169" name="test_dbscan_metric_params" time="0.007"></testcase><testcase classname="sklearn.cluster.tests.test_dbscan" file="sklearn/cluster/tests/test_dbscan.py" line="215" name="test_dbscan_balltree" time="0.014"></testcase><testcase classname="sklearn.cluster.tests.test_dbscan" file="sklearn/cluster/tests/test_dbscan.py" line="254" name="test_input_validation" time="0.004"></testcase><testcase classname="sklearn.cluster.tests.test_dbscan" file="sklearn/cluster/tests/test_dbscan.py" line="260" name="test_dbscan_badargs[args0]" time="0.003"></testcase><testcase classname="sklearn.cluster.tests.test_dbscan" file="sklearn/cluster/tests/test_dbscan.py" line="260" name="test_dbscan_badargs[args1]" time="0.002"></testcase><testcase classname="sklearn.cluster.tests.test_dbscan" file="sklearn/cluster/tests/test_dbscan.py" line="260" name="test_dbscan_badargs[args2]" time="0.002"></testcase><testcase classname="sklearn.cluster.tests.test_dbscan" file="sklearn/cluster/tests/test_dbscan.py" line="260" name="test_dbscan_badargs[args3]" time="0.004"></testcase><testcase classname="sklearn.cluster.tests.test_dbscan" file="sklearn/cluster/tests/test_dbscan.py" line="260" name="test_dbscan_badargs[args4]" time="0.003"></testcase><testcase classname="sklearn.cluster.tests.test_dbscan" file="sklearn/cluster/tests/test_dbscan.py" line="271" name="test_pickle" time="0.003"></testcase><testcase classname="sklearn.cluster.tests.test_dbscan" file="sklearn/cluster/tests/test_dbscan.py" line="277" name="test_boundaries" time="0.004"></testcase><testcase classname="sklearn.cluster.tests.test_dbscan" file="sklearn/cluster/tests/test_dbscan.py" line="288" name="test_weighted_dbscan" time="0.036"></testcase><testcase classname="sklearn.cluster.tests.test_dbscan" file="sklearn/cluster/tests/test_dbscan.py" line="354" name="test_dbscan_core_samples_toy[brute]" time="0.007"></testcase><testcase classname="sklearn.cluster.tests.test_dbscan" file="sklearn/cluster/tests/test_dbscan.py" line="354" name="test_dbscan_core_samples_toy[kd_tree]" time="0.012"></testcase><testcase classname="sklearn.cluster.tests.test_dbscan" file="sklearn/cluster/tests/test_dbscan.py" line="354" name="test_dbscan_core_samples_toy[ball_tree]" time="0.013"></testcase><testcase classname="sklearn.cluster.tests.test_dbscan" file="sklearn/cluster/tests/test_dbscan.py" line="388" name="test_dbscan_precomputed_metric_with_degenerate_input_arrays" time="0.003"></testcase><testcase classname="sklearn.cluster.tests.test_dbscan" file="sklearn/cluster/tests/test_dbscan.py" line="400" name="test_dbscan_precomputed_metric_with_initial_rows_zero" time="0.018"></testcase><testcase classname="sklearn.cluster.tests.test_feature_agglomeration" file="sklearn/cluster/tests/test_feature_agglomeration.py" line="10" name="test_feature_agglomeration" time="0.006"></testcase><testcase classname="sklearn.cluster.tests.test_hierarchical" file="sklearn/cluster/tests/test_hierarchical.py" line="39" name="test_linkage_misc" time="0.012"></testcase><testcase classname="sklearn.cluster.tests.test_hierarchical" file="sklearn/cluster/tests/test_hierarchical.py" line="66" name="test_structured_linkage_tree" time="0.058"></testcase><testcase classname="sklearn.cluster.tests.test_hierarchical" file="sklearn/cluster/tests/test_hierarchical.py" line="88" name="test_unstructured_linkage_tree" time="0.012"></testcase><testcase classname="sklearn.cluster.tests.test_hierarchical" file="sklearn/cluster/tests/test_hierarchical.py" line="111" name="test_height_linkage_tree" time="0.052"></testcase><testcase classname="sklearn.cluster.tests.test_hierarchical" file="sklearn/cluster/tests/test_hierarchical.py" line="124" name="test_agglomerative_clustering_wrong_arg_memory" time="0.003"></testcase><testcase classname="sklearn.cluster.tests.test_hierarchical" file="sklearn/cluster/tests/test_hierarchical.py" line="136" name="test_zero_cosine_linkage_tree" time="0.001"></testcase><testcase classname="sklearn.cluster.tests.test_hierarchical" file="sklearn/cluster/tests/test_hierarchical.py" line="145" name="test_agglomerative_clustering_distances[ward-True-None-0.5]" time="0.014"></testcase><testcase classname="sklearn.cluster.tests.test_hierarchical" file="sklearn/cluster/tests/test_hierarchical.py" line="145" name="test_agglomerative_clustering_distances[ward-True-10-None]" time="0.016"></testcase><testcase classname="sklearn.cluster.tests.test_hierarchical" file="sklearn/cluster/tests/test_hierarchical.py" line="145" name="test_agglomerative_clustering_distances[ward-False-None-0.5]" time="0.023"></testcase><testcase classname="sklearn.cluster.tests.test_hierarchical" file="sklearn/cluster/tests/test_hierarchical.py" line="145" name="test_agglomerative_clustering_distances[ward-False-10-None]" time="0.017"></testcase><testcase classname="sklearn.cluster.tests.test_hierarchical" file="sklearn/cluster/tests/test_hierarchical.py" line="145" name="test_agglomerative_clustering_distances[complete-True-None-0.5]" time="0.021"></testcase><testcase classname="sklearn.cluster.tests.test_hierarchical" file="sklearn/cluster/tests/test_hierarchical.py" line="145" name="test_agglomerative_clustering_distances[complete-True-10-None]" time="0.022"></testcase><testcase classname="sklearn.cluster.tests.test_hierarchical" file="sklearn/cluster/tests/test_hierarchical.py" line="145" name="test_agglomerative_clustering_distances[complete-False-None-0.5]" time="0.020"></testcase><testcase classname="sklearn.cluster.tests.test_hierarchical" file="sklearn/cluster/tests/test_hierarchical.py" line="145" name="test_agglomerative_clustering_distances[complete-False-10-None]" time="0.020"></testcase><testcase classname="sklearn.cluster.tests.test_hierarchical" file="sklearn/cluster/tests/test_hierarchical.py" line="145" name="test_agglomerative_clustering_distances[average-True-None-0.5]" time="0.019"></testcase><testcase classname="sklearn.cluster.tests.test_hierarchical" file="sklearn/cluster/tests/test_hierarchical.py" line="145" name="test_agglomerative_clustering_distances[average-True-10-None]" time="0.026"></testcase><testcase classname="sklearn.cluster.tests.test_hierarchical" file="sklearn/cluster/tests/test_hierarchical.py" line="145" name="test_agglomerative_clustering_distances[average-False-None-0.5]" time="0.023"></testcase><testcase classname="sklearn.cluster.tests.test_hierarchical" file="sklearn/cluster/tests/test_hierarchical.py" line="145" name="test_agglomerative_clustering_distances[average-False-10-None]" time="0.021"></testcase><testcase classname="sklearn.cluster.tests.test_hierarchical" file="sklearn/cluster/tests/test_hierarchical.py" line="145" name="test_agglomerative_clustering_distances[single-True-None-0.5]" time="0.010"></testcase><testcase classname="sklearn.cluster.tests.test_hierarchical" file="sklearn/cluster/tests/test_hierarchical.py" line="145" name="test_agglomerative_clustering_distances[single-True-10-None]" time="0.014"></testcase><testcase classname="sklearn.cluster.tests.test_hierarchical" file="sklearn/cluster/tests/test_hierarchical.py" line="145" name="test_agglomerative_clustering_distances[single-False-None-0.5]" time="0.020"></testcase><testcase classname="sklearn.cluster.tests.test_hierarchical" file="sklearn/cluster/tests/test_hierarchical.py" line="145" name="test_agglomerative_clustering_distances[single-False-10-None]" time="0.013"></testcase><testcase classname="sklearn.cluster.tests.test_hierarchical" file="sklearn/cluster/tests/test_hierarchical.py" line="176" name="test_agglomerative_clustering" time="0.302"></testcase><testcase classname="sklearn.cluster.tests.test_hierarchical" file="sklearn/cluster/tests/test_hierarchical.py" line="266" name="test_ward_agglomeration" time="0.008"></testcase><testcase classname="sklearn.cluster.tests.test_hierarchical" file="sklearn/cluster/tests/test_hierarchical.py" line="287" name="test_single_linkage_clustering" time="0.006"></testcase><testcase classname="sklearn.cluster.tests.test_hierarchical" file="sklearn/cluster/tests/test_hierarchical.py" line="315" name="test_sparse_scikit_vs_scipy" time="0.046"></testcase><testcase classname="sklearn.cluster.tests.test_hierarchical" file="sklearn/cluster/tests/test_hierarchical.py" line="352" name="test_vector_scikit_single_vs_scipy_single[0]" time="0.002"></testcase><testcase classname="sklearn.cluster.tests.test_hierarchical" file="sklearn/cluster/tests/test_hierarchical.py" line="352" name="test_vector_scikit_single_vs_scipy_single[1]" time="0.002"></testcase><testcase classname="sklearn.cluster.tests.test_hierarchical" file="sklearn/cluster/tests/test_hierarchical.py" line="352" name="test_vector_scikit_single_vs_scipy_single[2]" time="0.003"></testcase><testcase classname="sklearn.cluster.tests.test_hierarchical" file="sklearn/cluster/tests/test_hierarchical.py" line="352" name="test_vector_scikit_single_vs_scipy_single[3]" time="0.002"></testcase><testcase classname="sklearn.cluster.tests.test_hierarchical" file="sklearn/cluster/tests/test_hierarchical.py" line="352" name="test_vector_scikit_single_vs_scipy_single[4]" time="0.003"></testcase><testcase classname="sklearn.cluster.tests.test_hierarchical" file="sklearn/cluster/tests/test_hierarchical.py" line="377" name="test_identical_points" time="0.031"></testcase><testcase classname="sklearn.cluster.tests.test_hierarchical" file="sklearn/cluster/tests/test_hierarchical.py" line="400" name="test_connectivity_propagation" time="0.005"></testcase><testcase classname="sklearn.cluster.tests.test_hierarchical" file="sklearn/cluster/tests/test_hierarchical.py" line="416" name="test_ward_tree_children_order" time="0.020"></testcase><testcase classname="sklearn.cluster.tests.test_hierarchical" file="sklearn/cluster/tests/test_hierarchical.py" line="436" name="test_ward_linkage_tree_return_distance" time="0.090"></testcase><testcase classname="sklearn.cluster.tests.test_hierarchical" file="sklearn/cluster/tests/test_hierarchical.py" line="543" name="test_connectivity_fixing_non_lil" time="0.003"></testcase><testcase classname="sklearn.cluster.tests.test_hierarchical" file="sklearn/cluster/tests/test_hierarchical.py" line="555" name="test_int_float_dict" time="0.001"></testcase><testcase classname="sklearn.cluster.tests.test_hierarchical" file="sklearn/cluster/tests/test_hierarchical.py" line="572" name="test_connectivity_callable" time="0.012"></testcase><testcase classname="sklearn.cluster.tests.test_hierarchical" file="sklearn/cluster/tests/test_hierarchical.py" line="585" name="test_connectivity_ignores_diagonal" time="0.009"></testcase><testcase classname="sklearn.cluster.tests.test_hierarchical" file="sklearn/cluster/tests/test_hierarchical.py" line="597" name="test_compute_full_tree" time="0.026"></testcase><testcase classname="sklearn.cluster.tests.test_hierarchical" file="sklearn/cluster/tests/test_hierarchical.py" line="624" name="test_n_components" time="0.031"></testcase><testcase classname="sklearn.cluster.tests.test_hierarchical" file="sklearn/cluster/tests/test_hierarchical.py" line="636" name="test_agg_n_clusters" time="0.002"></testcase><testcase classname="sklearn.cluster.tests.test_hierarchical" file="sklearn/cluster/tests/test_hierarchical.py" line="648" name="test_affinity_passed_to_fix_connectivity" time="0.004"></testcase><testcase classname="sklearn.cluster.tests.test_hierarchical" file="sklearn/cluster/tests/test_hierarchical.py" line="675" name="test_agglomerative_clustering_with_distance_threshold[ward]" time="0.024"></testcase><testcase classname="sklearn.cluster.tests.test_hierarchical" file="sklearn/cluster/tests/test_hierarchical.py" line="675" name="test_agglomerative_clustering_with_distance_threshold[complete]" time="0.023"></testcase><testcase classname="sklearn.cluster.tests.test_hierarchical" file="sklearn/cluster/tests/test_hierarchical.py" line="675" name="test_agglomerative_clustering_with_distance_threshold[average]" time="0.025"></testcase><testcase classname="sklearn.cluster.tests.test_hierarchical" file="sklearn/cluster/tests/test_hierarchical.py" line="712" name="test_small_distance_threshold" time="0.003"></testcase><testcase classname="sklearn.cluster.tests.test_hierarchical" file="sklearn/cluster/tests/test_hierarchical.py" line="730" name="test_cluster_distances_with_distance_threshold" time="0.007"></testcase><testcase classname="sklearn.cluster.tests.test_hierarchical" file="sklearn/cluster/tests/test_hierarchical.py" line="756" name="test_agglomerative_clustering_with_distance_threshold_edge_case[0.5-y_true0-ward]" time="0.002"></testcase><testcase classname="sklearn.cluster.tests.test_hierarchical" file="sklearn/cluster/tests/test_hierarchical.py" line="756" name="test_agglomerative_clustering_with_distance_threshold_edge_case[0.5-y_true0-complete]" time="0.002"></testcase><testcase classname="sklearn.cluster.tests.test_hierarchical" file="sklearn/cluster/tests/test_hierarchical.py" line="756" name="test_agglomerative_clustering_with_distance_threshold_edge_case[0.5-y_true0-average]" time="0.002"></testcase><testcase classname="sklearn.cluster.tests.test_hierarchical" file="sklearn/cluster/tests/test_hierarchical.py" line="756" name="test_agglomerative_clustering_with_distance_threshold_edge_case[1.0-y_true1-ward]" time="0.004"></testcase><testcase classname="sklearn.cluster.tests.test_hierarchical" file="sklearn/cluster/tests/test_hierarchical.py" line="756" name="test_agglomerative_clustering_with_distance_threshold_edge_case[1.0-y_true1-complete]" time="0.002"></testcase><testcase classname="sklearn.cluster.tests.test_hierarchical" file="sklearn/cluster/tests/test_hierarchical.py" line="756" name="test_agglomerative_clustering_with_distance_threshold_edge_case[1.0-y_true1-average]" time="0.003"></testcase><testcase classname="sklearn.cluster.tests.test_hierarchical" file="sklearn/cluster/tests/test_hierarchical.py" line="756" name="test_agglomerative_clustering_with_distance_threshold_edge_case[1.5-y_true2-ward]" time="0.003"></testcase><testcase classname="sklearn.cluster.tests.test_hierarchical" file="sklearn/cluster/tests/test_hierarchical.py" line="756" name="test_agglomerative_clustering_with_distance_threshold_edge_case[1.5-y_true2-complete]" time="0.003"></testcase><testcase classname="sklearn.cluster.tests.test_hierarchical" file="sklearn/cluster/tests/test_hierarchical.py" line="756" name="test_agglomerative_clustering_with_distance_threshold_edge_case[1.5-y_true2-average]" time="0.002"></testcase><testcase classname="sklearn.cluster.tests.test_hierarchical" file="sklearn/cluster/tests/test_hierarchical.py" line="771" name="test_dist_threshold_invalid_parameters" time="0.004"></testcase><testcase classname="sklearn.cluster.tests.test_hierarchical" file="sklearn/cluster/tests/test_hierarchical.py" line="788" name="test_invalid_shape_precomputed_dist_matrix" time="0.003"></testcase><testcase classname="sklearn.cluster.tests.test_k_means" file="sklearn/cluster/tests/test_k_means.py" line="49" name="test_kmeans_results[float32-full-dense]" time="0.050"></testcase><testcase classname="sklearn.cluster.tests.test_k_means" file="sklearn/cluster/tests/test_k_means.py" line="49" name="test_kmeans_results[float32-full-sparse]" time="0.009"></testcase><testcase classname="sklearn.cluster.tests.test_k_means" file="sklearn/cluster/tests/test_k_means.py" line="49" name="test_kmeans_results[float32-elkan-dense]" time="0.003"></testcase><testcase classname="sklearn.cluster.tests.test_k_means" file="sklearn/cluster/tests/test_k_means.py" line="49" name="test_kmeans_results[float32-elkan-sparse]" time="0.004"></testcase><testcase classname="sklearn.cluster.tests.test_k_means" file="sklearn/cluster/tests/test_k_means.py" line="49" name="test_kmeans_results[float64-full-dense]" time="0.005"></testcase><testcase classname="sklearn.cluster.tests.test_k_means" file="sklearn/cluster/tests/test_k_means.py" line="49" name="test_kmeans_results[float64-full-sparse]" time="0.009"></testcase><testcase classname="sklearn.cluster.tests.test_k_means" file="sklearn/cluster/tests/test_k_means.py" line="49" name="test_kmeans_results[float64-elkan-dense]" time="0.003"></testcase><testcase classname="sklearn.cluster.tests.test_k_means" file="sklearn/cluster/tests/test_k_means.py" line="49" name="test_kmeans_results[float64-elkan-sparse]" time="0.006"></testcase><testcase classname="sklearn.cluster.tests.test_k_means" file="sklearn/cluster/tests/test_k_means.py" line="74" name="test_kmeans_relocated_clusters[full-dense]" time="0.004"></testcase><testcase classname="sklearn.cluster.tests.test_k_means" file="sklearn/cluster/tests/test_k_means.py" line="74" name="test_kmeans_relocated_clusters[full-sparse]" time="0.008"></testcase><testcase classname="sklearn.cluster.tests.test_k_means" file="sklearn/cluster/tests/test_k_means.py" line="74" name="test_kmeans_relocated_clusters[elkan-dense]" time="0.003"></testcase><testcase classname="sklearn.cluster.tests.test_k_means" file="sklearn/cluster/tests/test_k_means.py" line="74" name="test_kmeans_relocated_clusters[elkan-sparse]" time="0.005"></testcase><testcase classname="sklearn.cluster.tests.test_k_means" file="sklearn/cluster/tests/test_k_means.py" line="98" name="test_relocate_empty_clusters[dense]" time="0.002"></testcase><testcase classname="sklearn.cluster.tests.test_k_means" file="sklearn/cluster/tests/test_k_means.py" line="98" name="test_relocate_empty_clusters[sparse]" time="0.003"></testcase><testcase classname="sklearn.cluster.tests.test_k_means" file="sklearn/cluster/tests/test_k_means.py" line="135" name="test_kmeans_elkan_results[0.01-dense-normal]" time="0.042"></testcase><testcase classname="sklearn.cluster.tests.test_k_means" file="sklearn/cluster/tests/test_k_means.py" line="135" name="test_kmeans_elkan_results[0.01-dense-blobs]" time="0.022"></testcase><testcase classname="sklearn.cluster.tests.test_k_means" file="sklearn/cluster/tests/test_k_means.py" line="135" name="test_kmeans_elkan_results[0.01-sparse-normal]" time="0.071"></testcase><testcase classname="sklearn.cluster.tests.test_k_means" file="sklearn/cluster/tests/test_k_means.py" line="135" name="test_kmeans_elkan_results[0.01-sparse-blobs]" time="0.036"></testcase><testcase classname="sklearn.cluster.tests.test_k_means" file="sklearn/cluster/tests/test_k_means.py" line="135" name="test_kmeans_elkan_results[1e-08-dense-normal]" time="0.083"></testcase><testcase classname="sklearn.cluster.tests.test_k_means" file="sklearn/cluster/tests/test_k_means.py" line="135" name="test_kmeans_elkan_results[1e-08-dense-blobs]" time="0.017"></testcase><testcase classname="sklearn.cluster.tests.test_k_means" file="sklearn/cluster/tests/test_k_means.py" line="135" name="test_kmeans_elkan_results[1e-08-sparse-normal]" time="0.100"></testcase><testcase classname="sklearn.cluster.tests.test_k_means" file="sklearn/cluster/tests/test_k_means.py" line="135" name="test_kmeans_elkan_results[1e-08-sparse-blobs]" time="0.021"></testcase><testcase classname="sklearn.cluster.tests.test_k_means" file="sklearn/cluster/tests/test_k_means.py" line="135" name="test_kmeans_elkan_results[1e-100-dense-normal]" time="0.068"></testcase><testcase classname="sklearn.cluster.tests.test_k_means" file="sklearn/cluster/tests/test_k_means.py" line="135" name="test_kmeans_elkan_results[1e-100-dense-blobs]" time="0.011"></testcase><testcase classname="sklearn.cluster.tests.test_k_means" file="sklearn/cluster/tests/test_k_means.py" line="135" name="test_kmeans_elkan_results[1e-100-sparse-normal]" time="0.091"></testcase><testcase classname="sklearn.cluster.tests.test_k_means" file="sklearn/cluster/tests/test_k_means.py" line="135" name="test_kmeans_elkan_results[1e-100-sparse-blobs]" time="0.021"></testcase><testcase classname="sklearn.cluster.tests.test_k_means" file="sklearn/cluster/tests/test_k_means.py" line="135" name="test_kmeans_elkan_results[0-dense-normal]" time="0.065"></testcase><testcase classname="sklearn.cluster.tests.test_k_means" file="sklearn/cluster/tests/test_k_means.py" line="135" name="test_kmeans_elkan_results[0-dense-blobs]" time="0.010"></testcase><testcase classname="sklearn.cluster.tests.test_k_means" file="sklearn/cluster/tests/test_k_means.py" line="135" name="test_kmeans_elkan_results[0-sparse-normal]" time="0.090"></testcase><testcase classname="sklearn.cluster.tests.test_k_means" file="sklearn/cluster/tests/test_k_means.py" line="135" name="test_kmeans_elkan_results[0-sparse-blobs]" time="0.024"></testcase><testcase classname="sklearn.cluster.tests.test_k_means" file="sklearn/cluster/tests/test_k_means.py" line="162" name="test_kmeans_convergence[full]" time="0.042"></testcase><testcase classname="sklearn.cluster.tests.test_k_means" file="sklearn/cluster/tests/test_k_means.py" line="162" name="test_kmeans_convergence[elkan]" time="0.054"></testcase><testcase classname="sklearn.cluster.tests.test_k_means" file="sklearn/cluster/tests/test_k_means.py" line="175" name="test_minibatch_update_consistency" time="0.003"></testcase><testcase classname="sklearn.cluster.tests.test_k_means" file="sklearn/cluster/tests/test_k_means.py" line="256" name="test_all_init[KMeans-random-dense]" time="0.017"></testcase><testcase classname="sklearn.cluster.tests.test_k_means" file="sklearn/cluster/tests/test_k_means.py" line="256" name="test_all_init[KMeans-random-sparse]" time="0.025"></testcase><testcase classname="sklearn.cluster.tests.test_k_means" file="sklearn/cluster/tests/test_k_means.py" line="256" name="test_all_init[KMeans-k-means++-dense]" time="0.025"></testcase><testcase classname="sklearn.cluster.tests.test_k_means" file="sklearn/cluster/tests/test_k_means.py" line="256" name="test_all_init[KMeans-k-means++-sparse]" time="0.052"></testcase><testcase classname="sklearn.cluster.tests.test_k_means" file="sklearn/cluster/tests/test_k_means.py" line="256" name="test_all_init[KMeans-ndarray-dense]" time="0.004"></testcase><testcase classname="sklearn.cluster.tests.test_k_means" file="sklearn/cluster/tests/test_k_means.py" line="256" name="test_all_init[KMeans-ndarray-sparse]" time="0.005"></testcase><testcase classname="sklearn.cluster.tests.test_k_means" file="sklearn/cluster/tests/test_k_means.py" line="256" name="test_all_init[KMeans-callable-dense]" time="0.006"></testcase><testcase classname="sklearn.cluster.tests.test_k_means" file="sklearn/cluster/tests/test_k_means.py" line="256" name="test_all_init[KMeans-callable-sparse]" time="0.005"></testcase><testcase classname="sklearn.cluster.tests.test_k_means" file="sklearn/cluster/tests/test_k_means.py" line="256" name="test_all_init[MiniBatchKMeans-random-dense]" time="0.019"></testcase><testcase classname="sklearn.cluster.tests.test_k_means" file="sklearn/cluster/tests/test_k_means.py" line="256" name="test_all_init[MiniBatchKMeans-random-sparse]" time="0.024"></testcase><testcase classname="sklearn.cluster.tests.test_k_means" file="sklearn/cluster/tests/test_k_means.py" line="256" name="test_all_init[MiniBatchKMeans-k-means++-dense]" time="0.040"></testcase><testcase classname="sklearn.cluster.tests.test_k_means" file="sklearn/cluster/tests/test_k_means.py" line="256" name="test_all_init[MiniBatchKMeans-k-means++-sparse]" time="0.061"></testcase><testcase classname="sklearn.cluster.tests.test_k_means" file="sklearn/cluster/tests/test_k_means.py" line="256" name="test_all_init[MiniBatchKMeans-ndarray-dense]" time="0.007"></testcase><testcase classname="sklearn.cluster.tests.test_k_means" file="sklearn/cluster/tests/test_k_means.py" line="256" name="test_all_init[MiniBatchKMeans-ndarray-sparse]" time="0.010"></testcase><testcase classname="sklearn.cluster.tests.test_k_means" file="sklearn/cluster/tests/test_k_means.py" line="256" name="test_all_init[MiniBatchKMeans-callable-dense]" time="0.011"></testcase><testcase classname="sklearn.cluster.tests.test_k_means" file="sklearn/cluster/tests/test_k_means.py" line="256" name="test_all_init[MiniBatchKMeans-callable-sparse]" time="0.010"></testcase><testcase classname="sklearn.cluster.tests.test_k_means" file="sklearn/cluster/tests/test_k_means.py" line="269" name="test_minibatch_kmeans_partial_fit_init[random]" time="0.088"></testcase><testcase classname="sklearn.cluster.tests.test_k_means" file="sklearn/cluster/tests/test_k_means.py" line="269" name="test_minibatch_kmeans_partial_fit_init[k-means++]" time="0.073"></testcase><testcase classname="sklearn.cluster.tests.test_k_means" file="sklearn/cluster/tests/test_k_means.py" line="269" name="test_minibatch_kmeans_partial_fit_init[ndarray]" time="0.073"></testcase><testcase classname="sklearn.cluster.tests.test_k_means" file="sklearn/cluster/tests/test_k_means.py" line="269" name="test_minibatch_kmeans_partial_fit_init[callable]" time="0.073"></testcase><testcase classname="sklearn.cluster.tests.test_k_means" file="sklearn/cluster/tests/test_k_means.py" line="281" name="test_fortran_aligned_data[KMeans]" time="0.003"></testcase><testcase classname="sklearn.cluster.tests.test_k_means" file="sklearn/cluster/tests/test_k_means.py" line="281" name="test_fortran_aligned_data[MiniBatchKMeans]" time="0.013"></testcase><testcase classname="sklearn.cluster.tests.test_k_means" file="sklearn/cluster/tests/test_k_means.py" line="295" name="test_k_means_fit_predict[0-2-1e-07-asarray-float32-full]" time="0.002"><skipped message="Known failures on MacOS, See https://github.com/scikit-learn/scikit-learn/issues/12644" type="pytest.xfail"></skipped></testcase><testcase classname="sklearn.cluster.tests.test_k_means" file="sklearn/cluster/tests/test_k_means.py" line="295" name="test_k_means_fit_predict[0-2-1e-07-asarray-float32-elkan]" time="0.002"><skipped message="Known failures on MacOS, See https://github.com/scikit-learn/scikit-learn/issues/12644" type="pytest.xfail"></skipped></testcase><testcase classname="sklearn.cluster.tests.test_k_means" file="sklearn/cluster/tests/test_k_means.py" line="295" name="test_k_means_fit_predict[0-2-1e-07-asarray-float64-full]" time="0.001"><skipped message="Known failures on MacOS, See https://github.com/scikit-learn/scikit-learn/issues/12644" type="pytest.xfail"></skipped></testcase><testcase classname="sklearn.cluster.tests.test_k_means" file="sklearn/cluster/tests/test_k_means.py" line="295" name="test_k_means_fit_predict[0-2-1e-07-asarray-float64-elkan]" time="0.001"><skipped message="Known failures on MacOS, See https://github.com/scikit-learn/scikit-learn/issues/12644" type="pytest.xfail"></skipped></testcase><testcase classname="sklearn.cluster.tests.test_k_means" file="sklearn/cluster/tests/test_k_means.py" line="295" name="test_k_means_fit_predict[0-2-1e-07-csr_matrix-float32-full]" time="0.002"><skipped message="Known failures on MacOS, See https://github.com/scikit-learn/scikit-learn/issues/12644" type="pytest.xfail"></skipped></testcase><testcase classname="sklearn.cluster.tests.test_k_means" file="sklearn/cluster/tests/test_k_means.py" line="295" name="test_k_means_fit_predict[0-2-1e-07-csr_matrix-float32-elkan]" time="0.004"><skipped message="Known failures on MacOS, See https://github.com/scikit-learn/scikit-learn/issues/12644" type="pytest.xfail"></skipped></testcase><testcase classname="sklearn.cluster.tests.test_k_means" file="sklearn/cluster/tests/test_k_means.py" line="295" name="test_k_means_fit_predict[0-2-1e-07-csr_matrix-float64-full]" time="0.001"><skipped message="Known failures on MacOS, See https://github.com/scikit-learn/scikit-learn/issues/12644" type="pytest.xfail"></skipped></testcase><testcase classname="sklearn.cluster.tests.test_k_means" file="sklearn/cluster/tests/test_k_means.py" line="295" name="test_k_means_fit_predict[0-2-1e-07-csr_matrix-float64-elkan]" time="0.003"><skipped message="Known failures on MacOS, See https://github.com/scikit-learn/scikit-learn/issues/12644" type="pytest.xfail"></skipped></testcase><testcase classname="sklearn.cluster.tests.test_k_means" file="sklearn/cluster/tests/test_k_means.py" line="295" name="test_k_means_fit_predict[1-2-0.1-asarray-float32-full]" time="0.001"><skipped message="Known failures on MacOS, See https://github.com/scikit-learn/scikit-learn/issues/12644" type="pytest.xfail"></skipped></testcase><testcase classname="sklearn.cluster.tests.test_k_means" file="sklearn/cluster/tests/test_k_means.py" line="295" name="test_k_means_fit_predict[1-2-0.1-asarray-float32-elkan]" time="0.001"><skipped message="Known failures on MacOS, See https://github.com/scikit-learn/scikit-learn/issues/12644" type="pytest.xfail"></skipped></testcase><testcase classname="sklearn.cluster.tests.test_k_means" file="sklearn/cluster/tests/test_k_means.py" line="295" name="test_k_means_fit_predict[1-2-0.1-asarray-float64-full]" time="0.001"><skipped message="Known failures on MacOS, See https://github.com/scikit-learn/scikit-learn/issues/12644" type="pytest.xfail"></skipped></testcase><testcase classname="sklearn.cluster.tests.test_k_means" file="sklearn/cluster/tests/test_k_means.py" line="295" name="test_k_means_fit_predict[1-2-0.1-asarray-float64-elkan]" time="0.001"><skipped message="Known failures on MacOS, See https://github.com/scikit-learn/scikit-learn/issues/12644" type="pytest.xfail"></skipped></testcase><testcase classname="sklearn.cluster.tests.test_k_means" file="sklearn/cluster/tests/test_k_means.py" line="295" name="test_k_means_fit_predict[1-2-0.1-csr_matrix-float32-full]" time="0.001"><skipped message="Known failures on MacOS, See https://github.com/scikit-learn/scikit-learn/issues/12644" type="pytest.xfail"></skipped></testcase><testcase classname="sklearn.cluster.tests.test_k_means" file="sklearn/cluster/tests/test_k_means.py" line="295" name="test_k_means_fit_predict[1-2-0.1-csr_matrix-float32-elkan]" time="0.004"><skipped message="Known failures on MacOS, See https://github.com/scikit-learn/scikit-learn/issues/12644" type="pytest.xfail"></skipped></testcase><testcase classname="sklearn.cluster.tests.test_k_means" file="sklearn/cluster/tests/test_k_means.py" line="295" name="test_k_means_fit_predict[1-2-0.1-csr_matrix-float64-full]" time="0.002"><skipped message="Known failures on MacOS, See https://github.com/scikit-learn/scikit-learn/issues/12644" type="pytest.xfail"></skipped></testcase><testcase classname="sklearn.cluster.tests.test_k_means" file="sklearn/cluster/tests/test_k_means.py" line="295" name="test_k_means_fit_predict[1-2-0.1-csr_matrix-float64-elkan]" time="0.001"><skipped message="Known failures on MacOS, See https://github.com/scikit-learn/scikit-learn/issues/12644" type="pytest.xfail"></skipped></testcase><testcase classname="sklearn.cluster.tests.test_k_means" file="sklearn/cluster/tests/test_k_means.py" line="295" name="test_k_means_fit_predict[3-300-1e-07-asarray-float32-full]" time="0.002"><skipped message="Known failures on MacOS, See https://github.com/scikit-learn/scikit-learn/issues/12644" type="pytest.xfail"></skipped></testcase><testcase classname="sklearn.cluster.tests.test_k_means" file="sklearn/cluster/tests/test_k_means.py" line="295" name="test_k_means_fit_predict[3-300-1e-07-asarray-float32-elkan]" time="0.002"><skipped message="Known failures on MacOS, See https://github.com/scikit-learn/scikit-learn/issues/12644" type="pytest.xfail"></skipped></testcase><testcase classname="sklearn.cluster.tests.test_k_means" file="sklearn/cluster/tests/test_k_means.py" line="295" name="test_k_means_fit_predict[3-300-1e-07-asarray-float64-full]" time="0.001"><skipped message="Known failures on MacOS, See https://github.com/scikit-learn/scikit-learn/issues/12644" type="pytest.xfail"></skipped></testcase><testcase classname="sklearn.cluster.tests.test_k_means" file="sklearn/cluster/tests/test_k_means.py" line="295" name="test_k_means_fit_predict[3-300-1e-07-asarray-float64-elkan]" time="0.001"><skipped message="Known failures on MacOS, See https://github.com/scikit-learn/scikit-learn/issues/12644" type="pytest.xfail"></skipped></testcase><testcase classname="sklearn.cluster.tests.test_k_means" file="sklearn/cluster/tests/test_k_means.py" line="295" name="test_k_means_fit_predict[3-300-1e-07-csr_matrix-float32-full]" time="0.001"><skipped message="Known failures on MacOS, See https://github.com/scikit-learn/scikit-learn/issues/12644" type="pytest.xfail"></skipped></testcase><testcase classname="sklearn.cluster.tests.test_k_means" file="sklearn/cluster/tests/test_k_means.py" line="295" name="test_k_means_fit_predict[3-300-1e-07-csr_matrix-float32-elkan]" time="0.001"><skipped message="Known failures on MacOS, See https://github.com/scikit-learn/scikit-learn/issues/12644" type="pytest.xfail"></skipped></testcase><testcase classname="sklearn.cluster.tests.test_k_means" file="sklearn/cluster/tests/test_k_means.py" line="295" name="test_k_means_fit_predict[3-300-1e-07-csr_matrix-float64-full]" time="0.001"><skipped message="Known failures on MacOS, See https://github.com/scikit-learn/scikit-learn/issues/12644" type="pytest.xfail"></skipped></testcase><testcase classname="sklearn.cluster.tests.test_k_means" file="sklearn/cluster/tests/test_k_means.py" line="295" name="test_k_means_fit_predict[3-300-1e-07-csr_matrix-float64-elkan]" time="0.001"><skipped message="Known failures on MacOS, See https://github.com/scikit-learn/scikit-learn/issues/12644" type="pytest.xfail"></skipped></testcase><testcase classname="sklearn.cluster.tests.test_k_means" file="sklearn/cluster/tests/test_k_means.py" line="295" name="test_k_means_fit_predict[4-300-0.1-asarray-float32-full]" time="0.001"><skipped message="Known failures on MacOS, See https://github.com/scikit-learn/scikit-learn/issues/12644" type="pytest.xfail"></skipped></testcase><testcase classname="sklearn.cluster.tests.test_k_means" file="sklearn/cluster/tests/test_k_means.py" line="295" name="test_k_means_fit_predict[4-300-0.1-asarray-float32-elkan]" time="0.001"><skipped message="Known failures on MacOS, See https://github.com/scikit-learn/scikit-learn/issues/12644" type="pytest.xfail"></skipped></testcase><testcase classname="sklearn.cluster.tests.test_k_means" file="sklearn/cluster/tests/test_k_means.py" line="295" name="test_k_means_fit_predict[4-300-0.1-asarray-float64-full]" time="0.002"><skipped message="Known failures on MacOS, See https://github.com/scikit-learn/scikit-learn/issues/12644" type="pytest.xfail"></skipped></testcase><testcase classname="sklearn.cluster.tests.test_k_means" file="sklearn/cluster/tests/test_k_means.py" line="295" name="test_k_means_fit_predict[4-300-0.1-asarray-float64-elkan]" time="0.002"><skipped message="Known failures on MacOS, See https://github.com/scikit-learn/scikit-learn/issues/12644" type="pytest.xfail"></skipped></testcase><testcase classname="sklearn.cluster.tests.test_k_means" file="sklearn/cluster/tests/test_k_means.py" line="295" name="test_k_means_fit_predict[4-300-0.1-csr_matrix-float32-full]" time="0.002"><skipped message="Known failures on MacOS, See https://github.com/scikit-learn/scikit-learn/issues/12644" type="pytest.xfail"></skipped></testcase><testcase classname="sklearn.cluster.tests.test_k_means" file="sklearn/cluster/tests/test_k_means.py" line="295" name="test_k_means_fit_predict[4-300-0.1-csr_matrix-float32-elkan]" time="0.002"><skipped message="Known failures on MacOS, See https://github.com/scikit-learn/scikit-learn/issues/12644" type="pytest.xfail"></skipped></testcase><testcase classname="sklearn.cluster.tests.test_k_means" file="sklearn/cluster/tests/test_k_means.py" line="295" name="test_k_means_fit_predict[4-300-0.1-csr_matrix-float64-full]" time="0.001"><skipped message="Known failures on MacOS, See https://github.com/scikit-learn/scikit-learn/issues/12644" type="pytest.xfail"></skipped></testcase><testcase classname="sklearn.cluster.tests.test_k_means" file="sklearn/cluster/tests/test_k_means.py" line="295" name="test_k_means_fit_predict[4-300-0.1-csr_matrix-float64-elkan]" time="0.002"><skipped message="Known failures on MacOS, See https://github.com/scikit-learn/scikit-learn/issues/12644" type="pytest.xfail"></skipped></testcase><testcase classname="sklearn.cluster.tests.test_k_means" file="sklearn/cluster/tests/test_k_means.py" line="337" name="test_minibatch_kmeans_verbose" time="0.025"></testcase><testcase classname="sklearn.cluster.tests.test_k_means" file="sklearn/cluster/tests/test_k_means.py" line="348" name="test_kmeans_verbose[0.01-full]" time="0.027"></testcase><testcase classname="sklearn.cluster.tests.test_k_means" file="sklearn/cluster/tests/test_k_means.py" line="348" name="test_kmeans_verbose[0.01-elkan]" time="0.037"></testcase><testcase classname="sklearn.cluster.tests.test_k_means" file="sklearn/cluster/tests/test_k_means.py" line="348" name="test_kmeans_verbose[0-full]" time="0.072"></testcase><testcase classname="sklearn.cluster.tests.test_k_means" file="sklearn/cluster/tests/test_k_means.py" line="348" name="test_kmeans_verbose[0-elkan]" time="0.078"></testcase><testcase classname="sklearn.cluster.tests.test_k_means" file="sklearn/cluster/tests/test_k_means.py" line="368" name="test_minibatch_kmeans_warning_init_size" time="0.062"></testcase><testcase classname="sklearn.cluster.tests.test_k_means" file="sklearn/cluster/tests/test_k_means.py" line="375" name="test_warning_n_init_precomputed_centers[KMeans]" time="0.003"></testcase><testcase classname="sklearn.cluster.tests.test_k_means" file="sklearn/cluster/tests/test_k_means.py" line="375" name="test_warning_n_init_precomputed_centers[MiniBatchKMeans]" time="0.017"></testcase><testcase classname="sklearn.cluster.tests.test_k_means" file="sklearn/cluster/tests/test_k_means.py" line="385" name="test_minibatch_sensible_reassign" time="0.229"></testcase><testcase classname="sklearn.cluster.tests.test_k_means" file="sklearn/cluster/tests/test_k_means.py" line="412" name="test_minibatch_reassign" time="0.088"></testcase><testcase classname="sklearn.cluster.tests.test_k_means" file="sklearn/cluster/tests/test_k_means.py" line="457" name="test_minibatch_with_many_reassignments" time="1.898"></testcase><testcase classname="sklearn.cluster.tests.test_k_means" file="sklearn/cluster/tests/test_k_means.py" line="474" name="test_minibatch_kmeans_init_size" time="0.109"></testcase><testcase classname="sklearn.cluster.tests.test_k_means" file="sklearn/cluster/tests/test_k_means.py" line="491" name="test_kmeans_copyx" time="0.059"></testcase><testcase classname="sklearn.cluster.tests.test_k_means" file="sklearn/cluster/tests/test_k_means.py" line="502" name="test_score_max_iter[KMeans]" time="0.030"></testcase><testcase classname="sklearn.cluster.tests.test_k_means" file="sklearn/cluster/tests/test_k_means.py" line="502" name="test_score_max_iter[MiniBatchKMeans]" time="0.055"></testcase><testcase classname="sklearn.cluster.tests.test_k_means" file="sklearn/cluster/tests/test_k_means.py" line="515" name="test_predict[KMeans-full-random-float32-dense]" time="0.004"><skipped message="Known failures on MacOS, See https://github.com/scikit-learn/scikit-learn/issues/12644" type="pytest.xfail"></skipped></testcase><testcase classname="sklearn.cluster.tests.test_k_means" file="sklearn/cluster/tests/test_k_means.py" line="515" name="test_predict[KMeans-full-random-float32-sparse]" time="0.003"><skipped message="Known failures on MacOS, See https://github.com/scikit-learn/scikit-learn/issues/12644" type="pytest.xfail"></skipped></testcase><testcase classname="sklearn.cluster.tests.test_k_means" file="sklearn/cluster/tests/test_k_means.py" line="515" name="test_predict[KMeans-full-random-float64-dense]" time="0.002"><skipped message="Known failures on MacOS, See https://github.com/scikit-learn/scikit-learn/issues/12644" type="pytest.xfail"></skipped></testcase><testcase classname="sklearn.cluster.tests.test_k_means" file="sklearn/cluster/tests/test_k_means.py" line="515" name="test_predict[KMeans-full-random-float64-sparse]" time="0.002"><skipped message="Known failures on MacOS, See https://github.com/scikit-learn/scikit-learn/issues/12644" type="pytest.xfail"></skipped></testcase><testcase classname="sklearn.cluster.tests.test_k_means" file="sklearn/cluster/tests/test_k_means.py" line="515" name="test_predict[KMeans-full-k-means++-float32-dense]" time="0.003"><skipped message="Known failures on MacOS, See https://github.com/scikit-learn/scikit-learn/issues/12644" type="pytest.xfail"></skipped></testcase><testcase classname="sklearn.cluster.tests.test_k_means" file="sklearn/cluster/tests/test_k_means.py" line="515" name="test_predict[KMeans-full-k-means++-float32-sparse]" time="0.005"><skipped message="Known failures on MacOS, See https://github.com/scikit-learn/scikit-learn/issues/12644" type="pytest.xfail"></skipped></testcase><testcase classname="sklearn.cluster.tests.test_k_means" file="sklearn/cluster/tests/test_k_means.py" line="515" name="test_predict[KMeans-full-k-means++-float64-dense]" time="0.001"><skipped message="Known failures on MacOS, See https://github.com/scikit-learn/scikit-learn/issues/12644" type="pytest.xfail"></skipped></testcase><testcase classname="sklearn.cluster.tests.test_k_means" file="sklearn/cluster/tests/test_k_means.py" line="515" name="test_predict[KMeans-full-k-means++-float64-sparse]" time="0.001"><skipped message="Known failures on MacOS, See https://github.com/scikit-learn/scikit-learn/issues/12644" type="pytest.xfail"></skipped></testcase><testcase classname="sklearn.cluster.tests.test_k_means" file="sklearn/cluster/tests/test_k_means.py" line="515" name="test_predict[KMeans-elkan-random-float32-dense]" time="0.002"><skipped message="Known failures on MacOS, See https://github.com/scikit-learn/scikit-learn/issues/12644" type="pytest.xfail"></skipped></testcase><testcase classname="sklearn.cluster.tests.test_k_means" file="sklearn/cluster/tests/test_k_means.py" line="515" name="test_predict[KMeans-elkan-random-float32-sparse]" time="0.001"><skipped message="Known failures on MacOS, See https://github.com/scikit-learn/scikit-learn/issues/12644" type="pytest.xfail"></skipped></testcase><testcase classname="sklearn.cluster.tests.test_k_means" file="sklearn/cluster/tests/test_k_means.py" line="515" name="test_predict[KMeans-elkan-random-float64-dense]" time="0.001"><skipped message="Known failures on MacOS, See https://github.com/scikit-learn/scikit-learn/issues/12644" type="pytest.xfail"></skipped></testcase><testcase classname="sklearn.cluster.tests.test_k_means" file="sklearn/cluster/tests/test_k_means.py" line="515" name="test_predict[KMeans-elkan-random-float64-sparse]" time="0.002"><skipped message="Known failures on MacOS, See https://github.com/scikit-learn/scikit-learn/issues/12644" type="pytest.xfail"></skipped></testcase><testcase classname="sklearn.cluster.tests.test_k_means" file="sklearn/cluster/tests/test_k_means.py" line="515" name="test_predict[KMeans-elkan-k-means++-float32-dense]" time="0.002"><skipped message="Known failures on MacOS, See https://github.com/scikit-learn/scikit-learn/issues/12644" type="pytest.xfail"></skipped></testcase><testcase classname="sklearn.cluster.tests.test_k_means" file="sklearn/cluster/tests/test_k_means.py" line="515" name="test_predict[KMeans-elkan-k-means++-float32-sparse]" time="0.002"><skipped message="Known failures on MacOS, See https://github.com/scikit-learn/scikit-learn/issues/12644" type="pytest.xfail"></skipped></testcase><testcase classname="sklearn.cluster.tests.test_k_means" file="sklearn/cluster/tests/test_k_means.py" line="515" name="test_predict[KMeans-elkan-k-means++-float64-dense]" time="0.003"><skipped message="Known failures on MacOS, See https://github.com/scikit-learn/scikit-learn/issues/12644" type="pytest.xfail"></skipped></testcase><testcase classname="sklearn.cluster.tests.test_k_means" file="sklearn/cluster/tests/test_k_means.py" line="515" name="test_predict[KMeans-elkan-k-means++-float64-sparse]" time="0.002"><skipped message="Known failures on MacOS, See https://github.com/scikit-learn/scikit-learn/issues/12644" type="pytest.xfail"></skipped></testcase><testcase classname="sklearn.cluster.tests.test_k_means" file="sklearn/cluster/tests/test_k_means.py" line="515" name="test_predict[MiniBatchKMeans-None-random-float32-dense]" time="0.002"><skipped message="Known failures on MacOS, See https://github.com/scikit-learn/scikit-learn/issues/12644" type="pytest.xfail"></skipped></testcase><testcase classname="sklearn.cluster.tests.test_k_means" file="sklearn/cluster/tests/test_k_means.py" line="515" name="test_predict[MiniBatchKMeans-None-random-float32-sparse]" time="0.001"><skipped message="Known failures on MacOS, See https://github.com/scikit-learn/scikit-learn/issues/12644" type="pytest.xfail"></skipped></testcase><testcase classname="sklearn.cluster.tests.test_k_means" file="sklearn/cluster/tests/test_k_means.py" line="515" name="test_predict[MiniBatchKMeans-None-random-float64-dense]" time="0.001"><skipped message="Known failures on MacOS, See https://github.com/scikit-learn/scikit-learn/issues/12644" type="pytest.xfail"></skipped></testcase><testcase classname="sklearn.cluster.tests.test_k_means" file="sklearn/cluster/tests/test_k_means.py" line="515" name="test_predict[MiniBatchKMeans-None-random-float64-sparse]" time="0.002"><skipped message="Known failures on MacOS, See https://github.com/scikit-learn/scikit-learn/issues/12644" type="pytest.xfail"></skipped></testcase><testcase classname="sklearn.cluster.tests.test_k_means" file="sklearn/cluster/tests/test_k_means.py" line="515" name="test_predict[MiniBatchKMeans-None-k-means++-float32-dense]" time="0.004"><skipped message="Known failures on MacOS, See https://github.com/scikit-learn/scikit-learn/issues/12644" type="pytest.xfail"></skipped></testcase><testcase classname="sklearn.cluster.tests.test_k_means" file="sklearn/cluster/tests/test_k_means.py" line="515" name="test_predict[MiniBatchKMeans-None-k-means++-float32-sparse]" time="0.003"><skipped message="Known failures on MacOS, See https://github.com/scikit-learn/scikit-learn/issues/12644" type="pytest.xfail"></skipped></testcase><testcase classname="sklearn.cluster.tests.test_k_means" file="sklearn/cluster/tests/test_k_means.py" line="515" name="test_predict[MiniBatchKMeans-None-k-means++-float64-dense]" time="0.003"><skipped message="Known failures on MacOS, See https://github.com/scikit-learn/scikit-learn/issues/12644" type="pytest.xfail"></skipped></testcase><testcase classname="sklearn.cluster.tests.test_k_means" file="sklearn/cluster/tests/test_k_means.py" line="515" name="test_predict[MiniBatchKMeans-None-k-means++-float64-sparse]" time="0.004"><skipped message="Known failures on MacOS, See https://github.com/scikit-learn/scikit-learn/issues/12644" type="pytest.xfail"></skipped></testcase><testcase classname="sklearn.cluster.tests.test_k_means" file="sklearn/cluster/tests/test_k_means.py" line="584" name="test_predict_dense_sparse[KMeans-random]" time="0.107"></testcase><testcase classname="sklearn.cluster.tests.test_k_means" file="sklearn/cluster/tests/test_k_means.py" line="584" name="test_predict_dense_sparse[KMeans-k-means++]" time="0.192"></testcase><testcase classname="sklearn.cluster.tests.test_k_means" file="sklearn/cluster/tests/test_k_means.py" line="584" name="test_predict_dense_sparse[KMeans-ndarray]" time="0.018"></testcase><testcase classname="sklearn.cluster.tests.test_k_means" file="sklearn/cluster/tests/test_k_means.py" line="584" name="test_predict_dense_sparse[MiniBatchKMeans-random]" time="0.074"></testcase><testcase classname="sklearn.cluster.tests.test_k_means" file="sklearn/cluster/tests/test_k_means.py" line="584" name="test_predict_dense_sparse[MiniBatchKMeans-k-means++]" time="0.223"></testcase><testcase classname="sklearn.cluster.tests.test_k_means" file="sklearn/cluster/tests/test_k_means.py" line="584" name="test_predict_dense_sparse[MiniBatchKMeans-ndarray]" time="0.035"></testcase><testcase classname="sklearn.cluster.tests.test_k_means" file="sklearn/cluster/tests/test_k_means.py" line="601" name="test_integer_input[KMeans-k-means++-int32-dense]" time="0.038"></testcase><testcase classname="sklearn.cluster.tests.test_k_means" file="sklearn/cluster/tests/test_k_means.py" line="601" name="test_integer_input[KMeans-k-means++-int32-sparse]" time="0.049"></testcase><testcase classname="sklearn.cluster.tests.test_k_means" file="sklearn/cluster/tests/test_k_means.py" line="601" name="test_integer_input[KMeans-k-means++-int64-dense]" time="0.023"></testcase><testcase classname="sklearn.cluster.tests.test_k_means" file="sklearn/cluster/tests/test_k_means.py" line="601" name="test_integer_input[KMeans-k-means++-int64-sparse]" time="0.049"></testcase><testcase classname="sklearn.cluster.tests.test_k_means" file="sklearn/cluster/tests/test_k_means.py" line="601" name="test_integer_input[KMeans-ndarray-int32-dense]" time="0.006"></testcase><testcase classname="sklearn.cluster.tests.test_k_means" file="sklearn/cluster/tests/test_k_means.py" line="601" name="test_integer_input[KMeans-ndarray-int32-sparse]" time="0.011"></testcase><testcase classname="sklearn.cluster.tests.test_k_means" file="sklearn/cluster/tests/test_k_means.py" line="601" name="test_integer_input[KMeans-ndarray-int64-dense]" time="0.008"></testcase><testcase classname="sklearn.cluster.tests.test_k_means" file="sklearn/cluster/tests/test_k_means.py" line="601" name="test_integer_input[KMeans-ndarray-int64-sparse]" time="0.007"></testcase><testcase classname="sklearn.cluster.tests.test_k_means" file="sklearn/cluster/tests/test_k_means.py" line="601" name="test_integer_input[MiniBatchKMeans-k-means++-int32-dense]" time="0.038"></testcase><testcase classname="sklearn.cluster.tests.test_k_means" file="sklearn/cluster/tests/test_k_means.py" line="601" name="test_integer_input[MiniBatchKMeans-k-means++-int32-sparse]" time="0.054"></testcase><testcase classname="sklearn.cluster.tests.test_k_means" file="sklearn/cluster/tests/test_k_means.py" line="601" name="test_integer_input[MiniBatchKMeans-k-means++-int64-dense]" time="0.021"></testcase><testcase classname="sklearn.cluster.tests.test_k_means" file="sklearn/cluster/tests/test_k_means.py" line="601" name="test_integer_input[MiniBatchKMeans-k-means++-int64-sparse]" time="0.051"></testcase><testcase classname="sklearn.cluster.tests.test_k_means" file="sklearn/cluster/tests/test_k_means.py" line="601" name="test_integer_input[MiniBatchKMeans-ndarray-int32-dense]" time="0.014"></testcase><testcase classname="sklearn.cluster.tests.test_k_means" file="sklearn/cluster/tests/test_k_means.py" line="601" name="test_integer_input[MiniBatchKMeans-ndarray-int32-sparse]" time="0.034"></testcase><testcase classname="sklearn.cluster.tests.test_k_means" file="sklearn/cluster/tests/test_k_means.py" line="601" name="test_integer_input[MiniBatchKMeans-ndarray-int64-dense]" time="0.016"></testcase><testcase classname="sklearn.cluster.tests.test_k_means" file="sklearn/cluster/tests/test_k_means.py" line="601" name="test_integer_input[MiniBatchKMeans-ndarray-int64-sparse]" time="0.026"></testcase><testcase classname="sklearn.cluster.tests.test_k_means" file="sklearn/cluster/tests/test_k_means.py" line="632" name="test_transform[KMeans]" time="0.033"></testcase><testcase classname="sklearn.cluster.tests.test_k_means" file="sklearn/cluster/tests/test_k_means.py" line="632" name="test_transform[MiniBatchKMeans]" time="0.011"></testcase><testcase classname="sklearn.cluster.tests.test_k_means" file="sklearn/cluster/tests/test_k_means.py" line="650" name="test_fit_transform[KMeans]" time="0.019"></testcase><testcase classname="sklearn.cluster.tests.test_k_means" file="sklearn/cluster/tests/test_k_means.py" line="650" name="test_fit_transform[MiniBatchKMeans]" time="0.060"></testcase><testcase classname="sklearn.cluster.tests.test_k_means" file="sklearn/cluster/tests/test_k_means.py" line="658" name="test_n_init" time="0.010"></testcase><testcase classname="sklearn.cluster.tests.test_k_means" file="sklearn/cluster/tests/test_k_means.py" line="669" name="test_k_means_function" time="0.029"></testcase><testcase classname="sklearn.cluster.tests.test_k_means" file="sklearn/cluster/tests/test_k_means.py" line="682" name="test_float_precision[KMeans-dense]" time="0.013"></testcase><testcase classname="sklearn.cluster.tests.test_k_means" file="sklearn/cluster/tests/test_k_means.py" line="682" name="test_float_precision[KMeans-sparse]" time="0.039"></testcase><testcase classname="sklearn.cluster.tests.test_k_means" file="sklearn/cluster/tests/test_k_means.py" line="682" name="test_float_precision[MiniBatchKMeans-dense]" time="0.043"></testcase><testcase classname="sklearn.cluster.tests.test_k_means" file="sklearn/cluster/tests/test_k_means.py" line="682" name="test_float_precision[MiniBatchKMeans-sparse]" time="0.041"></testcase><testcase classname="sklearn.cluster.tests.test_k_means" file="sklearn/cluster/tests/test_k_means.py" line="718" name="test_centers_not_mutated[KMeans-int32]" time="0.002"></testcase><testcase classname="sklearn.cluster.tests.test_k_means" file="sklearn/cluster/tests/test_k_means.py" line="718" name="test_centers_not_mutated[KMeans-int64]" time="0.002"></testcase><testcase classname="sklearn.cluster.tests.test_k_means" file="sklearn/cluster/tests/test_k_means.py" line="718" name="test_centers_not_mutated[KMeans-float32]" time="0.003"></testcase><testcase classname="sklearn.cluster.tests.test_k_means" file="sklearn/cluster/tests/test_k_means.py" line="718" name="test_centers_not_mutated[KMeans-float64]" time="0.002"></testcase><testcase classname="sklearn.cluster.tests.test_k_means" file="sklearn/cluster/tests/test_k_means.py" line="718" name="test_centers_not_mutated[MiniBatchKMeans-int32]" time="0.007"></testcase><testcase classname="sklearn.cluster.tests.test_k_means" file="sklearn/cluster/tests/test_k_means.py" line="718" name="test_centers_not_mutated[MiniBatchKMeans-int64]" time="0.007"></testcase><testcase classname="sklearn.cluster.tests.test_k_means" file="sklearn/cluster/tests/test_k_means.py" line="718" name="test_centers_not_mutated[MiniBatchKMeans-float32]" time="0.010"></testcase><testcase classname="sklearn.cluster.tests.test_k_means" file="sklearn/cluster/tests/test_k_means.py" line="718" name="test_centers_not_mutated[MiniBatchKMeans-float64]" time="0.007"></testcase><testcase classname="sklearn.cluster.tests.test_k_means" file="sklearn/cluster/tests/test_k_means.py" line="733" name="test_kmeans_init_fitted_centers[dense]" time="0.027"></testcase><testcase classname="sklearn.cluster.tests.test_k_means" file="sklearn/cluster/tests/test_k_means.py" line="733" name="test_kmeans_init_fitted_centers[sparse]" time="0.043"></testcase><testcase classname="sklearn.cluster.tests.test_k_means" file="sklearn/cluster/tests/test_k_means.py" line="744" name="test_kmeans_warns_less_centers_than_unique_points" time="0.019"></testcase><testcase classname="sklearn.cluster.tests.test_k_means" file="sklearn/cluster/tests/test_k_means.py" line="766" name="test_weighted_vs_repeated" time="0.004"></testcase><testcase classname="sklearn.cluster.tests.test_k_means" file="sklearn/cluster/tests/test_k_means.py" line="786" name="test_unit_weights_vs_no_weights[KMeans-dense]" time="0.010"></testcase><testcase classname="sklearn.cluster.tests.test_k_means" file="sklearn/cluster/tests/test_k_means.py" line="786" name="test_unit_weights_vs_no_weights[KMeans-sparse]" time="0.019"></testcase><testcase classname="sklearn.cluster.tests.test_k_means" file="sklearn/cluster/tests/test_k_means.py" line="786" name="test_unit_weights_vs_no_weights[MiniBatchKMeans-dense]" time="0.022"></testcase><testcase classname="sklearn.cluster.tests.test_k_means" file="sklearn/cluster/tests/test_k_means.py" line="786" name="test_unit_weights_vs_no_weights[MiniBatchKMeans-sparse]" time="0.036"></testcase><testcase classname="sklearn.cluster.tests.test_k_means" file="sklearn/cluster/tests/test_k_means.py" line="801" name="test_scaled_weights" time="0.067"></testcase><testcase classname="sklearn.cluster.tests.test_k_means" file="sklearn/cluster/tests/test_k_means.py" line="814" name="test_kmeans_elkan_iter_attribute" time="0.036"></testcase><testcase classname="sklearn.cluster.tests.test_k_means" file="sklearn/cluster/tests/test_k_means.py" line="821" name="test_kmeans_empty_cluster_relocated[dense]" time="0.003"></testcase><testcase classname="sklearn.cluster.tests.test_k_means" file="sklearn/cluster/tests/test_k_means.py" line="821" name="test_kmeans_empty_cluster_relocated[sparse]" time="0.003"></testcase><testcase classname="sklearn.cluster.tests.test_k_means" file="sklearn/cluster/tests/test_k_means.py" line="837" name="test_result_of_kmeans_equal_in_diff_n_threads" time="0.052"></testcase><testcase classname="sklearn.cluster.tests.test_k_means" file="sklearn/cluster/tests/test_k_means.py" line="852" name="test_precompute_distance_deprecated[auto]" time="0.003"></testcase><testcase classname="sklearn.cluster.tests.test_k_means" file="sklearn/cluster/tests/test_k_means.py" line="852" name="test_precompute_distance_deprecated[False]" time="0.005"></testcase><testcase classname="sklearn.cluster.tests.test_k_means" file="sklearn/cluster/tests/test_k_means.py" line="852" name="test_precompute_distance_deprecated[True]" time="0.003"></testcase><testcase classname="sklearn.cluster.tests.test_k_means" file="sklearn/cluster/tests/test_k_means.py" line="865" name="test_n_jobs_deprecated[None]" time="0.005"></testcase><testcase classname="sklearn.cluster.tests.test_k_means" file="sklearn/cluster/tests/test_k_means.py" line="865" name="test_n_jobs_deprecated[1]" time="0.003"></testcase><testcase classname="sklearn.cluster.tests.test_k_means" file="sklearn/cluster/tests/test_k_means.py" line="878" name="test_minibatch_kmeans_deprecated_attributes[counts_]" time="0.011"></testcase><testcase classname="sklearn.cluster.tests.test_k_means" file="sklearn/cluster/tests/test_k_means.py" line="878" name="test_minibatch_kmeans_deprecated_attributes[init_size_]" time="0.019"></testcase><testcase classname="sklearn.cluster.tests.test_k_means" file="sklearn/cluster/tests/test_k_means.py" line="878" name="test_minibatch_kmeans_deprecated_attributes[random_state_]" time="0.016"></testcase><testcase classname="sklearn.cluster.tests.test_k_means" file="sklearn/cluster/tests/test_k_means.py" line="891" name="test_warning_elkan_1_cluster" time="0.034"></testcase><testcase classname="sklearn.cluster.tests.test_k_means" file="sklearn/cluster/tests/test_k_means.py" line="899" name="test_k_means_1_iteration[full-dense]" time="0.005"></testcase><testcase classname="sklearn.cluster.tests.test_k_means" file="sklearn/cluster/tests/test_k_means.py" line="899" name="test_k_means_1_iteration[full-sparse]" time="0.007"></testcase><testcase classname="sklearn.cluster.tests.test_k_means" file="sklearn/cluster/tests/test_k_means.py" line="899" name="test_k_means_1_iteration[elkan-dense]" time="0.003"></testcase><testcase classname="sklearn.cluster.tests.test_k_means" file="sklearn/cluster/tests/test_k_means.py" line="899" name="test_k_means_1_iteration[elkan-sparse]" time="0.011"></testcase><testcase classname="sklearn.cluster.tests.test_k_means" file="sklearn/cluster/tests/test_k_means.py" line="928" name="test_euclidean_distance[True-float32]" time="0.002"></testcase><testcase classname="sklearn.cluster.tests.test_k_means" file="sklearn/cluster/tests/test_k_means.py" line="928" name="test_euclidean_distance[True-float64]" time="0.002"></testcase><testcase classname="sklearn.cluster.tests.test_k_means" file="sklearn/cluster/tests/test_k_means.py" line="928" name="test_euclidean_distance[False-float32]" time="0.002"></testcase><testcase classname="sklearn.cluster.tests.test_k_means" file="sklearn/cluster/tests/test_k_means.py" line="928" name="test_euclidean_distance[False-float64]" time="0.002"></testcase><testcase classname="sklearn.cluster.tests.test_k_means" file="sklearn/cluster/tests/test_k_means.py" line="952" name="test_inertia[float32]" time="0.009"></testcase><testcase classname="sklearn.cluster.tests.test_k_means" file="sklearn/cluster/tests/test_k_means.py" line="952" name="test_inertia[float64]" time="0.002"></testcase><testcase classname="sklearn.cluster.tests.test_k_means" file="sklearn/cluster/tests/test_k_means.py" line="973" name="test_sample_weight_unchanged[KMeans]" time="0.013"></testcase><testcase classname="sklearn.cluster.tests.test_k_means" file="sklearn/cluster/tests/test_k_means.py" line="973" name="test_sample_weight_unchanged[MiniBatchKMeans]" time="0.007"></testcase><testcase classname="sklearn.cluster.tests.test_k_means" file="sklearn/cluster/tests/test_k_means.py" line="983" name="test_wrong_params[param0-n_init should be &gt; 0-KMeans]" time="0.001"></testcase><testcase classname="sklearn.cluster.tests.test_k_means" file="sklearn/cluster/tests/test_k_means.py" line="983" name="test_wrong_params[param0-n_init should be &gt; 0-MiniBatchKMeans]" time="0.002"></testcase><testcase classname="sklearn.cluster.tests.test_k_means" file="sklearn/cluster/tests/test_k_means.py" line="983" name="test_wrong_params[param1-max_iter should be &gt; 0-KMeans]" time="0.003"></testcase><testcase classname="sklearn.cluster.tests.test_k_means" file="sklearn/cluster/tests/test_k_means.py" line="983" name="test_wrong_params[param1-max_iter should be &gt; 0-MiniBatchKMeans]" time="0.002"></testcase><testcase classname="sklearn.cluster.tests.test_k_means" file="sklearn/cluster/tests/test_k_means.py" line="983" name="test_wrong_params[param2-n_samples.* should be &gt;= n_clusters-KMeans]" time="0.002"></testcase><testcase classname="sklearn.cluster.tests.test_k_means" file="sklearn/cluster/tests/test_k_means.py" line="983" name="test_wrong_params[param2-n_samples.* should be &gt;= n_clusters-MiniBatchKMeans]" time="0.001"></testcase><testcase classname="sklearn.cluster.tests.test_k_means" file="sklearn/cluster/tests/test_k_means.py" line="983" name="test_wrong_params[param3-The shape of the initial centers .* does not match the number of clusters-KMeans]" time="0.004"></testcase><testcase classname="sklearn.cluster.tests.test_k_means" file="sklearn/cluster/tests/test_k_means.py" line="983" name="test_wrong_params[param3-The shape of the initial centers .* does not match the number of clusters-MiniBatchKMeans]" time="0.002"></testcase><testcase classname="sklearn.cluster.tests.test_k_means" file="sklearn/cluster/tests/test_k_means.py" line="983" name="test_wrong_params[param4-The shape of the initial centers .* does not match the number of clusters-KMeans]" time="0.002"></testcase><testcase classname="sklearn.cluster.tests.test_k_means" file="sklearn/cluster/tests/test_k_means.py" line="983" name="test_wrong_params[param4-The shape of the initial centers .* does not match the number of clusters-MiniBatchKMeans]" time="0.001"></testcase><testcase classname="sklearn.cluster.tests.test_k_means" file="sklearn/cluster/tests/test_k_means.py" line="983" name="test_wrong_params[param5-The shape of the initial centers .* does not match the number of features of the data-KMeans]" time="0.002"></testcase><testcase classname="sklearn.cluster.tests.test_k_means" file="sklearn/cluster/tests/test_k_means.py" line="983" name="test_wrong_params[param5-The shape of the initial centers .* does not match the number of features of the data-MiniBatchKMeans]" time="0.002"></testcase><testcase classname="sklearn.cluster.tests.test_k_means" file="sklearn/cluster/tests/test_k_means.py" line="983" name="test_wrong_params[param6-The shape of the initial centers .* does not match the number of features of the data-KMeans]" time="0.002"></testcase><testcase classname="sklearn.cluster.tests.test_k_means" file="sklearn/cluster/tests/test_k_means.py" line="983" name="test_wrong_params[param6-The shape of the initial centers .* does not match the number of features of the data-MiniBatchKMeans]" time="0.002"></testcase><testcase classname="sklearn.cluster.tests.test_k_means" file="sklearn/cluster/tests/test_k_means.py" line="983" name="test_wrong_params[param7-init should be either &apos;k-means\\+\\+&apos;, &apos;random&apos;, a ndarray or a callable-KMeans]" time="0.002"></testcase><testcase classname="sklearn.cluster.tests.test_k_means" file="sklearn/cluster/tests/test_k_means.py" line="983" name="test_wrong_params[param7-init should be either &apos;k-means\\+\\+&apos;, &apos;random&apos;, a ndarray or a callable-MiniBatchKMeans]" time="0.002"></testcase><testcase classname="sklearn.cluster.tests.test_k_means" file="sklearn/cluster/tests/test_k_means.py" line="1011" name="test_kmeans_wrong_params[param0-Algorithm must be &apos;auto&apos;, &apos;full&apos; or &apos;elkan&apos;]" time="0.001"></testcase><testcase classname="sklearn.cluster.tests.test_k_means" file="sklearn/cluster/tests/test_k_means.py" line="1021" name="test_minibatch_kmeans_wrong_params[param0-max_no_improvement should be &gt;= 0]" time="0.002"></testcase><testcase classname="sklearn.cluster.tests.test_k_means" file="sklearn/cluster/tests/test_k_means.py" line="1021" name="test_minibatch_kmeans_wrong_params[param1-batch_size should be &gt; 0]" time="0.001"></testcase><testcase classname="sklearn.cluster.tests.test_k_means" file="sklearn/cluster/tests/test_k_means.py" line="1021" name="test_minibatch_kmeans_wrong_params[param2-init_size should be &gt; 0]" time="0.001"></testcase><testcase classname="sklearn.cluster.tests.test_k_means" file="sklearn/cluster/tests/test_k_means.py" line="1021" name="test_minibatch_kmeans_wrong_params[param3-reassignment_ratio should be &gt;= 0]" time="0.001"></testcase><testcase classname="sklearn.cluster.tests.test_mean_shift" file="sklearn/cluster/tests/test_mean_shift.py" line="30" name="test_estimate_bandwidth" time="0.004"></testcase><testcase classname="sklearn.cluster.tests.test_mean_shift" file="sklearn/cluster/tests/test_mean_shift.py" line="36" name="test_estimate_bandwidth_1sample" time="0.002"></testcase><testcase classname="sklearn.cluster.tests.test_mean_shift" file="sklearn/cluster/tests/test_mean_shift.py" line="43" name="test_mean_shift[1.2-True-3-0]" time="4.346"></testcase><testcase classname="sklearn.cluster.tests.test_mean_shift" file="sklearn/cluster/tests/test_mean_shift.py" line="43" name="test_mean_shift[1.2-False-4--1]" time="1.675"></testcase><testcase classname="sklearn.cluster.tests.test_mean_shift" file="sklearn/cluster/tests/test_mean_shift.py" line="62" name="test_mean_shift_negative_bandwidth" time="0.001"></testcase><testcase classname="sklearn.cluster.tests.test_mean_shift" file="sklearn/cluster/tests/test_mean_shift.py" line="71" name="test_estimate_bandwidth_with_sparse_matrix" time="0.001"></testcase><testcase classname="sklearn.cluster.tests.test_mean_shift" file="sklearn/cluster/tests/test_mean_shift.py" line="78" name="test_parallel" time="3.333"></testcase><testcase classname="sklearn.cluster.tests.test_mean_shift" file="sklearn/cluster/tests/test_mean_shift.py" line="93" name="test_meanshift_predict" time="1.896"></testcase><testcase classname="sklearn.cluster.tests.test_mean_shift" file="sklearn/cluster/tests/test_mean_shift.py" line="101" name="test_meanshift_all_orphans" time="0.009"></testcase><testcase classname="sklearn.cluster.tests.test_mean_shift" file="sklearn/cluster/tests/test_mean_shift.py" line="108" name="test_unfitted" time="0.004"></testcase><testcase classname="sklearn.cluster.tests.test_mean_shift" file="sklearn/cluster/tests/test_mean_shift.py" line="115" name="test_cluster_intensity_tie" time="0.048"></testcase><testcase classname="sklearn.cluster.tests.test_mean_shift" file="sklearn/cluster/tests/test_mean_shift.py" line="127" name="test_bin_seeds" time="0.007"></testcase><testcase classname="sklearn.cluster.tests.test_mean_shift" file="sklearn/cluster/tests/test_mean_shift.py" line="161" name="test_max_iter[1]" time="1.965"></testcase><testcase classname="sklearn.cluster.tests.test_mean_shift" file="sklearn/cluster/tests/test_mean_shift.py" line="161" name="test_max_iter[100]" time="3.473"></testcase><testcase classname="sklearn.cluster.tests.test_mean_shift" file="sklearn/cluster/tests/test_mean_shift.py" line="174" name="test_mean_shift_zero_bandwidth" time="3.769"></testcase><testcase classname="sklearn.cluster.tests.test_optics" file="sklearn/cluster/tests/test_optics.py" line="32" name="test_extend_downward[r_plot0-3]" time="0.001"></testcase><testcase classname="sklearn.cluster.tests.test_optics" file="sklearn/cluster/tests/test_optics.py" line="32" name="test_extend_downward[r_plot1-0]" time="0.001"></testcase><testcase classname="sklearn.cluster.tests.test_optics" file="sklearn/cluster/tests/test_optics.py" line="32" name="test_extend_downward[r_plot2-4]" time="0.001"></testcase><testcase classname="sklearn.cluster.tests.test_optics" file="sklearn/cluster/tests/test_optics.py" line="32" name="test_extend_downward[r_plot3-4]" time="0.001"></testcase><testcase classname="sklearn.cluster.tests.test_optics" file="sklearn/cluster/tests/test_optics.py" line="49" name="test_extend_upward[r_plot0-6]" time="0.001"></testcase><testcase classname="sklearn.cluster.tests.test_optics" file="sklearn/cluster/tests/test_optics.py" line="49" name="test_extend_upward[r_plot1-0]" time="0.001"></testcase><testcase classname="sklearn.cluster.tests.test_optics" file="sklearn/cluster/tests/test_optics.py" line="49" name="test_extend_upward[r_plot2-0]" time="0.001"></testcase><testcase classname="sklearn.cluster.tests.test_optics" file="sklearn/cluster/tests/test_optics.py" line="49" name="test_extend_upward[r_plot3-2]" time="0.001"></testcase><testcase classname="sklearn.cluster.tests.test_optics" file="sklearn/cluster/tests/test_optics.py" line="66" name="test_the_extract_xi_labels[ordering0-clusters0-expected0]" time="0.001"></testcase><testcase classname="sklearn.cluster.tests.test_optics" file="sklearn/cluster/tests/test_optics.py" line="66" name="test_the_extract_xi_labels[ordering1-clusters1-expected1]" time="0.001"></testcase><testcase classname="sklearn.cluster.tests.test_optics" file="sklearn/cluster/tests/test_optics.py" line="66" name="test_the_extract_xi_labels[ordering2-clusters2-expected2]" time="0.001"></testcase><testcase classname="sklearn.cluster.tests.test_optics" file="sklearn/cluster/tests/test_optics.py" line="66" name="test_the_extract_xi_labels[ordering3-clusters3-expected3]" time="0.001"></testcase><testcase classname="sklearn.cluster.tests.test_optics" file="sklearn/cluster/tests/test_optics.py" line="79" name="test_extract_xi" time="0.076"></testcase><testcase classname="sklearn.cluster.tests.test_optics" file="sklearn/cluster/tests/test_optics.py" line="132" name="test_cluster_hierarchy_" time="0.118"></testcase><testcase classname="sklearn.cluster.tests.test_optics" file="sklearn/cluster/tests/test_optics.py" line="146" name="test_correct_number_of_clusters" time="0.060"></testcase><testcase classname="sklearn.cluster.tests.test_optics" file="sklearn/cluster/tests/test_optics.py" line="174" name="test_minimum_number_of_sample_check" time="0.001"></testcase><testcase classname="sklearn.cluster.tests.test_optics" file="sklearn/cluster/tests/test_optics.py" line="186" name="test_bad_extract" time="0.343"></testcase><testcase classname="sklearn.cluster.tests.test_optics" file="sklearn/cluster/tests/test_optics.py" line="200" name="test_bad_reachability" time="0.018"></testcase><testcase classname="sklearn.cluster.tests.test_optics" file="sklearn/cluster/tests/test_optics.py" line="211" name="test_close_extract" time="0.645"></testcase><testcase classname="sklearn.cluster.tests.test_optics" file="sklearn/cluster/tests/test_optics.py" line="225" name="test_dbscan_optics_parity[3-0.1]" time="0.578"></testcase><testcase classname="sklearn.cluster.tests.test_optics" file="sklearn/cluster/tests/test_optics.py" line="225" name="test_dbscan_optics_parity[3-0.3]" time="0.853"></testcase><testcase classname="sklearn.cluster.tests.test_optics" file="sklearn/cluster/tests/test_optics.py" line="225" name="test_dbscan_optics_parity[3-0.5]" time="0.670"></testcase><testcase classname="sklearn.cluster.tests.test_optics" file="sklearn/cluster/tests/test_optics.py" line="225" name="test_dbscan_optics_parity[10-0.1]" time="1.063"></testcase><testcase classname="sklearn.cluster.tests.test_optics" file="sklearn/cluster/tests/test_optics.py" line="225" name="test_dbscan_optics_parity[10-0.3]" time="1.047"></testcase><testcase classname="sklearn.cluster.tests.test_optics" file="sklearn/cluster/tests/test_optics.py" line="225" name="test_dbscan_optics_parity[10-0.5]" time="1.421"></testcase><testcase classname="sklearn.cluster.tests.test_optics" file="sklearn/cluster/tests/test_optics.py" line="225" name="test_dbscan_optics_parity[20-0.1]" time="1.665"></testcase><testcase classname="sklearn.cluster.tests.test_optics" file="sklearn/cluster/tests/test_optics.py" line="225" name="test_dbscan_optics_parity[20-0.3]" time="0.638"></testcase><testcase classname="sklearn.cluster.tests.test_optics" file="sklearn/cluster/tests/test_optics.py" line="225" name="test_dbscan_optics_parity[20-0.5]" time="0.550"></testcase><testcase classname="sklearn.cluster.tests.test_optics" file="sklearn/cluster/tests/test_optics.py" line="252" name="test_min_samples_edge_case" time="0.020"></testcase><testcase classname="sklearn.cluster.tests.test_optics" file="sklearn/cluster/tests/test_optics.py" line="279" name="test_min_cluster_size[2]" time="0.053"></testcase><testcase classname="sklearn.cluster.tests.test_optics" file="sklearn/cluster/tests/test_optics.py" line="293" name="test_min_cluster_size_invalid[0]" time="0.049"></testcase><testcase classname="sklearn.cluster.tests.test_optics" file="sklearn/cluster/tests/test_optics.py" line="293" name="test_min_cluster_size_invalid[-1]" time="0.045"></testcase><testcase classname="sklearn.cluster.tests.test_optics" file="sklearn/cluster/tests/test_optics.py" line="293" name="test_min_cluster_size_invalid[1.1]" time="0.044"></testcase><testcase classname="sklearn.cluster.tests.test_optics" file="sklearn/cluster/tests/test_optics.py" line="293" name="test_min_cluster_size_invalid[2.2]" time="0.050"></testcase><testcase classname="sklearn.cluster.tests.test_optics" file="sklearn/cluster/tests/test_optics.py" line="300" name="test_min_cluster_size_invalid2" time="0.048"></testcase><testcase classname="sklearn.cluster.tests.test_optics" file="sklearn/cluster/tests/test_optics.py" line="306" name="test_processing_order" time="0.004"></testcase><testcase classname="sklearn.cluster.tests.test_optics" file="sklearn/cluster/tests/test_optics.py" line="316" name="test_compare_to_ELKI" time="0.082"></testcase><testcase classname="sklearn.cluster.tests.test_optics" file="sklearn/cluster/tests/test_optics.py" line="398" name="test_wrong_cluster_method" time="0.001"></testcase><testcase classname="sklearn.cluster.tests.test_optics" file="sklearn/cluster/tests/test_optics.py" line="404" name="test_extract_dbscan" time="0.073"></testcase><testcase classname="sklearn.cluster.tests.test_optics" file="sklearn/cluster/tests/test_optics.py" line="419" name="test_precomputed_dists" time="0.035"></testcase><testcase classname="sklearn.cluster.tests.test_spectral" file="sklearn/cluster/tests/test_spectral.py" line="30" name="test_spectral_clustering[kmeans-arpack]" time="0.046"></testcase><testcase classname="sklearn.cluster.tests.test_spectral" file="sklearn/cluster/tests/test_spectral.py" line="30" name="test_spectral_clustering[kmeans-lobpcg]" time="0.046"></testcase><testcase classname="sklearn.cluster.tests.test_spectral" file="sklearn/cluster/tests/test_spectral.py" line="30" name="test_spectral_clustering[discretize-arpack]" time="0.016"></testcase><testcase classname="sklearn.cluster.tests.test_spectral" file="sklearn/cluster/tests/test_spectral.py" line="30" name="test_spectral_clustering[discretize-lobpcg]" time="0.017"></testcase><testcase classname="sklearn.cluster.tests.test_spectral" file="sklearn/cluster/tests/test_spectral.py" line="59" name="test_spectral_unknown_mode" time="0.008"></testcase><testcase classname="sklearn.cluster.tests.test_spectral" file="sklearn/cluster/tests/test_spectral.py" line="76" name="test_spectral_unknown_assign_labels" time="0.003"></testcase><testcase classname="sklearn.cluster.tests.test_spectral" file="sklearn/cluster/tests/test_spectral.py" line="93" name="test_spectral_clustering_sparse" time="0.029"></testcase><testcase classname="sklearn.cluster.tests.test_spectral" file="sklearn/cluster/tests/test_spectral.py" line="106" name="test_precomputed_nearest_neighbors_filtering" time="0.088"></testcase><testcase classname="sklearn.cluster.tests.test_spectral" file="sklearn/cluster/tests/test_spectral.py" line="125" name="test_affinities" time="0.213"></testcase><testcase classname="sklearn.cluster.tests.test_spectral" file="sklearn/cluster/tests/test_spectral.py" line="173" name="test_discretize[50]" time="0.028"></testcase><testcase classname="sklearn.cluster.tests.test_spectral" file="sklearn/cluster/tests/test_spectral.py" line="173" name="test_discretize[100]" time="0.041"></testcase><testcase classname="sklearn.cluster.tests.test_spectral" file="sklearn/cluster/tests/test_spectral.py" line="173" name="test_discretize[150]" time="0.034"></testcase><testcase classname="sklearn.cluster.tests.test_spectral" file="sklearn/cluster/tests/test_spectral.py" line="173" name="test_discretize[500]" time="0.037"></testcase><testcase classname="sklearn.cluster.tests.test_spectral" file="sklearn/cluster/tests/test_spectral.py" line="196" name="test_spectral_clustering_with_arpack_amg_solvers" time="0.060"></testcase><testcase classname="sklearn.cluster.tests.test_spectral" file="sklearn/cluster/tests/test_spectral.py" line="233" name="test_n_components" time="0.059"></testcase><testcase classname="sklearn.cluster.tests.test_spectral" file="sklearn/cluster/tests/test_spectral.py" line="253" name="test_verbose[kmeans]" time="0.017"></testcase><testcase classname="sklearn.cluster.tests.test_spectral" file="sklearn/cluster/tests/test_spectral.py" line="253" name="test_verbose[discretize]" time="0.018"></testcase><testcase classname="sklearn.compose._column_transformer" file="sklearn/compose/_column_transformer.py" line="40" name="sklearn.compose._column_transformer.ColumnTransformer" time="0.015"></testcase><testcase classname="sklearn.compose._column_transformer" file="sklearn/compose/_column_transformer.py" line="807" name="sklearn.compose._column_transformer.make_column_selector" time="0.010"></testcase><testcase classname="sklearn.compose._column_transformer" file="sklearn/compose/_column_transformer.py" line="703" name="sklearn.compose._column_transformer.make_column_transformer" time="0.011"></testcase><testcase classname="sklearn.compose._target" file="sklearn/compose/_target.py" line="19" name="sklearn.compose._target.TransformedTargetRegressor" time="0.023"></testcase><testcase classname="sklearn.compose.tests.test_column_transformer" file="sklearn/compose/tests/test_column_transformer.py" line="75" name="test_column_transformer" time="0.065"></testcase><testcase classname="sklearn.compose.tests.test_column_transformer" file="sklearn/compose/tests/test_column_transformer.py" line="136" name="test_column_transformer_dataframe" time="0.002"><skipped message="could not import &apos;pandas&apos;: No module named &apos;pandas&apos;" type="pytest.skip">/Users/alfaro96/Workspace/Python/scikit-learn/sklearn/compose/tests/test_column_transformer.py:138: could not import &apos;pandas&apos;: No module named &apos;pandas&apos;</skipped></testcase><testcase classname="sklearn.compose.tests.test_column_transformer" file="sklearn/compose/tests/test_column_transformer.py" line="259" name="test_column_transformer_empty_columns[False-list-pandas]" time="0.002"><skipped message="could not import &apos;pandas&apos;: No module named &apos;pandas&apos;" type="pytest.skip">/Users/alfaro96/Workspace/Python/scikit-learn/sklearn/compose/tests/test_column_transformer.py:273: could not import &apos;pandas&apos;: No module named &apos;pandas&apos;</skipped></testcase><testcase classname="sklearn.compose.tests.test_column_transformer" file="sklearn/compose/tests/test_column_transformer.py" line="259" name="test_column_transformer_empty_columns[False-list-numpy]" time="0.010"></testcase><testcase classname="sklearn.compose.tests.test_column_transformer" file="sklearn/compose/tests/test_column_transformer.py" line="259" name="test_column_transformer_empty_columns[False-bool-pandas]" time="0.001"><skipped message="could not import &apos;pandas&apos;: No module named &apos;pandas&apos;" type="pytest.skip">/Users/alfaro96/Workspace/Python/scikit-learn/sklearn/compose/tests/test_column_transformer.py:273: could not import &apos;pandas&apos;: No module named &apos;pandas&apos;</skipped></testcase><testcase classname="sklearn.compose.tests.test_column_transformer" file="sklearn/compose/tests/test_column_transformer.py" line="259" name="test_column_transformer_empty_columns[False-bool-numpy]" time="0.007"></testcase><testcase classname="sklearn.compose.tests.test_column_transformer" file="sklearn/compose/tests/test_column_transformer.py" line="259" name="test_column_transformer_empty_columns[False-bool_int-pandas]" time="0.002"><skipped message="could not import &apos;pandas&apos;: No module named &apos;pandas&apos;" type="pytest.skip">/Users/alfaro96/Workspace/Python/scikit-learn/sklearn/compose/tests/test_column_transformer.py:273: could not import &apos;pandas&apos;: No module named &apos;pandas&apos;</skipped></testcase><testcase classname="sklearn.compose.tests.test_column_transformer" file="sklearn/compose/tests/test_column_transformer.py" line="259" name="test_column_transformer_empty_columns[False-bool_int-numpy]" time="0.014"></testcase><testcase classname="sklearn.compose.tests.test_column_transformer" file="sklearn/compose/tests/test_column_transformer.py" line="259" name="test_column_transformer_empty_columns[True-list-pandas]" time="0.004"><skipped message="could not import &apos;pandas&apos;: No module named &apos;pandas&apos;" type="pytest.skip">/Users/alfaro96/Workspace/Python/scikit-learn/sklearn/compose/tests/test_column_transformer.py:273: could not import &apos;pandas&apos;: No module named &apos;pandas&apos;</skipped></testcase><testcase classname="sklearn.compose.tests.test_column_transformer" file="sklearn/compose/tests/test_column_transformer.py" line="259" name="test_column_transformer_empty_columns[True-list-numpy]" time="0.016"></testcase><testcase classname="sklearn.compose.tests.test_column_transformer" file="sklearn/compose/tests/test_column_transformer.py" line="259" name="test_column_transformer_empty_columns[True-bool-pandas]" time="0.003"><skipped message="could not import &apos;pandas&apos;: No module named &apos;pandas&apos;" type="pytest.skip">/Users/alfaro96/Workspace/Python/scikit-learn/sklearn/compose/tests/test_column_transformer.py:273: could not import &apos;pandas&apos;: No module named &apos;pandas&apos;</skipped></testcase><testcase classname="sklearn.compose.tests.test_column_transformer" file="sklearn/compose/tests/test_column_transformer.py" line="259" name="test_column_transformer_empty_columns[True-bool-numpy]" time="0.021"></testcase><testcase classname="sklearn.compose.tests.test_column_transformer" file="sklearn/compose/tests/test_column_transformer.py" line="259" name="test_column_transformer_empty_columns[True-bool_int-pandas]" time="0.006"><skipped message="could not import &apos;pandas&apos;: No module named &apos;pandas&apos;" type="pytest.skip">/Users/alfaro96/Workspace/Python/scikit-learn/sklearn/compose/tests/test_column_transformer.py:273: could not import &apos;pandas&apos;: No module named &apos;pandas&apos;</skipped></testcase><testcase classname="sklearn.compose.tests.test_column_transformer" file="sklearn/compose/tests/test_column_transformer.py" line="259" name="test_column_transformer_empty_columns[True-bool_int-numpy]" time="0.026"></testcase><testcase classname="sklearn.compose.tests.test_column_transformer" file="sklearn/compose/tests/test_column_transformer.py" line="312" name="test_column_transformer_sparse_array" time="0.072"></testcase><testcase classname="sklearn.compose.tests.test_column_transformer" file="sklearn/compose/tests/test_column_transformer.py" line="339" name="test_column_transformer_list" time="0.011"></testcase><testcase classname="sklearn.compose.tests.test_column_transformer" file="sklearn/compose/tests/test_column_transformer.py" line="358" name="test_column_transformer_sparse_stacking" time="0.008"></testcase><testcase classname="sklearn.compose.tests.test_column_transformer" file="sklearn/compose/tests/test_column_transformer.py" line="381" name="test_column_transformer_mixed_cols_sparse" time="0.010"></testcase><testcase classname="sklearn.compose.tests.test_column_transformer" file="sklearn/compose/tests/test_column_transformer.py" line="411" name="test_column_transformer_sparse_threshold" time="0.037"></testcase><testcase classname="sklearn.compose.tests.test_column_transformer" file="sklearn/compose/tests/test_column_transformer.py" line="453" name="test_column_transformer_error_msg_1D" time="0.007"></testcase><testcase classname="sklearn.compose.tests.test_column_transformer" file="sklearn/compose/tests/test_column_transformer.py" line="467" name="test_2D_transformer_output" time="0.006"></testcase><testcase classname="sklearn.compose.tests.test_column_transformer" file="sklearn/compose/tests/test_column_transformer.py" line="480" name="test_2D_transformer_output_pandas" time="0.003"><skipped message="could not import &apos;pandas&apos;: No module named &apos;pandas&apos;" type="pytest.skip">/Users/alfaro96/Workspace/Python/scikit-learn/sklearn/compose/tests/test_column_transformer.py:482: could not import &apos;pandas&apos;: No module named &apos;pandas&apos;</skipped></testcase><testcase classname="sklearn.compose.tests.test_column_transformer" file="sklearn/compose/tests/test_column_transformer.py" line="495" name="test_column_transformer_invalid_columns[drop]" time="0.011"></testcase><testcase classname="sklearn.compose.tests.test_column_transformer" file="sklearn/compose/tests/test_column_transformer.py" line="495" name="test_column_transformer_invalid_columns[passthrough]" time="0.008"></testcase><testcase classname="sklearn.compose.tests.test_column_transformer" file="sklearn/compose/tests/test_column_transformer.py" line="526" name="test_column_transformer_invalid_transformer" time="0.005"></testcase><testcase classname="sklearn.compose.tests.test_column_transformer" file="sklearn/compose/tests/test_column_transformer.py" line="542" name="test_make_column_transformer" time="0.003"></testcase><testcase classname="sklearn.compose.tests.test_column_transformer" file="sklearn/compose/tests/test_column_transformer.py" line="552" name="test_make_column_transformer_pandas" time="0.002"><skipped message="could not import &apos;pandas&apos;: No module named &apos;pandas&apos;" type="pytest.skip">/Users/alfaro96/Workspace/Python/scikit-learn/sklearn/compose/tests/test_column_transformer.py:554: could not import &apos;pandas&apos;: No module named &apos;pandas&apos;</skipped></testcase><testcase classname="sklearn.compose.tests.test_column_transformer" file="sklearn/compose/tests/test_column_transformer.py" line="563" name="test_make_column_transformer_kwargs" time="0.004"></testcase><testcase classname="sklearn.compose.tests.test_column_transformer" file="sklearn/compose/tests/test_column_transformer.py" line="584" name="test_make_column_transformer_remainder_transformer" time="0.002"></testcase><testcase classname="sklearn.compose.tests.test_column_transformer" file="sklearn/compose/tests/test_column_transformer.py" line="593" name="test_column_transformer_get_set_params" time="0.002"></testcase><testcase classname="sklearn.compose.tests.test_column_transformer" file="sklearn/compose/tests/test_column_transformer.py" line="633" name="test_column_transformer_named_estimators" time="0.009"></testcase><testcase classname="sklearn.compose.tests.test_column_transformer" file="sklearn/compose/tests/test_column_transformer.py" line="649" name="test_column_transformer_cloning" time="0.011"></testcase><testcase classname="sklearn.compose.tests.test_column_transformer" file="sklearn/compose/tests/test_column_transformer.py" line="663" name="test_column_transformer_get_feature_names" time="0.030"></testcase><testcase classname="sklearn.compose.tests.test_column_transformer" file="sklearn/compose/tests/test_column_transformer.py" line="720" name="test_column_transformer_get_feature_names_dataframe" time="0.004"><skipped message="could not import &apos;pandas&apos;: No module named &apos;pandas&apos;" type="pytest.skip">/Users/alfaro96/Workspace/Python/scikit-learn/sklearn/compose/tests/test_column_transformer.py:723: could not import &apos;pandas&apos;: No module named &apos;pandas&apos;</skipped></testcase><testcase classname="sklearn.compose.tests.test_column_transformer" file="sklearn/compose/tests/test_column_transformer.py" line="767" name="test_column_transformer_special_strings" time="0.017"></testcase><testcase classname="sklearn.compose.tests.test_column_transformer" file="sklearn/compose/tests/test_column_transformer.py" line="807" name="test_column_transformer_remainder" time="0.035"></testcase><testcase classname="sklearn.compose.tests.test_column_transformer" file="sklearn/compose/tests/test_column_transformer.py" line="868" name="test_column_transformer_remainder_numpy[key0]" time="0.006"></testcase><testcase classname="sklearn.compose.tests.test_column_transformer" file="sklearn/compose/tests/test_column_transformer.py" line="868" name="test_column_transformer_remainder_numpy[key1]" time="0.012"></testcase><testcase classname="sklearn.compose.tests.test_column_transformer" file="sklearn/compose/tests/test_column_transformer.py" line="868" name="test_column_transformer_remainder_numpy[key2]" time="0.011"></testcase><testcase classname="sklearn.compose.tests.test_column_transformer" file="sklearn/compose/tests/test_column_transformer.py" line="868" name="test_column_transformer_remainder_numpy[key3]" time="0.012"></testcase><testcase classname="sklearn.compose.tests.test_column_transformer" file="sklearn/compose/tests/test_column_transformer.py" line="885" name="test_column_transformer_remainder_pandas[key0]" time="0.004"><skipped message="could not import &apos;pandas&apos;: No module named &apos;pandas&apos;" type="pytest.skip">/Users/alfaro96/Workspace/Python/scikit-learn/sklearn/compose/tests/test_column_transformer.py:892: could not import &apos;pandas&apos;: No module named &apos;pandas&apos;</skipped></testcase><testcase classname="sklearn.compose.tests.test_column_transformer" file="sklearn/compose/tests/test_column_transformer.py" line="885" name="test_column_transformer_remainder_pandas[key1]" time="0.002"><skipped message="could not import &apos;pandas&apos;: No module named &apos;pandas&apos;" type="pytest.skip">/Users/alfaro96/Workspace/Python/scikit-learn/sklearn/compose/tests/test_column_transformer.py:892: could not import &apos;pandas&apos;: No module named &apos;pandas&apos;</skipped></testcase><testcase classname="sklearn.compose.tests.test_column_transformer" file="sklearn/compose/tests/test_column_transformer.py" line="885" name="test_column_transformer_remainder_pandas[key2]" time="0.006"><skipped message="could not import &apos;pandas&apos;: No module named &apos;pandas&apos;" type="pytest.skip">/Users/alfaro96/Workspace/Python/scikit-learn/sklearn/compose/tests/test_column_transformer.py:892: could not import &apos;pandas&apos;: No module named &apos;pandas&apos;</skipped></testcase><testcase classname="sklearn.compose.tests.test_column_transformer" file="sklearn/compose/tests/test_column_transformer.py" line="885" name="test_column_transformer_remainder_pandas[key3]" time="0.003"><skipped message="could not import &apos;pandas&apos;: No module named &apos;pandas&apos;" type="pytest.skip">/Users/alfaro96/Workspace/Python/scikit-learn/sklearn/compose/tests/test_column_transformer.py:892: could not import &apos;pandas&apos;: No module named &apos;pandas&apos;</skipped></testcase><testcase classname="sklearn.compose.tests.test_column_transformer" file="sklearn/compose/tests/test_column_transformer.py" line="885" name="test_column_transformer_remainder_pandas[pd-index]" time="0.004"><skipped message="could not import &apos;pandas&apos;: No module named &apos;pandas&apos;" type="pytest.skip">/Users/alfaro96/Workspace/Python/scikit-learn/sklearn/compose/tests/test_column_transformer.py:892: could not import &apos;pandas&apos;: No module named &apos;pandas&apos;</skipped></testcase><testcase classname="sklearn.compose.tests.test_column_transformer" file="sklearn/compose/tests/test_column_transformer.py" line="885" name="test_column_transformer_remainder_pandas[key5]" time="0.004"><skipped message="could not import &apos;pandas&apos;: No module named &apos;pandas&apos;" type="pytest.skip">/Users/alfaro96/Workspace/Python/scikit-learn/sklearn/compose/tests/test_column_transformer.py:892: could not import &apos;pandas&apos;: No module named &apos;pandas&apos;</skipped></testcase><testcase classname="sklearn.compose.tests.test_column_transformer" file="sklearn/compose/tests/test_column_transformer.py" line="885" name="test_column_transformer_remainder_pandas[key6]" time="0.003"><skipped message="could not import &apos;pandas&apos;: No module named &apos;pandas&apos;" type="pytest.skip">/Users/alfaro96/Workspace/Python/scikit-learn/sklearn/compose/tests/test_column_transformer.py:892: could not import &apos;pandas&apos;: No module named &apos;pandas&apos;</skipped></testcase><testcase classname="sklearn.compose.tests.test_column_transformer" file="sklearn/compose/tests/test_column_transformer.py" line="885" name="test_column_transformer_remainder_pandas[key7]" time="0.005"><skipped message="could not import &apos;pandas&apos;: No module named &apos;pandas&apos;" type="pytest.skip">/Users/alfaro96/Workspace/Python/scikit-learn/sklearn/compose/tests/test_column_transformer.py:892: could not import &apos;pandas&apos;: No module named &apos;pandas&apos;</skipped></testcase><testcase classname="sklearn.compose.tests.test_column_transformer" file="sklearn/compose/tests/test_column_transformer.py" line="885" name="test_column_transformer_remainder_pandas[key8]" time="0.003"><skipped message="could not import &apos;pandas&apos;: No module named &apos;pandas&apos;" type="pytest.skip">/Users/alfaro96/Workspace/Python/scikit-learn/sklearn/compose/tests/test_column_transformer.py:892: could not import &apos;pandas&apos;: No module named &apos;pandas&apos;</skipped></testcase><testcase classname="sklearn.compose.tests.test_column_transformer" file="sklearn/compose/tests/test_column_transformer.py" line="909" name="test_column_transformer_remainder_transformer[key0]" time="0.009"></testcase><testcase classname="sklearn.compose.tests.test_column_transformer" file="sklearn/compose/tests/test_column_transformer.py" line="909" name="test_column_transformer_remainder_transformer[key1]" time="0.006"></testcase><testcase classname="sklearn.compose.tests.test_column_transformer" file="sklearn/compose/tests/test_column_transformer.py" line="909" name="test_column_transformer_remainder_transformer[key2]" time="0.010"></testcase><testcase classname="sklearn.compose.tests.test_column_transformer" file="sklearn/compose/tests/test_column_transformer.py" line="909" name="test_column_transformer_remainder_transformer[key3]" time="0.005"></testcase><testcase classname="sklearn.compose.tests.test_column_transformer" file="sklearn/compose/tests/test_column_transformer.py" line="931" name="test_column_transformer_no_remaining_remainder_transformer" time="0.007"></testcase><testcase classname="sklearn.compose.tests.test_column_transformer" file="sklearn/compose/tests/test_column_transformer.py" line="945" name="test_column_transformer_drops_all_remainder_transformer" time="0.006"></testcase><testcase classname="sklearn.compose.tests.test_column_transformer" file="sklearn/compose/tests/test_column_transformer.py" line="964" name="test_column_transformer_sparse_remainder_transformer" time="0.010"></testcase><testcase classname="sklearn.compose.tests.test_column_transformer" file="sklearn/compose/tests/test_column_transformer.py" line="988" name="test_column_transformer_drop_all_sparse_remainder_transformer" time="0.007"></testcase><testcase classname="sklearn.compose.tests.test_column_transformer" file="sklearn/compose/tests/test_column_transformer.py" line="1008" name="test_column_transformer_get_set_params_with_remainder" time="0.006"></testcase><testcase classname="sklearn.compose.tests.test_column_transformer" file="sklearn/compose/tests/test_column_transformer.py" line="1046" name="test_column_transformer_no_estimators" time="0.004"></testcase><testcase classname="sklearn.compose.tests.test_column_transformer" file="sklearn/compose/tests/test_column_transformer.py" line="1062" name="test_column_transformer_verbose[fit-est0-\\[ColumnTransformer\\].*\\(1 of 3\\) Processing trans1.* total=.*\\n\\[ColumnTransformer\\].*\\(2 of 3\\) Processing trans2.* total=.*\\n\\[ColumnTransformer\\].*\\(3 of 3\\) Processing remainder.* total=.*\\n$]" time="0.016"></testcase><testcase classname="sklearn.compose.tests.test_column_transformer" file="sklearn/compose/tests/test_column_transformer.py" line="1062" name="test_column_transformer_verbose[fit-est1-\\[ColumnTransformer\\].*\\(1 of 3\\) Processing trans1.* total=.*\\n\\[ColumnTransformer\\].*\\(2 of 3\\) Processing trans2.* total=.*\\n\\[ColumnTransformer\\].*\\(3 of 3\\) Processing remainder.* total=.*\\n$]" time="0.018"></testcase><testcase classname="sklearn.compose.tests.test_column_transformer" file="sklearn/compose/tests/test_column_transformer.py" line="1062" name="test_column_transformer_verbose[fit-est2-\\[ColumnTransformer\\].*\\(1 of 2\\) Processing trans1.* total=.*\\n\\[ColumnTransformer\\].*\\(2 of 2\\) Processing remainder.* total=.*\\n$]" time="0.012"></testcase><testcase classname="sklearn.compose.tests.test_column_transformer" file="sklearn/compose/tests/test_column_transformer.py" line="1062" name="test_column_transformer_verbose[fit-est3-\\[ColumnTransformer\\].*\\(1 of 3\\) Processing trans1.* total=.*\\n\\[ColumnTransformer\\].*\\(2 of 3\\) Processing trans2.* total=.*\\n\\[ColumnTransformer\\].*\\(3 of 3\\) Processing remainder.* total=.*\\n$]" time="0.016"></testcase><testcase classname="sklearn.compose.tests.test_column_transformer" file="sklearn/compose/tests/test_column_transformer.py" line="1062" name="test_column_transformer_verbose[fit-est4-\\[ColumnTransformer\\].*\\(1 of 2\\) Processing trans1.* total=.*\\n\\[ColumnTransformer\\].*\\(2 of 2\\) Processing remainder.* total=.*\\n$]" time="0.008"></testcase><testcase classname="sklearn.compose.tests.test_column_transformer" file="sklearn/compose/tests/test_column_transformer.py" line="1062" name="test_column_transformer_verbose[fit-est5-\\[ColumnTransformer\\].*\\(1 of 2\\) Processing trans1.* total=.*\\n\\[ColumnTransformer\\].*\\(2 of 2\\) Processing trans2.* total=.*\\n$]" time="0.012"></testcase><testcase classname="sklearn.compose.tests.test_column_transformer" file="sklearn/compose/tests/test_column_transformer.py" line="1062" name="test_column_transformer_verbose[fit-est6-\\[ColumnTransformer\\].*\\(1 of 1\\) Processing trans1.* total=.*\\n$]" time="0.004"></testcase><testcase classname="sklearn.compose.tests.test_column_transformer" file="sklearn/compose/tests/test_column_transformer.py" line="1062" name="test_column_transformer_verbose[fit_transform-est0-\\[ColumnTransformer\\].*\\(1 of 3\\) Processing trans1.* total=.*\\n\\[ColumnTransformer\\].*\\(2 of 3\\) Processing trans2.* total=.*\\n\\[ColumnTransformer\\].*\\(3 of 3\\) Processing remainder.* total=.*\\n$]" time="0.010"></testcase><testcase classname="sklearn.compose.tests.test_column_transformer" file="sklearn/compose/tests/test_column_transformer.py" line="1062" name="test_column_transformer_verbose[fit_transform-est1-\\[ColumnTransformer\\].*\\(1 of 3\\) Processing trans1.* total=.*\\n\\[ColumnTransformer\\].*\\(2 of 3\\) Processing trans2.* total=.*\\n\\[ColumnTransformer\\].*\\(3 of 3\\) Processing remainder.* total=.*\\n$]" time="0.007"></testcase><testcase classname="sklearn.compose.tests.test_column_transformer" file="sklearn/compose/tests/test_column_transformer.py" line="1062" name="test_column_transformer_verbose[fit_transform-est2-\\[ColumnTransformer\\].*\\(1 of 2\\) Processing trans1.* total=.*\\n\\[ColumnTransformer\\].*\\(2 of 2\\) Processing remainder.* total=.*\\n$]" time="0.010"></testcase><testcase classname="sklearn.compose.tests.test_column_transformer" file="sklearn/compose/tests/test_column_transformer.py" line="1062" name="test_column_transformer_verbose[fit_transform-est3-\\[ColumnTransformer\\].*\\(1 of 3\\) Processing trans1.* total=.*\\n\\[ColumnTransformer\\].*\\(2 of 3\\) Processing trans2.* total=.*\\n\\[ColumnTransformer\\].*\\(3 of 3\\) Processing remainder.* total=.*\\n$]" time="0.009"></testcase><testcase classname="sklearn.compose.tests.test_column_transformer" file="sklearn/compose/tests/test_column_transformer.py" line="1062" name="test_column_transformer_verbose[fit_transform-est4-\\[ColumnTransformer\\].*\\(1 of 2\\) Processing trans1.* total=.*\\n\\[ColumnTransformer\\].*\\(2 of 2\\) Processing remainder.* total=.*\\n$]" time="0.008"></testcase><testcase classname="sklearn.compose.tests.test_column_transformer" file="sklearn/compose/tests/test_column_transformer.py" line="1062" name="test_column_transformer_verbose[fit_transform-est5-\\[ColumnTransformer\\].*\\(1 of 2\\) Processing trans1.* total=.*\\n\\[ColumnTransformer\\].*\\(2 of 2\\) Processing trans2.* total=.*\\n$]" time="0.007"></testcase><testcase classname="sklearn.compose.tests.test_column_transformer" file="sklearn/compose/tests/test_column_transformer.py" line="1062" name="test_column_transformer_verbose[fit_transform-est6-\\[ColumnTransformer\\].*\\(1 of 1\\) Processing trans1.* total=.*\\n$]" time="0.007"></testcase><testcase classname="sklearn.compose.tests.test_column_transformer" file="sklearn/compose/tests/test_column_transformer.py" line="1112" name="test_column_transformer_no_estimators_set_params" time="0.001"></testcase><testcase classname="sklearn.compose.tests.test_column_transformer" file="sklearn/compose/tests/test_column_transformer.py" line="1117" name="test_column_transformer_callable_specifier" time="0.005"></testcase><testcase classname="sklearn.compose.tests.test_column_transformer" file="sklearn/compose/tests/test_column_transformer.py" line="1134" name="test_column_transformer_callable_specifier_dataframe" time="0.003"><skipped message="could not import &apos;pandas&apos;: No module named &apos;pandas&apos;" type="pytest.skip">/Users/alfaro96/Workspace/Python/scikit-learn/sklearn/compose/tests/test_column_transformer.py:1137: could not import &apos;pandas&apos;: No module named &apos;pandas&apos;</skipped></testcase><testcase classname="sklearn.compose.tests.test_column_transformer" file="sklearn/compose/tests/test_column_transformer.py" line="1155" name="test_column_transformer_negative_column_indexes" time="0.008"></testcase><testcase classname="sklearn.compose.tests.test_column_transformer" file="sklearn/compose/tests/test_column_transformer.py" line="1167" name="test_column_transformer_reordered_column_names_remainder[first]" time="0.004"><skipped message="could not import &apos;pandas&apos;: No module named &apos;pandas&apos;" type="pytest.skip">/Users/alfaro96/Workspace/Python/scikit-learn/sklearn/compose/tests/test_column_transformer.py:1177: could not import &apos;pandas&apos;: No module named &apos;pandas&apos;</skipped></testcase><testcase classname="sklearn.compose.tests.test_column_transformer" file="sklearn/compose/tests/test_column_transformer.py" line="1167" name="test_column_transformer_reordered_column_names_remainder[second]" time="0.002"><skipped message="could not import &apos;pandas&apos;: No module named &apos;pandas&apos;" type="pytest.skip">/Users/alfaro96/Workspace/Python/scikit-learn/sklearn/compose/tests/test_column_transformer.py:1177: could not import &apos;pandas&apos;: No module named &apos;pandas&apos;</skipped></testcase><testcase classname="sklearn.compose.tests.test_column_transformer" file="sklearn/compose/tests/test_column_transformer.py" line="1207" name="test_feature_name_validation" time="0.002"><skipped message="could not import &apos;pandas&apos;: No module named &apos;pandas&apos;" type="pytest.skip">/Users/alfaro96/Workspace/Python/scikit-learn/sklearn/compose/tests/test_column_transformer.py:1211: could not import &apos;pandas&apos;: No module named &apos;pandas&apos;</skipped></testcase><testcase classname="sklearn.compose.tests.test_column_transformer" file="sklearn/compose/tests/test_column_transformer.py" line="1257" name="test_column_transformer_mask_indexing[asarray]" time="0.004"></testcase><testcase classname="sklearn.compose.tests.test_column_transformer" file="sklearn/compose/tests/test_column_transformer.py" line="1257" name="test_column_transformer_mask_indexing[csr_matrix]" time="0.005"></testcase><testcase classname="sklearn.compose.tests.test_column_transformer" file="sklearn/compose/tests/test_column_transformer.py" line="1271" name="test_n_features_in" time="0.006"></testcase><testcase classname="sklearn.compose.tests.test_column_transformer" file="sklearn/compose/tests/test_column_transformer.py" line="1283" name="test_make_column_selector_with_select_dtypes[cols0-None-number-None]" time="0.003"><skipped message="could not import &apos;pandas&apos;: No module named &apos;pandas&apos;" type="pytest.skip">/Users/alfaro96/Workspace/Python/scikit-learn/sklearn/compose/tests/test_column_transformer.py:1301: could not import &apos;pandas&apos;: No module named &apos;pandas&apos;</skipped></testcase><testcase classname="sklearn.compose.tests.test_column_transformer" file="sklearn/compose/tests/test_column_transformer.py" line="1283" name="test_make_column_selector_with_select_dtypes[cols1-None-None-object]" time="0.004"><skipped message="could not import &apos;pandas&apos;: No module named &apos;pandas&apos;" type="pytest.skip">/Users/alfaro96/Workspace/Python/scikit-learn/sklearn/compose/tests/test_column_transformer.py:1301: could not import &apos;pandas&apos;: No module named &apos;pandas&apos;</skipped></testcase><testcase classname="sklearn.compose.tests.test_column_transformer" file="sklearn/compose/tests/test_column_transformer.py" line="1283" name="test_make_column_selector_with_select_dtypes[cols2-None-include2-None]" time="0.003"><skipped message="could not import &apos;pandas&apos;: No module named &apos;pandas&apos;" type="pytest.skip">/Users/alfaro96/Workspace/Python/scikit-learn/sklearn/compose/tests/test_column_transformer.py:1301: could not import &apos;pandas&apos;: No module named &apos;pandas&apos;</skipped></testcase><testcase classname="sklearn.compose.tests.test_column_transformer" file="sklearn/compose/tests/test_column_transformer.py" line="1283" name="test_make_column_selector_with_select_dtypes[cols3-None-include3-None]" time="0.004"><skipped message="could not import &apos;pandas&apos;: No module named &apos;pandas&apos;" type="pytest.skip">/Users/alfaro96/Workspace/Python/scikit-learn/sklearn/compose/tests/test_column_transformer.py:1301: could not import &apos;pandas&apos;: No module named &apos;pandas&apos;</skipped></testcase><testcase classname="sklearn.compose.tests.test_column_transformer" file="sklearn/compose/tests/test_column_transformer.py" line="1283" name="test_make_column_selector_with_select_dtypes[cols4-None-object-None]" time="0.004"><skipped message="could not import &apos;pandas&apos;: No module named &apos;pandas&apos;" type="pytest.skip">/Users/alfaro96/Workspace/Python/scikit-learn/sklearn/compose/tests/test_column_transformer.py:1301: could not import &apos;pandas&apos;: No module named &apos;pandas&apos;</skipped></testcase><testcase classname="sklearn.compose.tests.test_column_transformer" file="sklearn/compose/tests/test_column_transformer.py" line="1283" name="test_make_column_selector_with_select_dtypes[cols5-None-float-None]" time="0.003"><skipped message="could not import &apos;pandas&apos;: No module named &apos;pandas&apos;" type="pytest.skip">/Users/alfaro96/Workspace/Python/scikit-learn/sklearn/compose/tests/test_column_transformer.py:1301: could not import &apos;pandas&apos;: No module named &apos;pandas&apos;</skipped></testcase><testcase classname="sklearn.compose.tests.test_column_transformer" file="sklearn/compose/tests/test_column_transformer.py" line="1283" name="test_make_column_selector_with_select_dtypes[cols6-at$-include6-None]" time="0.005"><skipped message="could not import &apos;pandas&apos;: No module named &apos;pandas&apos;" type="pytest.skip">/Users/alfaro96/Workspace/Python/scikit-learn/sklearn/compose/tests/test_column_transformer.py:1301: could not import &apos;pandas&apos;: No module named &apos;pandas&apos;</skipped></testcase><testcase classname="sklearn.compose.tests.test_column_transformer" file="sklearn/compose/tests/test_column_transformer.py" line="1283" name="test_make_column_selector_with_select_dtypes[cols7-None-include7-None]" time="0.003"><skipped message="could not import &apos;pandas&apos;: No module named &apos;pandas&apos;" type="pytest.skip">/Users/alfaro96/Workspace/Python/scikit-learn/sklearn/compose/tests/test_column_transformer.py:1301: could not import &apos;pandas&apos;: No module named &apos;pandas&apos;</skipped></testcase><testcase classname="sklearn.compose.tests.test_column_transformer" file="sklearn/compose/tests/test_column_transformer.py" line="1283" name="test_make_column_selector_with_select_dtypes[cols8-^col_int-include8-None]" time="0.005"><skipped message="could not import &apos;pandas&apos;: No module named &apos;pandas&apos;" type="pytest.skip">/Users/alfaro96/Workspace/Python/scikit-learn/sklearn/compose/tests/test_column_transformer.py:1301: could not import &apos;pandas&apos;: No module named &apos;pandas&apos;</skipped></testcase><testcase classname="sklearn.compose.tests.test_column_transformer" file="sklearn/compose/tests/test_column_transformer.py" line="1283" name="test_make_column_selector_with_select_dtypes[cols9-float|str-None-None]" time="0.003"><skipped message="could not import &apos;pandas&apos;: No module named &apos;pandas&apos;" type="pytest.skip">/Users/alfaro96/Workspace/Python/scikit-learn/sklearn/compose/tests/test_column_transformer.py:1301: could not import &apos;pandas&apos;: No module named &apos;pandas&apos;</skipped></testcase><testcase classname="sklearn.compose.tests.test_column_transformer" file="sklearn/compose/tests/test_column_transformer.py" line="1283" name="test_make_column_selector_with_select_dtypes[cols10-^col_s-None-exclude10]" time="0.005"><skipped message="could not import &apos;pandas&apos;: No module named &apos;pandas&apos;" type="pytest.skip">/Users/alfaro96/Workspace/Python/scikit-learn/sklearn/compose/tests/test_column_transformer.py:1301: could not import &apos;pandas&apos;: No module named &apos;pandas&apos;</skipped></testcase><testcase classname="sklearn.compose.tests.test_column_transformer" file="sklearn/compose/tests/test_column_transformer.py" line="1283" name="test_make_column_selector_with_select_dtypes[cols11-str$-float-None]" time="0.004"><skipped message="could not import &apos;pandas&apos;: No module named &apos;pandas&apos;" type="pytest.skip">/Users/alfaro96/Workspace/Python/scikit-learn/sklearn/compose/tests/test_column_transformer.py:1301: could not import &apos;pandas&apos;: No module named &apos;pandas&apos;</skipped></testcase><testcase classname="sklearn.compose.tests.test_column_transformer" file="sklearn/compose/tests/test_column_transformer.py" line="1283" name="test_make_column_selector_with_select_dtypes[cols12-None-include12-None]" time="0.004"><skipped message="could not import &apos;pandas&apos;: No module named &apos;pandas&apos;" type="pytest.skip">/Users/alfaro96/Workspace/Python/scikit-learn/sklearn/compose/tests/test_column_transformer.py:1301: could not import &apos;pandas&apos;: No module named &apos;pandas&apos;</skipped></testcase><testcase classname="sklearn.compose.tests.test_column_transformer" file="sklearn/compose/tests/test_column_transformer.py" line="1314" name="test_column_transformer_with_make_column_selector" time="0.004"><skipped message="could not import &apos;pandas&apos;: No module named &apos;pandas&apos;" type="pytest.skip">/Users/alfaro96/Workspace/Python/scikit-learn/sklearn/compose/tests/test_column_transformer.py:1317: could not import &apos;pandas&apos;: No module named &apos;pandas&apos;</skipped></testcase><testcase classname="sklearn.compose.tests.test_column_transformer" file="sklearn/compose/tests/test_column_transformer.py" line="1342" name="test_make_column_selector_error" time="0.002"></testcase><testcase classname="sklearn.compose.tests.test_column_transformer" file="sklearn/compose/tests/test_column_transformer.py" line="1350" name="test_make_column_selector_pickle" time="0.002"><skipped message="could not import &apos;pandas&apos;: No module named &apos;pandas&apos;" type="pytest.skip">/Users/alfaro96/Workspace/Python/scikit-learn/sklearn/compose/tests/test_column_transformer.py:1352: could not import &apos;pandas&apos;: No module named &apos;pandas&apos;</skipped></testcase><testcase classname="sklearn.compose.tests.test_column_transformer" file="sklearn/compose/tests/test_column_transformer.py" line="1365" name="test_feature_names_empty_columns[list]" time="0.002"><skipped message="could not import &apos;pandas&apos;: No module named &apos;pandas&apos;" type="pytest.skip">/Users/alfaro96/Workspace/Python/scikit-learn/sklearn/compose/tests/test_column_transformer.py:1371: could not import &apos;pandas&apos;: No module named &apos;pandas&apos;</skipped></testcase><testcase classname="sklearn.compose.tests.test_column_transformer" file="sklearn/compose/tests/test_column_transformer.py" line="1365" name="test_feature_names_empty_columns[array]" time="0.002"><skipped message="could not import &apos;pandas&apos;: No module named &apos;pandas&apos;" type="pytest.skip">/Users/alfaro96/Workspace/Python/scikit-learn/sklearn/compose/tests/test_column_transformer.py:1371: could not import &apos;pandas&apos;: No module named &apos;pandas&apos;</skipped></testcase><testcase classname="sklearn.compose.tests.test_column_transformer" file="sklearn/compose/tests/test_column_transformer.py" line="1365" name="test_feature_names_empty_columns[callable]" time="0.003"><skipped message="could not import &apos;pandas&apos;: No module named &apos;pandas&apos;" type="pytest.skip">/Users/alfaro96/Workspace/Python/scikit-learn/sklearn/compose/tests/test_column_transformer.py:1371: could not import &apos;pandas&apos;: No module named &apos;pandas&apos;</skipped></testcase><testcase classname="sklearn.compose.tests.test_column_transformer" file="sklearn/compose/tests/test_column_transformer.py" line="1385" name="test_sk_visual_block_remainder[passthrough]" time="0.002"></testcase><testcase classname="sklearn.compose.tests.test_column_transformer" file="sklearn/compose/tests/test_column_transformer.py" line="1385" name="test_sk_visual_block_remainder[remainder1]" time="0.002"></testcase><testcase classname="sklearn.compose.tests.test_column_transformer" file="sklearn/compose/tests/test_column_transformer.py" line="1397" name="test_sk_visual_block_remainder_drop" time="0.002"></testcase><testcase classname="sklearn.compose.tests.test_column_transformer" file="sklearn/compose/tests/test_column_transformer.py" line="1407" name="test_sk_visual_block_remainder_fitted_pandas[passthrough]" time="0.005"><skipped message="could not import &apos;pandas&apos;: No module named &apos;pandas&apos;" type="pytest.skip">/Users/alfaro96/Workspace/Python/scikit-learn/sklearn/compose/tests/test_column_transformer.py:1411: could not import &apos;pandas&apos;: No module named &apos;pandas&apos;</skipped></testcase><testcase classname="sklearn.compose.tests.test_column_transformer" file="sklearn/compose/tests/test_column_transformer.py" line="1407" name="test_sk_visual_block_remainder_fitted_pandas[remainder1]" time="0.002"><skipped message="could not import &apos;pandas&apos;: No module named &apos;pandas&apos;" type="pytest.skip">/Users/alfaro96/Workspace/Python/scikit-learn/sklearn/compose/tests/test_column_transformer.py:1411: could not import &apos;pandas&apos;: No module named &apos;pandas&apos;</skipped></testcase><testcase classname="sklearn.compose.tests.test_column_transformer" file="sklearn/compose/tests/test_column_transformer.py" line="1423" name="test_sk_visual_block_remainder_fitted_numpy[passthrough]" time="0.007"></testcase><testcase classname="sklearn.compose.tests.test_column_transformer" file="sklearn/compose/tests/test_column_transformer.py" line="1423" name="test_sk_visual_block_remainder_fitted_numpy[remainder1]" time="0.008"></testcase><testcase classname="sklearn.compose.tests.test_target" file="sklearn/compose/tests/test_target.py" line="27" name="test_transform_target_regressor_error" time="0.005"></testcase><testcase classname="sklearn.compose.tests.test_target" file="sklearn/compose/tests/test_target.py" line="51" name="test_transform_target_regressor_invertible" time="0.009"></testcase><testcase classname="sklearn.compose.tests.test_target" file="sklearn/compose/tests/test_target.py" line="75" name="test_transform_target_regressor_functions" time="0.007"></testcase><testcase classname="sklearn.compose.tests.test_target" file="sklearn/compose/tests/test_target.py" line="92" name="test_transform_target_regressor_functions_multioutput" time="0.010"></testcase><testcase classname="sklearn.compose.tests.test_target" file="sklearn/compose/tests/test_target.py" line="109" name="test_transform_target_regressor_1d_transformer[X0-y0]" time="0.008"></testcase><testcase classname="sklearn.compose.tests.test_target" file="sklearn/compose/tests/test_target.py" line="109" name="test_transform_target_regressor_1d_transformer[X1-y1]" time="0.009"></testcase><testcase classname="sklearn.compose.tests.test_target" file="sklearn/compose/tests/test_target.py" line="140" name="test_transform_target_regressor_2d_transformer[X0-y0]" time="0.013"></testcase><testcase classname="sklearn.compose.tests.test_target" file="sklearn/compose/tests/test_target.py" line="140" name="test_transform_target_regressor_2d_transformer[X1-y1]" time="0.009"></testcase><testcase classname="sklearn.compose.tests.test_target" file="sklearn/compose/tests/test_target.py" line="174" name="test_transform_target_regressor_2d_transformer_multioutput" time="0.009"></testcase><testcase classname="sklearn.compose.tests.test_target" file="sklearn/compose/tests/test_target.py" line="200" name="test_transform_target_regressor_multi_to_single" time="0.008"></testcase><testcase classname="sklearn.compose.tests.test_target" file="sklearn/compose/tests/test_target.py" line="256" name="test_transform_target_regressor_ensure_y_array" time="0.059"></testcase><testcase classname="sklearn.compose.tests.test_target" file="sklearn/compose/tests/test_target.py" line="288" name="test_transform_target_regressor_count_fit[False]" time="0.002"></testcase><testcase classname="sklearn.compose.tests.test_target" file="sklearn/compose/tests/test_target.py" line="288" name="test_transform_target_regressor_count_fit[True]" time="0.003"></testcase><testcase classname="sklearn.compose.tests.test_target" file="sklearn/compose/tests/test_target.py" line="308" name="test_transform_target_regressor_pass_fit_parameters" time="0.002"></testcase><testcase classname="sklearn.compose.tests.test_target" file="sklearn/compose/tests/test_target.py" line="319" name="test_transform_target_regressor_route_pipeline" time="0.003"></testcase><testcase classname="sklearn.covariance._elliptic_envelope" file="sklearn/covariance/_elliptic_envelope.py" line="13" name="sklearn.covariance._elliptic_envelope.EllipticEnvelope" time="0.154"></testcase><testcase classname="sklearn.covariance._empirical_covariance" file="sklearn/covariance/_empirical_covariance.py" line="101" name="sklearn.covariance._empirical_covariance.EmpiricalCovariance" time="0.016"></testcase><testcase classname="sklearn.covariance._empirical_covariance" file="sklearn/covariance/_empirical_covariance.py" line="80" name="sklearn.covariance._empirical_covariance.empirical_covariance" time="0.011"></testcase><testcase classname="sklearn.covariance._graph_lasso" file="sklearn/covariance/_graph_lasso.py" line="286" name="sklearn.covariance._graph_lasso.GraphicalLasso" time="0.017"></testcase><testcase classname="sklearn.covariance._graph_lasso" file="sklearn/covariance/_graph_lasso.py" line="513" name="sklearn.covariance._graph_lasso.GraphicalLassoCV" time="0.298"></testcase><testcase classname="sklearn.covariance._robust_covariance" file="sklearn/covariance/_robust_covariance.py" line="516" name="sklearn.covariance._robust_covariance.MinCovDet" time="0.115"></testcase><testcase classname="sklearn.covariance._shrunk_covariance" file="sklearn/covariance/_shrunk_covariance.py" line="319" name="sklearn.covariance._shrunk_covariance.LedoitWolf" time="0.008"></testcase><testcase classname="sklearn.covariance._shrunk_covariance" file="sklearn/covariance/_shrunk_covariance.py" line="499" name="sklearn.covariance._shrunk_covariance.OAS" time="0.008"></testcase><testcase classname="sklearn.covariance._shrunk_covariance" file="sklearn/covariance/_shrunk_covariance.py" line="63" name="sklearn.covariance._shrunk_covariance.ShrunkCovariance" time="0.014"></testcase><testcase classname="sklearn.covariance.tests.test_covariance" file="sklearn/covariance/tests/test_covariance.py" line="24" name="test_covariance" time="0.008"></testcase><testcase classname="sklearn.covariance.tests.test_covariance" file="sklearn/covariance/tests/test_covariance.py" line="74" name="test_shrunk_covariance" time="0.012"></testcase><testcase classname="sklearn.covariance.tests.test_covariance" file="sklearn/covariance/tests/test_covariance.py" line="106" name="test_ledoit_wolf" time="0.017"></testcase><testcase classname="sklearn.covariance.tests.test_covariance" file="sklearn/covariance/tests/test_covariance.py" line="210" name="test_ledoit_wolf_small" time="0.004"></testcase><testcase classname="sklearn.covariance.tests.test_covariance" file="sklearn/covariance/tests/test_covariance.py" line="220" name="test_ledoit_wolf_large" time="0.004"></testcase><testcase classname="sklearn.covariance.tests.test_covariance" file="sklearn/covariance/tests/test_covariance.py" line="235" name="test_oas" time="0.019"></testcase><testcase classname="sklearn.covariance.tests.test_elliptic_envelope" file="sklearn/covariance/tests/test_elliptic_envelope.py" line="14" name="test_elliptic_envelope" time="0.118"></testcase><testcase classname="sklearn.covariance.tests.test_elliptic_envelope" file="sklearn/covariance/tests/test_elliptic_envelope.py" line="35" name="test_score_samples" time="0.148"></testcase><testcase classname="sklearn.covariance.tests.test_graphical_lasso" file="sklearn/covariance/tests/test_graphical_lasso.py" line="20" name="test_graphical_lasso" time="0.364"></testcase><testcase classname="sklearn.covariance.tests.test_graphical_lasso" file="sklearn/covariance/tests/test_graphical_lasso.py" line="64" name="test_graphical_lasso_iris" time="0.023"></testcase><testcase classname="sklearn.covariance.tests.test_graphical_lasso" file="sklearn/covariance/tests/test_graphical_lasso.py" line="88" name="test_graph_lasso_2D" time="0.011"></testcase><testcase classname="sklearn.covariance.tests.test_graphical_lasso" file="sklearn/covariance/tests/test_graphical_lasso.py" line="105" name="test_graphical_lasso_iris_singular" time="0.021"></testcase><testcase classname="sklearn.covariance.tests.test_graphical_lasso" file="sklearn/covariance/tests/test_graphical_lasso.py" line="132" name="test_graphical_lasso_cv" time="0.531"></testcase><testcase classname="sklearn.covariance.tests.test_graphical_lasso" file="sklearn/covariance/tests/test_graphical_lasso.py" line="155" name="test_graphical_lasso_cv_grid_scores_and_cv_alphas_deprecated" time="0.275"></testcase><testcase classname="sklearn.covariance.tests.test_graphical_lasso" file="sklearn/covariance/tests/test_graphical_lasso.py" line="181" name="test_graphical_lasso_cv_scores" time="0.218"></testcase><testcase classname="sklearn.covariance.tests.test_robust_covariance" file="sklearn/covariance/tests/test_robust_covariance.py" line="23" name="test_mcd" time="1.487"></testcase><testcase classname="sklearn.covariance.tests.test_robust_covariance" file="sklearn/covariance/tests/test_robust_covariance.py" line="43" name="test_fast_mcd_on_invalid_input" time="0.001"></testcase><testcase classname="sklearn.covariance.tests.test_robust_covariance" file="sklearn/covariance/tests/test_robust_covariance.py" line="49" name="test_mcd_class_on_invalid_input" time="0.001"></testcase><testcase classname="sklearn.covariance.tests.test_robust_covariance" file="sklearn/covariance/tests/test_robust_covariance.py" line="84" name="test_mcd_issue1127" time="0.008"></testcase><testcase classname="sklearn.covariance.tests.test_robust_covariance" file="sklearn/covariance/tests/test_robust_covariance.py" line="93" name="test_mcd_issue3367" time="0.042"></testcase><testcase classname="sklearn.covariance.tests.test_robust_covariance" file="sklearn/covariance/tests/test_robust_covariance.py" line="125" name="test_mcd_support_covariance_is_zero" time="0.006"></testcase><testcase classname="sklearn.covariance.tests.test_robust_covariance" file="sklearn/covariance/tests/test_robust_covariance.py" line="138" name="test_mcd_increasing_det_warning" time="0.049"></testcase><testcase classname="sklearn.cross_decomposition._cca" file="sklearn/cross_decomposition/_cca.py" line="8" name="sklearn.cross_decomposition._cca.CCA" time="0.006"></testcase><testcase classname="sklearn.cross_decomposition._pls" file="sklearn/cross_decomposition/_pls.py" line="682" name="sklearn.cross_decomposition._pls.PLSCanonical" time="0.006"></testcase><testcase classname="sklearn.cross_decomposition._pls" file="sklearn/cross_decomposition/_pls.py" line="530" name="sklearn.cross_decomposition._pls.PLSRegression" time="0.009"></testcase><testcase classname="sklearn.cross_decomposition._pls" file="sklearn/cross_decomposition/_pls.py" line="831" name="sklearn.cross_decomposition._pls.PLSSVD" time="0.011"></testcase><testcase classname="sklearn.cross_decomposition.tests.test_pls" file="sklearn/cross_decomposition/tests/test_pls.py" line="14" name="test_pls" time="0.052"></testcase><testcase classname="sklearn.cross_decomposition.tests.test_pls" file="sklearn/cross_decomposition/tests/test_pls.py" line="311" name="test_convergence_fail" time="0.004"></testcase><testcase classname="sklearn.cross_decomposition.tests.test_pls" file="sklearn/cross_decomposition/tests/test_pls.py" line="320" name="test_PLSSVD" time="0.011"></testcase><testcase classname="sklearn.cross_decomposition.tests.test_pls" file="sklearn/cross_decomposition/tests/test_pls.py" line="333" name="test_univariate_pls_regression" time="0.006"></testcase><testcase classname="sklearn.cross_decomposition.tests.test_pls" file="sklearn/cross_decomposition/tests/test_pls.py" line="346" name="test_predict_transform_copy" time="0.009"></testcase><testcase classname="sklearn.cross_decomposition.tests.test_pls" file="sklearn/cross_decomposition/tests/test_pls.py" line="370" name="test_scale_and_stability" time="0.075"></testcase><testcase classname="sklearn.cross_decomposition.tests.test_pls" file="sklearn/cross_decomposition/tests/test_pls.py" line="416" name="test_pls_errors" time="0.003"></testcase><testcase classname="sklearn.cross_decomposition.tests.test_pls" file="sklearn/cross_decomposition/tests/test_pls.py" line="427" name="test_pls_scaling" time="0.034"></testcase><testcase classname="sklearn.datasets._base" file="sklearn/datasets/_base.py" line="59" name="sklearn.datasets._base.load_boston" time="0.030"></testcase><testcase classname="sklearn.datasets._base" file="sklearn/datasets/_base.py" line="59" name="sklearn.datasets._base.load_breast_cancer" time="0.038"></testcase><testcase classname="sklearn.datasets._base" file="sklearn/datasets/_base.py" line="59" name="sklearn.datasets._base.load_digits" time="0.131"></testcase><testcase classname="sklearn.datasets._base" file="sklearn/datasets/_base.py" line="59" name="sklearn.datasets._base.load_iris" time="0.012"></testcase><testcase classname="sklearn.datasets._base" file="sklearn/datasets/_base.py" line="1086" name="sklearn.datasets._base.load_sample_image" time="0.011"></testcase><testcase classname="sklearn.datasets._base" file="sklearn/datasets/_base.py" line="1036" name="sklearn.datasets._base.load_sample_images" time="0.016"></testcase><testcase classname="sklearn.datasets._base" file="sklearn/datasets/_base.py" line="59" name="sklearn.datasets._base.load_wine" time="0.018"></testcase><testcase classname="sklearn.datasets._samples_generator" file="sklearn/datasets/_samples_generator.py" line="156" name="sklearn.datasets._samples_generator.make_blobs" time="0.019"></testcase><testcase classname="sklearn.datasets.tests.test_20news" file="sklearn/datasets/tests/test_20news.py" line="13" name="test_20news" time="0.003"><skipped message="Download 20newsgroups to run this test" type="pytest.skip">/Users/alfaro96/Workspace/Python/scikit-learn/sklearn/datasets/tests/conftest.py:24: Download 20newsgroups to run this test</skipped></testcase><testcase classname="sklearn.datasets.tests.test_20news" file="sklearn/datasets/tests/test_20news.py" line="43" name="test_20news_length_consistency" time="0.004"><skipped message="Download 20newsgroups to run this test" type="pytest.skip">/Users/alfaro96/Workspace/Python/scikit-learn/sklearn/datasets/tests/conftest.py:24: Download 20newsgroups to run this test</skipped></testcase><testcase classname="sklearn.datasets.tests.test_20news" file="sklearn/datasets/tests/test_20news.py" line="55" name="test_20news_vectorized" time="0.002"><skipped message="Download 20newsgroups_vectorized to run this test" type="pytest.skip">/Users/alfaro96/Workspace/Python/scikit-learn/sklearn/datasets/tests/conftest.py:24: Download 20newsgroups_vectorized to run this test</skipped></testcase><testcase classname="sklearn.datasets.tests.test_20news" file="sklearn/datasets/tests/test_20news.py" line="82" name="test_20news_normalization" time="0.002"><skipped message="Download 20newsgroups_vectorized to run this test" type="pytest.skip">/Users/alfaro96/Workspace/Python/scikit-learn/sklearn/datasets/tests/conftest.py:24: Download 20newsgroups_vectorized to run this test</skipped></testcase><testcase classname="sklearn.datasets.tests.test_base" file="sklearn/datasets/tests/test_base.py" line="68" name="test_data_home" time="0.011"></testcase><testcase classname="sklearn.datasets.tests.test_base" file="sklearn/datasets/tests/test_base.py" line="83" name="test_default_empty_load_files" time="0.005"></testcase><testcase classname="sklearn.datasets.tests.test_base" file="sklearn/datasets/tests/test_base.py" line="90" name="test_default_load_files" time="0.007"></testcase><testcase classname="sklearn.datasets.tests.test_base" file="sklearn/datasets/tests/test_base.py" line="101" name="test_load_files_w_categories_desc_and_encoding" time="0.009"></testcase><testcase classname="sklearn.datasets.tests.test_base" file="sklearn/datasets/tests/test_base.py" line="114" name="test_load_files_wo_load_content" time="0.006"></testcase><testcase classname="sklearn.datasets.tests.test_base" file="sklearn/datasets/tests/test_base.py" line="123" name="test_load_sample_images" time="0.003"></testcase><testcase classname="sklearn.datasets.tests.test_base" file="sklearn/datasets/tests/test_base.py" line="141" name="test_load_sample_image" time="0.002"></testcase><testcase classname="sklearn.datasets.tests.test_base" file="sklearn/datasets/tests/test_base.py" line="150" name="test_load_missing_sample_image_error" time="0.002"></testcase><testcase classname="sklearn.datasets.tests.test_base" file="sklearn/datasets/tests/test_base.py" line="158" name="test_loader[load_breast_cancer-data_shape0-target_shape0-2-True-filenames0]" time="0.027"></testcase><testcase classname="sklearn.datasets.tests.test_base" file="sklearn/datasets/tests/test_base.py" line="158" name="test_loader[load_wine-data_shape1-target_shape1-3-True-filenames1]" time="0.008"></testcase><testcase classname="sklearn.datasets.tests.test_base" file="sklearn/datasets/tests/test_base.py" line="158" name="test_loader[load_iris-data_shape2-target_shape2-3-True-filenames2]" time="0.007"></testcase><testcase classname="sklearn.datasets.tests.test_base" file="sklearn/datasets/tests/test_base.py" line="158" name="test_loader[load_linnerud-data_shape3-target_shape3-3-True-filenames3]" time="0.006"></testcase><testcase classname="sklearn.datasets.tests.test_base" file="sklearn/datasets/tests/test_base.py" line="158" name="test_loader[load_diabetes-data_shape4-target_shape4-None-True-filenames4]" time="0.051"></testcase><testcase classname="sklearn.datasets.tests.test_base" file="sklearn/datasets/tests/test_base.py" line="158" name="test_loader[load_digits-data_shape5-target_shape5-10-True-filenames5]" time="0.111"></testcase><testcase classname="sklearn.datasets.tests.test_base" file="sklearn/datasets/tests/test_base.py" line="158" name="test_loader[loader_func6-data_shape6-target_shape6-10-True-filenames6]" time="0.095"></testcase><testcase classname="sklearn.datasets.tests.test_base" file="sklearn/datasets/tests/test_base.py" line="158" name="test_loader[load_boston-data_shape7-target_shape7-None-True-filenames7]" time="0.011"></testcase><testcase classname="sklearn.datasets.tests.test_base" file="sklearn/datasets/tests/test_base.py" line="187" name="test_toy_dataset_frame_dtype[load_breast_cancer-float64-int]" time="0.017"><skipped message="could not import &apos;pandas&apos;: No module named &apos;pandas&apos;" type="pytest.skip">/Users/alfaro96/Workspace/Python/scikit-learn/sklearn/datasets/tests/test_common.py:62: could not import &apos;pandas&apos;: No module named &apos;pandas&apos;</skipped></testcase><testcase classname="sklearn.datasets.tests.test_base" file="sklearn/datasets/tests/test_base.py" line="187" name="test_toy_dataset_frame_dtype[load_diabetes-float64-float64]" time="0.022"><skipped message="could not import &apos;pandas&apos;: No module named &apos;pandas&apos;" type="pytest.skip">/Users/alfaro96/Workspace/Python/scikit-learn/sklearn/datasets/tests/test_common.py:62: could not import &apos;pandas&apos;: No module named &apos;pandas&apos;</skipped></testcase><testcase classname="sklearn.datasets.tests.test_base" file="sklearn/datasets/tests/test_base.py" line="187" name="test_toy_dataset_frame_dtype[load_digits-float64-int]" time="0.091"><skipped message="could not import &apos;pandas&apos;: No module named &apos;pandas&apos;" type="pytest.skip">/Users/alfaro96/Workspace/Python/scikit-learn/sklearn/datasets/tests/test_common.py:62: could not import &apos;pandas&apos;: No module named &apos;pandas&apos;</skipped></testcase><testcase classname="sklearn.datasets.tests.test_base" file="sklearn/datasets/tests/test_base.py" line="187" name="test_toy_dataset_frame_dtype[load_iris-float64-int]" time="0.004"><skipped message="could not import &apos;pandas&apos;: No module named &apos;pandas&apos;" type="pytest.skip">/Users/alfaro96/Workspace/Python/scikit-learn/sklearn/datasets/tests/test_common.py:62: could not import &apos;pandas&apos;: No module named &apos;pandas&apos;</skipped></testcase><testcase classname="sklearn.datasets.tests.test_base" file="sklearn/datasets/tests/test_base.py" line="187" name="test_toy_dataset_frame_dtype[load_linnerud-float64-float64]" time="0.004"><skipped message="could not import &apos;pandas&apos;: No module named &apos;pandas&apos;" type="pytest.skip">/Users/alfaro96/Workspace/Python/scikit-learn/sklearn/datasets/tests/test_common.py:62: could not import &apos;pandas&apos;: No module named &apos;pandas&apos;</skipped></testcase><testcase classname="sklearn.datasets.tests.test_base" file="sklearn/datasets/tests/test_base.py" line="187" name="test_toy_dataset_frame_dtype[load_wine-float64-int]" time="0.005"><skipped message="could not import &apos;pandas&apos;: No module named &apos;pandas&apos;" type="pytest.skip">/Users/alfaro96/Workspace/Python/scikit-learn/sklearn/datasets/tests/test_common.py:62: could not import &apos;pandas&apos;: No module named &apos;pandas&apos;</skipped></testcase><testcase classname="sklearn.datasets.tests.test_base" file="sklearn/datasets/tests/test_base.py" line="202" name="test_loads_dumps_bunch" time="0.002"></testcase><testcase classname="sklearn.datasets.tests.test_base" file="sklearn/datasets/tests/test_base.py" line="209" name="test_bunch_pickle_generated_with_0_16_and_read_with_0_17" time="0.001"></testcase><testcase classname="sklearn.datasets.tests.test_base" file="sklearn/datasets/tests/test_base.py" line="230" name="test_bunch_dir" time="0.003"></testcase><testcase classname="sklearn.datasets.tests.test_california_housing" file="sklearn/datasets/tests/test_california_housing.py" line="9" name="test_fetch" time="0.001"><skipped message="Download california_housing to run this test" type="pytest.skip">/Users/alfaro96/Workspace/Python/scikit-learn/sklearn/datasets/tests/conftest.py:24: Download california_housing to run this test</skipped></testcase><testcase classname="sklearn.datasets.tests.test_california_housing" file="sklearn/datasets/tests/test_california_housing.py" line="19" name="test_fetch_asframe" time="0.003"><skipped message="could not import &apos;pandas&apos;: No module named &apos;pandas&apos;" type="pytest.skip">/Users/alfaro96/Workspace/Python/scikit-learn/sklearn/datasets/tests/test_california_housing.py:21: could not import &apos;pandas&apos;: No module named &apos;pandas&apos;</skipped></testcase><testcase classname="sklearn.datasets.tests.test_california_housing" file="sklearn/datasets/tests/test_california_housing.py" line="29" name="test_pandas_dependency_message" time="0.002"><skipped message="Download california_housing to run this test" type="pytest.skip">/Users/alfaro96/Workspace/Python/scikit-learn/sklearn/datasets/tests/conftest.py:24: Download california_housing to run this test</skipped></testcase><testcase classname="sklearn.datasets.tests.test_common" file="sklearn/datasets/tests/test_common.py" line="102" name="test_common_check_return_X_y[fetch_20newsgroups-fetch_20newsgroups]" time="0.001"><skipped message="Skip because fetcher requires internet network" type="pytest.skip">/Users/alfaro96/Workspace/Python/scikit-learn/sklearn/datasets/tests/test_common.py:103: Skip because fetcher requires internet network</skipped></testcase><testcase classname="sklearn.datasets.tests.test_common" file="sklearn/datasets/tests/test_common.py" line="102" name="test_common_check_return_X_y[fetch_20newsgroups_vectorized-fetch_20newsgroups_vectorized]" time="0.001"><skipped message="Skip because fetcher requires internet network" type="pytest.skip">/Users/alfaro96/Workspace/Python/scikit-learn/sklearn/datasets/tests/test_common.py:103: Skip because fetcher requires internet network</skipped></testcase><testcase classname="sklearn.datasets.tests.test_common" file="sklearn/datasets/tests/test_common.py" line="102" name="test_common_check_return_X_y[fetch_california_housing-fetch_california_housing]" time="0.001"><skipped message="Skip because fetcher requires internet network" type="pytest.skip">/Users/alfaro96/Workspace/Python/scikit-learn/sklearn/datasets/tests/test_common.py:103: Skip because fetcher requires internet network</skipped></testcase><testcase classname="sklearn.datasets.tests.test_common" file="sklearn/datasets/tests/test_common.py" line="102" name="test_common_check_return_X_y[fetch_covtype-fetch_covtype]" time="0.001"><skipped message="Skip because fetcher requires internet network" type="pytest.skip">/Users/alfaro96/Workspace/Python/scikit-learn/sklearn/datasets/tests/test_common.py:103: Skip because fetcher requires internet network</skipped></testcase><testcase classname="sklearn.datasets.tests.test_common" file="sklearn/datasets/tests/test_common.py" line="102" name="test_common_check_return_X_y[fetch_kddcup99-fetch_kddcup99]" time="0.001"><skipped message="Skip because fetcher requires internet network" type="pytest.skip">/Users/alfaro96/Workspace/Python/scikit-learn/sklearn/datasets/tests/test_common.py:103: Skip because fetcher requires internet network</skipped></testcase><testcase classname="sklearn.datasets.tests.test_common" file="sklearn/datasets/tests/test_common.py" line="102" name="test_common_check_return_X_y[fetch_lfw_people-fetch_lfw_people]" time="0.001"><skipped message="Skip because fetcher requires internet network" type="pytest.skip">/Users/alfaro96/Workspace/Python/scikit-learn/sklearn/datasets/tests/test_common.py:103: Skip because fetcher requires internet network</skipped></testcase><testcase classname="sklearn.datasets.tests.test_common" file="sklearn/datasets/tests/test_common.py" line="102" name="test_common_check_return_X_y[fetch_olivetti_faces-fetch_olivetti_faces]" time="0.001"><skipped message="Skip because fetcher requires internet network" type="pytest.skip">/Users/alfaro96/Workspace/Python/scikit-learn/sklearn/datasets/tests/test_common.py:103: Skip because fetcher requires internet network</skipped></testcase><testcase classname="sklearn.datasets.tests.test_common" file="sklearn/datasets/tests/test_common.py" line="102" name="test_common_check_return_X_y[fetch_openml-fetch_openml]" time="0.001"><skipped message="Skip because fetcher requires internet network" type="pytest.skip">/Users/alfaro96/Workspace/Python/scikit-learn/sklearn/datasets/tests/test_common.py:103: Skip because fetcher requires internet network</skipped></testcase><testcase classname="sklearn.datasets.tests.test_common" file="sklearn/datasets/tests/test_common.py" line="102" name="test_common_check_return_X_y[fetch_rcv1-fetch_rcv1]" time="0.002"><skipped message="Skip because fetcher requires internet network" type="pytest.skip">/Users/alfaro96/Workspace/Python/scikit-learn/sklearn/datasets/tests/test_common.py:103: Skip because fetcher requires internet network</skipped></testcase><testcase classname="sklearn.datasets.tests.test_common" file="sklearn/datasets/tests/test_common.py" line="102" name="test_common_check_return_X_y[load_boston-load_boston]" time="0.026"></testcase><testcase classname="sklearn.datasets.tests.test_common" file="sklearn/datasets/tests/test_common.py" line="102" name="test_common_check_return_X_y[load_breast_cancer-load_breast_cancer]" time="0.041"></testcase><testcase classname="sklearn.datasets.tests.test_common" file="sklearn/datasets/tests/test_common.py" line="102" name="test_common_check_return_X_y[load_diabetes-load_diabetes]" time="0.035"></testcase><testcase classname="sklearn.datasets.tests.test_common" file="sklearn/datasets/tests/test_common.py" line="102" name="test_common_check_return_X_y[load_digits-load_digits]" time="0.162"></testcase><testcase classname="sklearn.datasets.tests.test_common" file="sklearn/datasets/tests/test_common.py" line="102" name="test_common_check_return_X_y[load_iris-load_iris]" time="0.006"></testcase><testcase classname="sklearn.datasets.tests.test_common" file="sklearn/datasets/tests/test_common.py" line="102" name="test_common_check_return_X_y[load_linnerud-load_linnerud]" time="0.005"></testcase><testcase classname="sklearn.datasets.tests.test_common" file="sklearn/datasets/tests/test_common.py" line="102" name="test_common_check_return_X_y[load_wine-load_wine]" time="0.009"></testcase><testcase classname="sklearn.datasets.tests.test_common" file="sklearn/datasets/tests/test_common.py" line="110" name="test_common_check_as_frame[fetch_california_housing-fetch_california_housing]" time="0.001"><skipped message="Skip because fetcher requires internet network" type="pytest.skip">/Users/alfaro96/Workspace/Python/scikit-learn/sklearn/datasets/tests/test_common.py:111: Skip because fetcher requires internet network</skipped></testcase><testcase classname="sklearn.datasets.tests.test_common" file="sklearn/datasets/tests/test_common.py" line="110" name="test_common_check_as_frame[fetch_covtype-fetch_covtype]" time="0.001"><skipped message="Skip because fetcher requires internet network" type="pytest.skip">/Users/alfaro96/Workspace/Python/scikit-learn/sklearn/datasets/tests/test_common.py:111: Skip because fetcher requires internet network</skipped></testcase><testcase classname="sklearn.datasets.tests.test_common" file="sklearn/datasets/tests/test_common.py" line="110" name="test_common_check_as_frame[fetch_openml-fetch_openml]" time="0.000"><skipped message="Skip because fetcher requires internet network" type="pytest.skip">/Users/alfaro96/Workspace/Python/scikit-learn/sklearn/datasets/tests/test_common.py:111: Skip because fetcher requires internet network</skipped></testcase><testcase classname="sklearn.datasets.tests.test_common" file="sklearn/datasets/tests/test_common.py" line="110" name="test_common_check_as_frame[load_breast_cancer-load_breast_cancer]" time="0.023"><skipped message="could not import &apos;pandas&apos;: No module named &apos;pandas&apos;" type="pytest.skip">/Users/alfaro96/Workspace/Python/scikit-learn/sklearn/datasets/tests/test_common.py:62: could not import &apos;pandas&apos;: No module named &apos;pandas&apos;</skipped></testcase><testcase classname="sklearn.datasets.tests.test_common" file="sklearn/datasets/tests/test_common.py" line="110" name="test_common_check_as_frame[load_diabetes-load_diabetes]" time="0.021"><skipped message="could not import &apos;pandas&apos;: No module named &apos;pandas&apos;" type="pytest.skip">/Users/alfaro96/Workspace/Python/scikit-learn/sklearn/datasets/tests/test_common.py:62: could not import &apos;pandas&apos;: No module named &apos;pandas&apos;</skipped></testcase><testcase classname="sklearn.datasets.tests.test_common" file="sklearn/datasets/tests/test_common.py" line="110" name="test_common_check_as_frame[load_digits-load_digits]" time="0.079"><skipped message="could not import &apos;pandas&apos;: No module named &apos;pandas&apos;" type="pytest.skip">/Users/alfaro96/Workspace/Python/scikit-learn/sklearn/datasets/tests/test_common.py:62: could not import &apos;pandas&apos;: No module named &apos;pandas&apos;</skipped></testcase><testcase classname="sklearn.datasets.tests.test_common" file="sklearn/datasets/tests/test_common.py" line="110" name="test_common_check_as_frame[load_iris-load_iris]" time="0.002"><skipped message="could not import &apos;pandas&apos;: No module named &apos;pandas&apos;" type="pytest.skip">/Users/alfaro96/Workspace/Python/scikit-learn/sklearn/datasets/tests/test_common.py:62: could not import &apos;pandas&apos;: No module named &apos;pandas&apos;</skipped></testcase><testcase classname="sklearn.datasets.tests.test_common" file="sklearn/datasets/tests/test_common.py" line="110" name="test_common_check_as_frame[load_linnerud-load_linnerud]" time="0.006"><skipped message="could not import &apos;pandas&apos;: No module named &apos;pandas&apos;" type="pytest.skip">/Users/alfaro96/Workspace/Python/scikit-learn/sklearn/datasets/tests/test_common.py:62: could not import &apos;pandas&apos;: No module named &apos;pandas&apos;</skipped></testcase><testcase classname="sklearn.datasets.tests.test_common" file="sklearn/datasets/tests/test_common.py" line="110" name="test_common_check_as_frame[load_wine-load_wine]" time="0.005"><skipped message="could not import &apos;pandas&apos;: No module named &apos;pandas&apos;" type="pytest.skip">/Users/alfaro96/Workspace/Python/scikit-learn/sklearn/datasets/tests/test_common.py:62: could not import &apos;pandas&apos;: No module named &apos;pandas&apos;</skipped></testcase><testcase classname="sklearn.datasets.tests.test_common" file="sklearn/datasets/tests/test_common.py" line="118" name="test_common_check_pandas_dependency[fetch_california_housing-fetch_california_housing]" time="0.001"><skipped message="Skip because fetcher requires internet network" type="pytest.skip">/Users/alfaro96/Workspace/Python/scikit-learn/sklearn/datasets/tests/test_common.py:119: Skip because fetcher requires internet network</skipped></testcase><testcase classname="sklearn.datasets.tests.test_common" file="sklearn/datasets/tests/test_common.py" line="118" name="test_common_check_pandas_dependency[fetch_covtype-fetch_covtype]" time="0.001"><skipped message="Skip because fetcher requires internet network" type="pytest.skip">/Users/alfaro96/Workspace/Python/scikit-learn/sklearn/datasets/tests/test_common.py:119: Skip because fetcher requires internet network</skipped></testcase><testcase classname="sklearn.datasets.tests.test_common" file="sklearn/datasets/tests/test_common.py" line="118" name="test_common_check_pandas_dependency[fetch_openml-fetch_openml]" time="0.000"><skipped message="Skip because fetcher requires internet network" type="pytest.skip">/Users/alfaro96/Workspace/Python/scikit-learn/sklearn/datasets/tests/test_common.py:119: Skip because fetcher requires internet network</skipped></testcase><testcase classname="sklearn.datasets.tests.test_common" file="sklearn/datasets/tests/test_common.py" line="118" name="test_common_check_pandas_dependency[load_breast_cancer-load_breast_cancer]" time="0.021"></testcase><testcase classname="sklearn.datasets.tests.test_common" file="sklearn/datasets/tests/test_common.py" line="118" name="test_common_check_pandas_dependency[load_diabetes-load_diabetes]" time="0.023"></testcase><testcase classname="sklearn.datasets.tests.test_common" file="sklearn/datasets/tests/test_common.py" line="118" name="test_common_check_pandas_dependency[load_digits-load_digits]" time="0.080"></testcase><testcase classname="sklearn.datasets.tests.test_common" file="sklearn/datasets/tests/test_common.py" line="118" name="test_common_check_pandas_dependency[load_iris-load_iris]" time="0.003"></testcase><testcase classname="sklearn.datasets.tests.test_common" file="sklearn/datasets/tests/test_common.py" line="118" name="test_common_check_pandas_dependency[load_linnerud-load_linnerud]" time="0.006"></testcase><testcase classname="sklearn.datasets.tests.test_common" file="sklearn/datasets/tests/test_common.py" line="118" name="test_common_check_pandas_dependency[load_wine-load_wine]" time="0.006"></testcase><testcase classname="sklearn.datasets.tests.test_covtype" file="sklearn/datasets/tests/test_covtype.py" line="8" name="test_fetch" time="0.001"><skipped message="Download covtype to run this test" type="pytest.skip">/Users/alfaro96/Workspace/Python/scikit-learn/sklearn/datasets/tests/conftest.py:24: Download covtype to run this test</skipped></testcase><testcase classname="sklearn.datasets.tests.test_covtype" file="sklearn/datasets/tests/test_covtype.py" line="27" name="test_fetch_asframe" time="0.002"><skipped message="could not import &apos;pandas&apos;: No module named &apos;pandas&apos;" type="pytest.skip">/Users/alfaro96/Workspace/Python/scikit-learn/sklearn/datasets/tests/test_covtype.py:29: could not import &apos;pandas&apos;: No module named &apos;pandas&apos;</skipped></testcase><testcase classname="sklearn.datasets.tests.test_covtype" file="sklearn/datasets/tests/test_covtype.py" line="44" name="test_pandas_dependency_message" time="0.001"><skipped message="Download covtype to run this test" type="pytest.skip">/Users/alfaro96/Workspace/Python/scikit-learn/sklearn/datasets/tests/conftest.py:24: Download covtype to run this test</skipped></testcase><testcase classname="sklearn.datasets.tests.test_kddcup99" file="sklearn/datasets/tests/test_kddcup99.py" line="12" name="test_percent10" time="0.003"><skipped message="Download kddcup99 to run this test" type="pytest.skip">/Users/alfaro96/Workspace/Python/scikit-learn/sklearn/datasets/tests/conftest.py:24: Download kddcup99 to run this test</skipped></testcase><testcase classname="sklearn.datasets.tests.test_kddcup99" file="sklearn/datasets/tests/test_kddcup99.py" line="42" name="test_shuffle" time="0.001"><skipped message="Download kddcup99 to run this test" type="pytest.skip">/Users/alfaro96/Workspace/Python/scikit-learn/sklearn/datasets/tests/conftest.py:24: Download kddcup99 to run this test</skipped></testcase><testcase classname="sklearn.datasets.tests.test_lfw" file="sklearn/datasets/tests/test_lfw.py" line="114" name="test_load_empty_lfw_people" time="0.001"><skipped message="PIL not installed." type="pytest.skip">/Users/alfaro96/Software/anaconda3/envs/sklearn-dev/lib/python3.8/site-packages/_pytest/unittest.py:310: PIL not installed.</skipped></testcase><testcase classname="sklearn.datasets.tests.test_lfw" file="sklearn/datasets/tests/test_lfw.py" line="120" name="test_load_fake_lfw_people" time="0.001"><skipped message="PIL not installed." type="pytest.skip">/Users/alfaro96/Software/anaconda3/envs/sklearn-dev/lib/python3.8/site-packages/_pytest/unittest.py:310: PIL not installed.</skipped></testcase><testcase classname="sklearn.datasets.tests.test_lfw" file="sklearn/datasets/tests/test_lfw.py" line="159" name="test_load_fake_lfw_people_too_restrictive" time="0.001"><skipped message="PIL not installed." type="pytest.skip">/Users/alfaro96/Software/anaconda3/envs/sklearn-dev/lib/python3.8/site-packages/_pytest/unittest.py:310: PIL not installed.</skipped></testcase><testcase classname="sklearn.datasets.tests.test_lfw" file="sklearn/datasets/tests/test_lfw.py" line="165" name="test_load_empty_lfw_pairs" time="0.001"><skipped message="PIL not installed." type="pytest.skip">/Users/alfaro96/Software/anaconda3/envs/sklearn-dev/lib/python3.8/site-packages/_pytest/unittest.py:310: PIL not installed.</skipped></testcase><testcase classname="sklearn.datasets.tests.test_lfw" file="sklearn/datasets/tests/test_lfw.py" line="171" name="test_load_fake_lfw_pairs" time="0.001"><skipped message="PIL not installed." type="pytest.skip">/Users/alfaro96/Software/anaconda3/envs/sklearn-dev/lib/python3.8/site-packages/_pytest/unittest.py:310: PIL not installed.</skipped></testcase><testcase classname="sklearn.datasets.tests.test_olivetti_faces" file="sklearn/datasets/tests/test_olivetti_faces.py" line="12" name="test_olivetti_faces" time="0.001"><skipped message="Download olivetti_faces to run this test" type="pytest.skip">/Users/alfaro96/Workspace/Python/scikit-learn/sklearn/datasets/tests/conftest.py:24: Download olivetti_faces to run this test</skipped></testcase><testcase classname="sklearn.datasets.tests.test_openml" file="sklearn/datasets/tests/test_openml.py" line="273" name="test_feature_to_dtype[feature0-object]" time="0.001"></testcase><testcase classname="sklearn.datasets.tests.test_openml" file="sklearn/datasets/tests/test_openml.py" line="273" name="test_feature_to_dtype[feature1-object]" time="0.003"></testcase><testcase classname="sklearn.datasets.tests.test_openml" file="sklearn/datasets/tests/test_openml.py" line="273" name="test_feature_to_dtype[feature2-float64]" time="0.001"></testcase><testcase classname="sklearn.datasets.tests.test_openml" file="sklearn/datasets/tests/test_openml.py" line="273" name="test_feature_to_dtype[feature3-float64]" time="0.001"></testcase><testcase classname="sklearn.datasets.tests.test_openml" file="sklearn/datasets/tests/test_openml.py" line="273" name="test_feature_to_dtype[feature4-float64]" time="0.002"></testcase><testcase classname="sklearn.datasets.tests.test_openml" file="sklearn/datasets/tests/test_openml.py" line="273" name="test_feature_to_dtype[feature5-float64]" time="0.002"></testcase><testcase classname="sklearn.datasets.tests.test_openml" file="sklearn/datasets/tests/test_openml.py" line="273" name="test_feature_to_dtype[feature6-int64]" time="0.002"></testcase><testcase classname="sklearn.datasets.tests.test_openml" file="sklearn/datasets/tests/test_openml.py" line="273" name="test_feature_to_dtype[feature7-float64]" time="0.002"></testcase><testcase classname="sklearn.datasets.tests.test_openml" file="sklearn/datasets/tests/test_openml.py" line="273" name="test_feature_to_dtype[feature8-category]" time="0.002"></testcase><testcase classname="sklearn.datasets.tests.test_openml" file="sklearn/datasets/tests/test_openml.py" line="273" name="test_feature_to_dtype[feature9-category]" time="0.002"></testcase><testcase classname="sklearn.datasets.tests.test_openml" file="sklearn/datasets/tests/test_openml.py" line="289" name="test_feature_to_dtype_error[feature0]" time="0.005"></testcase><testcase classname="sklearn.datasets.tests.test_openml" file="sklearn/datasets/tests/test_openml.py" line="298" name="test_fetch_openml_iris_pandas" time="0.003"><skipped message="could not import &apos;pandas&apos;: No module named &apos;pandas&apos;" type="pytest.skip">/Users/alfaro96/Workspace/Python/scikit-learn/sklearn/datasets/tests/test_openml.py:301: could not import &apos;pandas&apos;: No module named &apos;pandas&apos;</skipped></testcase><testcase classname="sklearn.datasets.tests.test_openml" file="sklearn/datasets/tests/test_openml.py" line="339" name="test_fetch_openml_iris_pandas_equal_to_no_frame" time="0.002"><skipped message="could not import &apos;pandas&apos;: No module named &apos;pandas&apos;" type="pytest.skip">/Users/alfaro96/Workspace/Python/scikit-learn/sklearn/datasets/tests/test_openml.py:342: could not import &apos;pandas&apos;: No module named &apos;pandas&apos;</skipped></testcase><testcase classname="sklearn.datasets.tests.test_openml" file="sklearn/datasets/tests/test_openml.py" line="358" name="test_fetch_openml_iris_multitarget_pandas" time="0.004"><skipped message="could not import &apos;pandas&apos;: No module named &apos;pandas&apos;" type="pytest.skip">/Users/alfaro96/Workspace/Python/scikit-learn/sklearn/datasets/tests/test_openml.py:361: could not import &apos;pandas&apos;: No module named &apos;pandas&apos;</skipped></testcase><testcase classname="sklearn.datasets.tests.test_openml" file="sklearn/datasets/tests/test_openml.py" line="400" name="test_fetch_openml_anneal_pandas" time="0.002"><skipped message="could not import &apos;pandas&apos;: No module named &apos;pandas&apos;" type="pytest.skip">/Users/alfaro96/Workspace/Python/scikit-learn/sklearn/datasets/tests/test_openml.py:403: could not import &apos;pandas&apos;: No module named &apos;pandas&apos;</skipped></testcase><testcase classname="sklearn.datasets.tests.test_openml" file="sklearn/datasets/tests/test_openml.py" line="437" name="test_fetch_openml_cpu_pandas" time="0.002"><skipped message="could not import &apos;pandas&apos;: No module named &apos;pandas&apos;" type="pytest.skip">/Users/alfaro96/Workspace/Python/scikit-learn/sklearn/datasets/tests/test_openml.py:440: could not import &apos;pandas&apos;: No module named &apos;pandas&apos;</skipped></testcase><testcase classname="sklearn.datasets.tests.test_openml" file="sklearn/datasets/tests/test_openml.py" line="481" name="test_fetch_openml_australian_pandas_error_sparse" time="0.011"></testcase><testcase classname="sklearn.datasets.tests.test_openml" file="sklearn/datasets/tests/test_openml.py" line="491" name="test_fetch_openml_as_frame_auto" time="0.003"><skipped message="could not import &apos;pandas&apos;: No module named &apos;pandas&apos;" type="pytest.skip">/Users/alfaro96/Workspace/Python/scikit-learn/sklearn/datasets/tests/test_openml.py:493: could not import &apos;pandas&apos;: No module named &apos;pandas&apos;</skipped></testcase><testcase classname="sklearn.datasets.tests.test_openml" file="sklearn/datasets/tests/test_openml.py" line="505" name="test_convert_arff_data_dataframe_warning_low_memory_pandas" time="0.003"><skipped message="could not import &apos;pandas&apos;: No module named &apos;pandas&apos;" type="pytest.skip">/Users/alfaro96/Workspace/Python/scikit-learn/sklearn/datasets/tests/test_openml.py:507: could not import &apos;pandas&apos;: No module named &apos;pandas&apos;</skipped></testcase><testcase classname="sklearn.datasets.tests.test_openml" file="sklearn/datasets/tests/test_openml.py" line="517" name="test_fetch_openml_adultcensus_pandas_return_X_y" time="0.005"><skipped message="could not import &apos;pandas&apos;: No module named &apos;pandas&apos;" type="pytest.skip">/Users/alfaro96/Workspace/Python/scikit-learn/sklearn/datasets/tests/test_openml.py:519: could not import &apos;pandas&apos;: No module named &apos;pandas&apos;</skipped></testcase><testcase classname="sklearn.datasets.tests.test_openml" file="sklearn/datasets/tests/test_openml.py" line="545" name="test_fetch_openml_adultcensus_pandas" time="0.002"><skipped message="could not import &apos;pandas&apos;: No module named &apos;pandas&apos;" type="pytest.skip">/Users/alfaro96/Workspace/Python/scikit-learn/sklearn/datasets/tests/test_openml.py:547: could not import &apos;pandas&apos;: No module named &apos;pandas&apos;</skipped></testcase><testcase classname="sklearn.datasets.tests.test_openml" file="sklearn/datasets/tests/test_openml.py" line="581" name="test_fetch_openml_miceprotein_pandas" time="0.001"><skipped message="could not import &apos;pandas&apos;: No module named &apos;pandas&apos;" type="pytest.skip">/Users/alfaro96/Workspace/Python/scikit-learn/sklearn/datasets/tests/test_openml.py:586: could not import &apos;pandas&apos;: No module named &apos;pandas&apos;</skipped></testcase><testcase classname="sklearn.datasets.tests.test_openml" file="sklearn/datasets/tests/test_openml.py" line="621" name="test_fetch_openml_emotions_pandas" time="0.003"><skipped message="could not import &apos;pandas&apos;: No module named &apos;pandas&apos;" type="pytest.skip">/Users/alfaro96/Workspace/Python/scikit-learn/sklearn/datasets/tests/test_openml.py:624: could not import &apos;pandas&apos;: No module named &apos;pandas&apos;</skipped></testcase><testcase classname="sklearn.datasets.tests.test_openml" file="sklearn/datasets/tests/test_openml.py" line="659" name="test_fetch_openml_titanic_pandas" time="0.004"><skipped message="could not import &apos;pandas&apos;: No module named &apos;pandas&apos;" type="pytest.skip">/Users/alfaro96/Workspace/Python/scikit-learn/sklearn/datasets/tests/test_openml.py:662: could not import &apos;pandas&apos;: No module named &apos;pandas&apos;</skipped></testcase><testcase classname="sklearn.datasets.tests.test_openml" file="sklearn/datasets/tests/test_openml.py" line="715" name="test_fetch_openml_iris[True]" time="0.043"></testcase><testcase classname="sklearn.datasets.tests.test_openml" file="sklearn/datasets/tests/test_openml.py" line="715" name="test_fetch_openml_iris[False]" time="0.030"></testcase><testcase classname="sklearn.datasets.tests.test_openml" file="sklearn/datasets/tests/test_openml.py" line="746" name="test_decode_iris" time="0.017"></testcase><testcase classname="sklearn.datasets.tests.test_openml" file="sklearn/datasets/tests/test_openml.py" line="752" name="test_fetch_openml_iris_multitarget[True]" time="0.031"></testcase><testcase classname="sklearn.datasets.tests.test_openml" file="sklearn/datasets/tests/test_openml.py" line="752" name="test_fetch_openml_iris_multitarget[False]" time="0.019"></testcase><testcase classname="sklearn.datasets.tests.test_openml" file="sklearn/datasets/tests/test_openml.py" line="771" name="test_fetch_openml_anneal[True]" time="0.024"></testcase><testcase classname="sklearn.datasets.tests.test_openml" file="sklearn/datasets/tests/test_openml.py" line="771" name="test_fetch_openml_anneal[False]" time="0.025"></testcase><testcase classname="sklearn.datasets.tests.test_openml" file="sklearn/datasets/tests/test_openml.py" line="790" name="test_decode_anneal" time="0.017"></testcase><testcase classname="sklearn.datasets.tests.test_openml" file="sklearn/datasets/tests/test_openml.py" line="796" name="test_fetch_openml_anneal_multitarget[True]" time="0.019"></testcase><testcase classname="sklearn.datasets.tests.test_openml" file="sklearn/datasets/tests/test_openml.py" line="796" name="test_fetch_openml_anneal_multitarget[False]" time="0.018"></testcase><testcase classname="sklearn.datasets.tests.test_openml" file="sklearn/datasets/tests/test_openml.py" line="815" name="test_fetch_openml_cpu[True]" time="0.036"></testcase><testcase classname="sklearn.datasets.tests.test_openml" file="sklearn/datasets/tests/test_openml.py" line="815" name="test_fetch_openml_cpu[False]" time="0.035"></testcase><testcase classname="sklearn.datasets.tests.test_openml" file="sklearn/datasets/tests/test_openml.py" line="833" name="test_decode_cpu" time="0.012"></testcase><testcase classname="sklearn.datasets.tests.test_openml" file="sklearn/datasets/tests/test_openml.py" line="839" name="test_fetch_openml_australian[True]" time="0.031"></testcase><testcase classname="sklearn.datasets.tests.test_openml" file="sklearn/datasets/tests/test_openml.py" line="839" name="test_fetch_openml_australian[False]" time="0.025"></testcase><testcase classname="sklearn.datasets.tests.test_openml" file="sklearn/datasets/tests/test_openml.py" line="871" name="test_fetch_openml_adultcensus[True]" time="0.018"></testcase><testcase classname="sklearn.datasets.tests.test_openml" file="sklearn/datasets/tests/test_openml.py" line="871" name="test_fetch_openml_adultcensus[False]" time="0.014"></testcase><testcase classname="sklearn.datasets.tests.test_openml" file="sklearn/datasets/tests/test_openml.py" line="890" name="test_fetch_openml_miceprotein[True]" time="0.048"></testcase><testcase classname="sklearn.datasets.tests.test_openml" file="sklearn/datasets/tests/test_openml.py" line="890" name="test_fetch_openml_miceprotein[False]" time="0.035"></testcase><testcase classname="sklearn.datasets.tests.test_openml" file="sklearn/datasets/tests/test_openml.py" line="912" name="test_fetch_openml_emotions[True]" time="0.022"></testcase><testcase classname="sklearn.datasets.tests.test_openml" file="sklearn/datasets/tests/test_openml.py" line="912" name="test_fetch_openml_emotions[False]" time="0.022"></testcase><testcase classname="sklearn.datasets.tests.test_openml" file="sklearn/datasets/tests/test_openml.py" line="932" name="test_decode_emotions" time="0.013"></testcase><testcase classname="sklearn.datasets.tests.test_openml" file="sklearn/datasets/tests/test_openml.py" line="938" name="test_open_openml_url_cache[True]" time="0.004"></testcase><testcase classname="sklearn.datasets.tests.test_openml" file="sklearn/datasets/tests/test_openml.py" line="938" name="test_open_openml_url_cache[False]" time="0.005"></testcase><testcase classname="sklearn.datasets.tests.test_openml" file="sklearn/datasets/tests/test_openml.py" line="956" name="test_open_openml_url_unlinks_local_path[True-True]" time="0.003"></testcase><testcase classname="sklearn.datasets.tests.test_openml" file="sklearn/datasets/tests/test_openml.py" line="956" name="test_open_openml_url_unlinks_local_path[True-False]" time="0.003"></testcase><testcase classname="sklearn.datasets.tests.test_openml" file="sklearn/datasets/tests/test_openml.py" line="956" name="test_open_openml_url_unlinks_local_path[False-True]" time="0.002"></testcase><testcase classname="sklearn.datasets.tests.test_openml" file="sklearn/datasets/tests/test_openml.py" line="956" name="test_open_openml_url_unlinks_local_path[False-False]" time="0.003"></testcase><testcase classname="sklearn.datasets.tests.test_openml" file="sklearn/datasets/tests/test_openml.py" line="979" name="test_retry_with_clean_cache" time="0.006"></testcase><testcase classname="sklearn.datasets.tests.test_openml" file="sklearn/datasets/tests/test_openml.py" line="1002" name="test_retry_with_clean_cache_http_error" time="0.003"></testcase><testcase classname="sklearn.datasets.tests.test_openml" file="sklearn/datasets/tests/test_openml.py" line="1018" name="test_fetch_openml_cache[True]" time="0.014"></testcase><testcase classname="sklearn.datasets.tests.test_openml" file="sklearn/datasets/tests/test_openml.py" line="1018" name="test_fetch_openml_cache[False]" time="0.017"></testcase><testcase classname="sklearn.datasets.tests.test_openml" file="sklearn/datasets/tests/test_openml.py" line="1042" name="test_fetch_openml_notarget[True]" time="0.007"></testcase><testcase classname="sklearn.datasets.tests.test_openml" file="sklearn/datasets/tests/test_openml.py" line="1042" name="test_fetch_openml_notarget[False]" time="0.005"></testcase><testcase classname="sklearn.datasets.tests.test_openml" file="sklearn/datasets/tests/test_openml.py" line="1056" name="test_fetch_openml_inactive[True]" time="0.015"></testcase><testcase classname="sklearn.datasets.tests.test_openml" file="sklearn/datasets/tests/test_openml.py" line="1056" name="test_fetch_openml_inactive[False]" time="0.013"></testcase><testcase classname="sklearn.datasets.tests.test_openml" file="sklearn/datasets/tests/test_openml.py" line="1072" name="test_fetch_nonexiting[True]" time="0.002"></testcase><testcase classname="sklearn.datasets.tests.test_openml" file="sklearn/datasets/tests/test_openml.py" line="1072" name="test_fetch_nonexiting[False]" time="0.001"></testcase><testcase classname="sklearn.datasets.tests.test_openml" file="sklearn/datasets/tests/test_openml.py" line="1082" name="test_raises_illegal_multitarget[True]" time="0.004"></testcase><testcase classname="sklearn.datasets.tests.test_openml" file="sklearn/datasets/tests/test_openml.py" line="1082" name="test_raises_illegal_multitarget[False]" time="0.002"></testcase><testcase classname="sklearn.datasets.tests.test_openml" file="sklearn/datasets/tests/test_openml.py" line="1094" name="test_warn_ignore_attribute[True]" time="0.036"></testcase><testcase classname="sklearn.datasets.tests.test_openml" file="sklearn/datasets/tests/test_openml.py" line="1094" name="test_warn_ignore_attribute[False]" time="0.026"></testcase><testcase classname="sklearn.datasets.tests.test_openml" file="sklearn/datasets/tests/test_openml.py" line="1120" name="test_string_attribute_without_dataframe[True]" time="0.002"></testcase><testcase classname="sklearn.datasets.tests.test_openml" file="sklearn/datasets/tests/test_openml.py" line="1120" name="test_string_attribute_without_dataframe[False]" time="0.001"></testcase><testcase classname="sklearn.datasets.tests.test_openml" file="sklearn/datasets/tests/test_openml.py" line="1132" name="test_dataset_with_openml_error[True]" time="0.006"></testcase><testcase classname="sklearn.datasets.tests.test_openml" file="sklearn/datasets/tests/test_openml.py" line="1132" name="test_dataset_with_openml_error[False]" time="0.006"></testcase><testcase classname="sklearn.datasets.tests.test_openml" file="sklearn/datasets/tests/test_openml.py" line="1144" name="test_dataset_with_openml_warning[True]" time="0.536"></testcase><testcase classname="sklearn.datasets.tests.test_openml" file="sklearn/datasets/tests/test_openml.py" line="1144" name="test_dataset_with_openml_warning[False]" time="0.613"></testcase><testcase classname="sklearn.datasets.tests.test_openml" file="sklearn/datasets/tests/test_openml.py" line="1156" name="test_illegal_column[True]" time="0.005"></testcase><testcase classname="sklearn.datasets.tests.test_openml" file="sklearn/datasets/tests/test_openml.py" line="1156" name="test_illegal_column[False]" time="0.006"></testcase><testcase classname="sklearn.datasets.tests.test_openml" file="sklearn/datasets/tests/test_openml.py" line="1170" name="test_fetch_openml_raises_missing_values_target[True]" time="0.013"></testcase><testcase classname="sklearn.datasets.tests.test_openml" file="sklearn/datasets/tests/test_openml.py" line="1170" name="test_fetch_openml_raises_missing_values_target[False]" time="0.003"></testcase><testcase classname="sklearn.datasets.tests.test_openml" file="sklearn/datasets/tests/test_openml.py" line="1178" name="test_fetch_openml_raises_illegal_argument" time="0.001"></testcase><testcase classname="sklearn.datasets.tests.test_openml" file="sklearn/datasets/tests/test_openml.py" line="1194" name="test_fetch_openml_with_ignored_feature[True]" time="0.008"></testcase><testcase classname="sklearn.datasets.tests.test_openml" file="sklearn/datasets/tests/test_openml.py" line="1194" name="test_fetch_openml_with_ignored_feature[False]" time="0.006"></testcase><testcase classname="sklearn.datasets.tests.test_openml" file="sklearn/datasets/tests/test_openml.py" line="1210" name="test_fetch_openml_verify_checksum[True]" time="0.003"><skipped message="could not import &apos;pandas&apos;: No module named &apos;pandas&apos;" type="pytest.skip">/Users/alfaro96/Workspace/Python/scikit-learn/sklearn/datasets/tests/test_openml.py:1214: could not import &apos;pandas&apos;: No module named &apos;pandas&apos;</skipped></testcase><testcase classname="sklearn.datasets.tests.test_openml" file="sklearn/datasets/tests/test_openml.py" line="1210" name="test_fetch_openml_verify_checksum[False]" time="0.011"></testcase><testcase classname="sklearn.datasets.tests.test_openml" file="sklearn/datasets/tests/test_openml.py" line="1251" name="test_convert_arff_data_type" time="0.001"><skipped message="could not import &apos;pandas&apos;: No module named &apos;pandas&apos;" type="pytest.skip">/Users/alfaro96/Workspace/Python/scikit-learn/sklearn/datasets/tests/test_openml.py:1253: could not import &apos;pandas&apos;: No module named &apos;pandas&apos;</skipped></testcase><testcase classname="sklearn.datasets.tests.test_rcv1" file="sklearn/datasets/tests/test_rcv1.py" line="12" name="test_fetch_rcv1" time="0.003"><skipped message="Download rcv1 to run this test" type="pytest.skip">/Users/alfaro96/Workspace/Python/scikit-learn/sklearn/datasets/tests/conftest.py:24: Download rcv1 to run this test</skipped></testcase><testcase classname="sklearn.datasets.tests.test_samples_generator" file="sklearn/datasets/tests/test_samples_generator.py" line="35" name="test_make_classification" time="0.015"></testcase><testcase classname="sklearn.datasets.tests.test_samples_generator" file="sklearn/datasets/tests/test_samples_generator.py" line="63" name="test_make_classification_informative_features" time="0.138"></testcase><testcase classname="sklearn.datasets.tests.test_samples_generator" file="sklearn/datasets/tests/test_samples_generator.py" line="148" name="test_make_classification_weights_type[weights0-ValueError-Weights specified but incompatible with number of classes.]" time="0.003"></testcase><testcase classname="sklearn.datasets.tests.test_samples_generator" file="sklearn/datasets/tests/test_samples_generator.py" line="148" name="test_make_classification_weights_type[weights1-ValueError-Weights specified but incompatible with number of classes.]" time="0.002"></testcase><testcase classname="sklearn.datasets.tests.test_samples_generator" file="sklearn/datasets/tests/test_samples_generator.py" line="148" name="test_make_classification_weights_type[weights2-ValueError-Weights specified but incompatible with number of classes.]" time="0.002"></testcase><testcase classname="sklearn.datasets.tests.test_samples_generator" file="sklearn/datasets/tests/test_samples_generator.py" line="148" name="test_make_classification_weights_type[weights3-ValueError-Weights specified but incompatible with number of classes.]" time="0.003"></testcase><testcase classname="sklearn.datasets.tests.test_samples_generator" file="sklearn/datasets/tests/test_samples_generator.py" line="148" name="test_make_classification_weights_type[weights4-ValueError-Weights specified but incompatible with number of classes.]" time="0.005"></testcase><testcase classname="sklearn.datasets.tests.test_samples_generator" file="sklearn/datasets/tests/test_samples_generator.py" line="168" name="test_make_classification_weights_array_or_list_ok[kwargs0]" time="0.005"></testcase><testcase classname="sklearn.datasets.tests.test_samples_generator" file="sklearn/datasets/tests/test_samples_generator.py" line="168" name="test_make_classification_weights_array_or_list_ok[kwargs1]" time="0.007"></testcase><testcase classname="sklearn.datasets.tests.test_samples_generator" file="sklearn/datasets/tests/test_samples_generator.py" line="178" name="test_make_multilabel_classification_return_sequences" time="0.032"></testcase><testcase classname="sklearn.datasets.tests.test_samples_generator" file="sklearn/datasets/tests/test_samples_generator.py" line="191" name="test_make_multilabel_classification_return_indicator" time="0.017"></testcase><testcase classname="sklearn.datasets.tests.test_samples_generator" file="sklearn/datasets/tests/test_samples_generator.py" line="213" name="test_make_multilabel_classification_return_indicator_sparse" time="0.015"></testcase><testcase classname="sklearn.datasets.tests.test_samples_generator" file="sklearn/datasets/tests/test_samples_generator.py" line="224" name="test_make_multilabel_classification_valid_arguments[params0-&apos;n_classes&apos; should be an integer]" time="0.002"></testcase><testcase classname="sklearn.datasets.tests.test_samples_generator" file="sklearn/datasets/tests/test_samples_generator.py" line="224" name="test_make_multilabel_classification_valid_arguments[params1-&apos;length&apos; should be an integer]" time="0.001"></testcase><testcase classname="sklearn.datasets.tests.test_samples_generator" file="sklearn/datasets/tests/test_samples_generator.py" line="236" name="test_make_hastie_10_2" time="0.002"></testcase><testcase classname="sklearn.datasets.tests.test_samples_generator" file="sklearn/datasets/tests/test_samples_generator.py" line="243" name="test_make_regression" time="0.006"></testcase><testcase classname="sklearn.datasets.tests.test_samples_generator" file="sklearn/datasets/tests/test_samples_generator.py" line="261" name="test_make_regression_multitarget" time="0.004"></testcase><testcase classname="sklearn.datasets.tests.test_samples_generator" file="sklearn/datasets/tests/test_samples_generator.py" line="275" name="test_make_blobs" time="0.004"></testcase><testcase classname="sklearn.datasets.tests.test_samples_generator" file="sklearn/datasets/tests/test_samples_generator.py" line="288" name="test_make_blobs_n_samples_list" time="0.003"></testcase><testcase classname="sklearn.datasets.tests.test_samples_generator" file="sklearn/datasets/tests/test_samples_generator.py" line="297" name="test_make_blobs_n_samples_list_with_centers" time="0.004"></testcase><testcase classname="sklearn.datasets.tests.test_samples_generator" file="sklearn/datasets/tests/test_samples_generator.py" line="311" name="test_make_blobs_n_samples_centers_none[n_samples0]" time="0.005"></testcase><testcase classname="sklearn.datasets.tests.test_samples_generator" file="sklearn/datasets/tests/test_samples_generator.py" line="311" name="test_make_blobs_n_samples_centers_none[n_samples1]" time="0.002"></testcase><testcase classname="sklearn.datasets.tests.test_samples_generator" file="sklearn/datasets/tests/test_samples_generator.py" line="311" name="test_make_blobs_n_samples_centers_none[n_samples2]" time="0.003"></testcase><testcase classname="sklearn.datasets.tests.test_samples_generator" file="sklearn/datasets/tests/test_samples_generator.py" line="326" name="test_make_blobs_return_centers" time="0.003"></testcase><testcase classname="sklearn.datasets.tests.test_samples_generator" file="sklearn/datasets/tests/test_samples_generator.py" line="335" name="test_make_blobs_error" time="0.003"></testcase><testcase classname="sklearn.datasets.tests.test_samples_generator" file="sklearn/datasets/tests/test_samples_generator.py" line="356" name="test_make_friedman1" time="0.004"></testcase><testcase classname="sklearn.datasets.tests.test_samples_generator" file="sklearn/datasets/tests/test_samples_generator.py" line="369" name="test_make_friedman2" time="0.003"></testcase><testcase classname="sklearn.datasets.tests.test_samples_generator" file="sklearn/datasets/tests/test_samples_generator.py" line="381" name="test_make_friedman3" time="0.002"></testcase><testcase classname="sklearn.datasets.tests.test_samples_generator" file="sklearn/datasets/tests/test_samples_generator.py" line="392" name="test_make_low_rank_matrix" time="0.005"></testcase><testcase classname="sklearn.datasets.tests.test_samples_generator" file="sklearn/datasets/tests/test_samples_generator.py" line="403" name="test_make_sparse_coded_signal" time="0.006"></testcase><testcase classname="sklearn.datasets.tests.test_samples_generator" file="sklearn/datasets/tests/test_samples_generator.py" line="417" name="test_make_sparse_uncorrelated" time="0.002"></testcase><testcase classname="sklearn.datasets.tests.test_samples_generator" file="sklearn/datasets/tests/test_samples_generator.py" line="424" name="test_make_spd_matrix" time="0.013"></testcase><testcase classname="sklearn.datasets.tests.test_samples_generator" file="sklearn/datasets/tests/test_samples_generator.py" line="436" name="test_make_swiss_roll" time="0.005"></testcase><testcase classname="sklearn.datasets.tests.test_samples_generator" file="sklearn/datasets/tests/test_samples_generator.py" line="445" name="test_make_s_curve" time="0.003"></testcase><testcase classname="sklearn.datasets.tests.test_samples_generator" file="sklearn/datasets/tests/test_samples_generator.py" line="454" name="test_make_biclusters" time="0.009"></testcase><testcase classname="sklearn.datasets.tests.test_samples_generator" file="sklearn/datasets/tests/test_samples_generator.py" line="469" name="test_make_checkerboard" time="0.020"></testcase><testcase classname="sklearn.datasets.tests.test_samples_generator" file="sklearn/datasets/tests/test_samples_generator.py" line="490" name="test_make_moons" time="0.004"></testcase><testcase classname="sklearn.datasets.tests.test_samples_generator" file="sklearn/datasets/tests/test_samples_generator.py" line="499" name="test_make_moons_unbalanced" time="0.003"></testcase><testcase classname="sklearn.datasets.tests.test_samples_generator" file="sklearn/datasets/tests/test_samples_generator.py" line="515" name="test_make_circles" time="0.007"></testcase><testcase classname="sklearn.datasets.tests.test_samples_generator" file="sklearn/datasets/tests/test_samples_generator.py" line="544" name="test_make_circles_unbalanced" time="0.007"></testcase><testcase classname="sklearn.datasets.tests.test_svmlight_format" file="sklearn/datasets/tests/test_svmlight_format.py" line="28" name="test_load_svmlight_file" time="0.006"></testcase><testcase classname="sklearn.datasets.tests.test_svmlight_format" file="sklearn/datasets/tests/test_svmlight_format.py" line="59" name="test_load_svmlight_file_fd" time="0.006"></testcase><testcase classname="sklearn.datasets.tests.test_svmlight_format" file="sklearn/datasets/tests/test_svmlight_format.py" line="72" name="test_load_svmlight_file_multilabel" time="0.004"></testcase><testcase classname="sklearn.datasets.tests.test_svmlight_format" file="sklearn/datasets/tests/test_svmlight_format.py" line="77" name="test_load_svmlight_files" time="0.005"></testcase><testcase classname="sklearn.datasets.tests.test_svmlight_format" file="sklearn/datasets/tests/test_svmlight_format.py" line="92" name="test_load_svmlight_file_n_features" time="0.003"></testcase><testcase classname="sklearn.datasets.tests.test_svmlight_format" file="sklearn/datasets/tests/test_svmlight_format.py" line="111" name="test_load_compressed" time="0.013"></testcase><testcase classname="sklearn.datasets.tests.test_svmlight_format" file="sklearn/datasets/tests/test_svmlight_format.py" line="139" name="test_load_invalid_file" time="0.004"></testcase><testcase classname="sklearn.datasets.tests.test_svmlight_format" file="sklearn/datasets/tests/test_svmlight_format.py" line="144" name="test_load_invalid_order_file" time="0.007"></testcase><testcase classname="sklearn.datasets.tests.test_svmlight_format" file="sklearn/datasets/tests/test_svmlight_format.py" line="149" name="test_load_zero_based" time="0.007"></testcase><testcase classname="sklearn.datasets.tests.test_svmlight_format" file="sklearn/datasets/tests/test_svmlight_format.py" line="155" name="test_load_zero_based_auto" time="0.011"></testcase><testcase classname="sklearn.datasets.tests.test_svmlight_format" file="sklearn/datasets/tests/test_svmlight_format.py" line="170" name="test_load_with_qid" time="0.006"></testcase><testcase classname="sklearn.datasets.tests.test_svmlight_format" file="sklearn/datasets/tests/test_svmlight_format.py" line="187" name="test_load_large_qid" time="0.001"><skipped message="testing the overflow of 32 bit sparse indexing requires a large amount of memory" type="pytest.skip">/Users/alfaro96/Workspace/Python/scikit-learn/sklearn/datasets/tests/test_svmlight_format.py:188: testing the overflow of 32 bit sparse indexing requires a large amount of memory</skipped></testcase><testcase classname="sklearn.datasets.tests.test_svmlight_format" file="sklearn/datasets/tests/test_svmlight_format.py" line="200" name="test_load_invalid_file2" time="0.002"></testcase><testcase classname="sklearn.datasets.tests.test_svmlight_format" file="sklearn/datasets/tests/test_svmlight_format.py" line="205" name="test_not_a_filename" time="0.002"></testcase><testcase classname="sklearn.datasets.tests.test_svmlight_format" file="sklearn/datasets/tests/test_svmlight_format.py" line="212" name="test_invalid_filename" time="0.002"></testcase><testcase classname="sklearn.datasets.tests.test_svmlight_format" file="sklearn/datasets/tests/test_svmlight_format.py" line="217" name="test_dump" time="0.259"></testcase><testcase classname="sklearn.datasets.tests.test_svmlight_format" file="sklearn/datasets/tests/test_svmlight_format.py" line="286" name="test_dump_multilabel" time="0.005"></testcase><testcase classname="sklearn.datasets.tests.test_svmlight_format" file="sklearn/datasets/tests/test_svmlight_format.py" line="302" name="test_dump_concise" time="0.007"></testcase><testcase classname="sklearn.datasets.tests.test_svmlight_format" file="sklearn/datasets/tests/test_svmlight_format.py" line="332" name="test_dump_comment" time="0.008"></testcase><testcase classname="sklearn.datasets.tests.test_svmlight_format" file="sklearn/datasets/tests/test_svmlight_format.py" line="365" name="test_dump_invalid" time="0.005"></testcase><testcase classname="sklearn.datasets.tests.test_svmlight_format" file="sklearn/datasets/tests/test_svmlight_format.py" line="378" name="test_dump_query_id" time="0.004"></testcase><testcase classname="sklearn.datasets.tests.test_svmlight_format" file="sklearn/datasets/tests/test_svmlight_format.py" line="393" name="test_load_with_long_qid" time="0.004"></testcase><testcase classname="sklearn.datasets.tests.test_svmlight_format" file="sklearn/datasets/tests/test_svmlight_format.py" line="427" name="test_load_zeros" time="0.005"></testcase><testcase classname="sklearn.datasets.tests.test_svmlight_format" file="sklearn/datasets/tests/test_svmlight_format.py" line="440" name="test_load_with_offsets[2-13-0]" time="0.006"></testcase><testcase classname="sklearn.datasets.tests.test_svmlight_format" file="sklearn/datasets/tests/test_svmlight_format.py" line="440" name="test_load_with_offsets[2-13-0.1]" time="0.007"></testcase><testcase classname="sklearn.datasets.tests.test_svmlight_format" file="sklearn/datasets/tests/test_svmlight_format.py" line="440" name="test_load_with_offsets[2-13-0.5]" time="0.005"></testcase><testcase classname="sklearn.datasets.tests.test_svmlight_format" file="sklearn/datasets/tests/test_svmlight_format.py" line="440" name="test_load_with_offsets[2-13-0.99]" time="0.004"></testcase><testcase classname="sklearn.datasets.tests.test_svmlight_format" file="sklearn/datasets/tests/test_svmlight_format.py" line="440" name="test_load_with_offsets[2-13-1]" time="0.003"></testcase><testcase classname="sklearn.datasets.tests.test_svmlight_format" file="sklearn/datasets/tests/test_svmlight_format.py" line="440" name="test_load_with_offsets[2-101-0]" time="0.006"></testcase><testcase classname="sklearn.datasets.tests.test_svmlight_format" file="sklearn/datasets/tests/test_svmlight_format.py" line="440" name="test_load_with_offsets[2-101-0.1]" time="0.005"></testcase><testcase classname="sklearn.datasets.tests.test_svmlight_format" file="sklearn/datasets/tests/test_svmlight_format.py" line="440" name="test_load_with_offsets[2-101-0.5]" time="0.005"></testcase><testcase classname="sklearn.datasets.tests.test_svmlight_format" file="sklearn/datasets/tests/test_svmlight_format.py" line="440" name="test_load_with_offsets[2-101-0.99]" time="0.004"></testcase><testcase classname="sklearn.datasets.tests.test_svmlight_format" file="sklearn/datasets/tests/test_svmlight_format.py" line="440" name="test_load_with_offsets[2-101-1]" time="0.005"></testcase><testcase classname="sklearn.datasets.tests.test_svmlight_format" file="sklearn/datasets/tests/test_svmlight_format.py" line="440" name="test_load_with_offsets[7-13-0]" time="0.005"></testcase><testcase classname="sklearn.datasets.tests.test_svmlight_format" file="sklearn/datasets/tests/test_svmlight_format.py" line="440" name="test_load_with_offsets[7-13-0.1]" time="0.006"></testcase><testcase classname="sklearn.datasets.tests.test_svmlight_format" file="sklearn/datasets/tests/test_svmlight_format.py" line="440" name="test_load_with_offsets[7-13-0.5]" time="0.004"></testcase><testcase classname="sklearn.datasets.tests.test_svmlight_format" file="sklearn/datasets/tests/test_svmlight_format.py" line="440" name="test_load_with_offsets[7-13-0.99]" time="0.003"></testcase><testcase classname="sklearn.datasets.tests.test_svmlight_format" file="sklearn/datasets/tests/test_svmlight_format.py" line="440" name="test_load_with_offsets[7-13-1]" time="0.003"></testcase><testcase classname="sklearn.datasets.tests.test_svmlight_format" file="sklearn/datasets/tests/test_svmlight_format.py" line="440" name="test_load_with_offsets[7-101-0]" time="0.007"></testcase><testcase classname="sklearn.datasets.tests.test_svmlight_format" file="sklearn/datasets/tests/test_svmlight_format.py" line="440" name="test_load_with_offsets[7-101-0.1]" time="0.007"></testcase><testcase classname="sklearn.datasets.tests.test_svmlight_format" file="sklearn/datasets/tests/test_svmlight_format.py" line="440" name="test_load_with_offsets[7-101-0.5]" time="0.005"></testcase><testcase classname="sklearn.datasets.tests.test_svmlight_format" file="sklearn/datasets/tests/test_svmlight_format.py" line="440" name="test_load_with_offsets[7-101-0.99]" time="0.003"></testcase><testcase classname="sklearn.datasets.tests.test_svmlight_format" file="sklearn/datasets/tests/test_svmlight_format.py" line="440" name="test_load_with_offsets[7-101-1]" time="0.003"></testcase><testcase classname="sklearn.datasets.tests.test_svmlight_format" file="sklearn/datasets/tests/test_svmlight_format.py" line="440" name="test_load_with_offsets[41-13-0]" time="0.006"></testcase><testcase classname="sklearn.datasets.tests.test_svmlight_format" file="sklearn/datasets/tests/test_svmlight_format.py" line="440" name="test_load_with_offsets[41-13-0.1]" time="0.006"></testcase><testcase classname="sklearn.datasets.tests.test_svmlight_format" file="sklearn/datasets/tests/test_svmlight_format.py" line="440" name="test_load_with_offsets[41-13-0.5]" time="0.004"></testcase><testcase classname="sklearn.datasets.tests.test_svmlight_format" file="sklearn/datasets/tests/test_svmlight_format.py" line="440" name="test_load_with_offsets[41-13-0.99]" time="0.003"></testcase><testcase classname="sklearn.datasets.tests.test_svmlight_format" file="sklearn/datasets/tests/test_svmlight_format.py" line="440" name="test_load_with_offsets[41-13-1]" time="0.003"></testcase><testcase classname="sklearn.datasets.tests.test_svmlight_format" file="sklearn/datasets/tests/test_svmlight_format.py" line="440" name="test_load_with_offsets[41-101-0]" time="0.030"></testcase><testcase classname="sklearn.datasets.tests.test_svmlight_format" file="sklearn/datasets/tests/test_svmlight_format.py" line="440" name="test_load_with_offsets[41-101-0.1]" time="0.029"></testcase><testcase classname="sklearn.datasets.tests.test_svmlight_format" file="sklearn/datasets/tests/test_svmlight_format.py" line="440" name="test_load_with_offsets[41-101-0.5]" time="0.015"></testcase><testcase classname="sklearn.datasets.tests.test_svmlight_format" file="sklearn/datasets/tests/test_svmlight_format.py" line="440" name="test_load_with_offsets[41-101-0.99]" time="0.003"></testcase><testcase classname="sklearn.datasets.tests.test_svmlight_format" file="sklearn/datasets/tests/test_svmlight_format.py" line="440" name="test_load_with_offsets[41-101-1]" time="0.003"></testcase><testcase classname="sklearn.datasets.tests.test_svmlight_format" file="sklearn/datasets/tests/test_svmlight_format.py" line="478" name="test_load_offset_exhaustive_splits" time="0.288"></testcase><testcase classname="sklearn.datasets.tests.test_svmlight_format" file="sklearn/datasets/tests/test_svmlight_format.py" line="518" name="test_load_with_offsets_error" time="0.001"></testcase><testcase classname="sklearn.decomposition._base" file="sklearn/decomposition/_base.py" line="98" name="sklearn.decomposition._base._BasePCA.transform" time="0.016"></testcase><testcase classname="sklearn.decomposition._dict_learning" file="sklearn/decomposition/_dict_learning.py" line="1128" name="sklearn.decomposition._dict_learning.DictionaryLearning" time="1.632"></testcase><testcase classname="sklearn.decomposition._dict_learning" file="sklearn/decomposition/_dict_learning.py" line="1360" name="sklearn.decomposition._dict_learning.MiniBatchDictionaryLearning" time="1.855"></testcase><testcase classname="sklearn.decomposition._dict_learning" file="sklearn/decomposition/_dict_learning.py" line="948" name="sklearn.decomposition._dict_learning.SparseCoder" time="0.010"></testcase><testcase classname="sklearn.decomposition._factor_analysis" file="sklearn/decomposition/_factor_analysis.py" line="35" name="sklearn.decomposition._factor_analysis.FactorAnalysis" time="0.187"></testcase><testcase classname="sklearn.decomposition._fastica" file="sklearn/decomposition/_fastica.py" line="304" name="sklearn.decomposition._fastica.FastICA" time="0.275"></testcase><testcase classname="sklearn.decomposition._incremental_pca" file="sklearn/decomposition/_incremental_pca.py" line="16" name="sklearn.decomposition._incremental_pca.IncrementalPCA" time="0.142"></testcase><testcase classname="sklearn.decomposition._incremental_pca" file="sklearn/decomposition/_incremental_pca.py" line="318" name="sklearn.decomposition._incremental_pca.IncrementalPCA.transform" time="0.010"></testcase><testcase classname="sklearn.decomposition._kernel_pca" file="sklearn/decomposition/_kernel_pca.py" line="20" name="sklearn.decomposition._kernel_pca.KernelPCA" time="0.242"></testcase><testcase classname="sklearn.decomposition._lda" file="sklearn/decomposition/_lda.py" line="134" name="sklearn.decomposition._lda.LatentDirichletAllocation" time="1.491"></testcase><testcase classname="sklearn.decomposition._nmf" file="sklearn/decomposition/_nmf.py" line="1088" name="sklearn.decomposition._nmf.NMF" time="0.011"></testcase><testcase classname="sklearn.decomposition._nmf" file="sklearn/decomposition/_nmf.py" line="56" name="sklearn.decomposition._nmf.non_negative_factorization" time="0.021"></testcase><testcase classname="sklearn.decomposition._pca" file="sklearn/decomposition/_pca.py" line="112" name="sklearn.decomposition._pca.PCA" time="0.020"></testcase><testcase classname="sklearn.decomposition._sparse_pca" file="sklearn/decomposition/_sparse_pca.py" line="209" name="sklearn.decomposition._sparse_pca.MiniBatchSparsePCA" time="1.201"></testcase><testcase classname="sklearn.decomposition._sparse_pca" file="sklearn/decomposition/_sparse_pca.py" line="15" name="sklearn.decomposition._sparse_pca.SparsePCA" time="0.328"></testcase><testcase classname="sklearn.decomposition._truncated_svd" file="sklearn/decomposition/_truncated_svd.py" line="24" name="sklearn.decomposition._truncated_svd.TruncatedSVD" time="0.027"></testcase><testcase classname="sklearn.decomposition.tests.test_dict_learning" file="sklearn/decomposition/tests/test_dict_learning.py" line="33" name="test_sparse_encode_shapes_omp" time="2.151"></testcase><testcase classname="sklearn.decomposition.tests.test_dict_learning" file="sklearn/decomposition/tests/test_dict_learning.py" line="45" name="test_dict_learning_shapes" time="0.188"></testcase><testcase classname="sklearn.decomposition.tests.test_dict_learning" file="sklearn/decomposition/tests/test_dict_learning.py" line="56" name="test_dict_learning_overcomplete" time="0.023"></testcase><testcase classname="sklearn.decomposition.tests.test_dict_learning" file="sklearn/decomposition/tests/test_dict_learning.py" line="62" name="test_max_iter" time="0.088"></testcase><testcase classname="sklearn.decomposition.tests.test_dict_learning" file="sklearn/decomposition/tests/test_dict_learning.py" line="110" name="test_dict_learning_lars_positive_parameter" time="0.001"></testcase><testcase classname="sklearn.decomposition.tests.test_dict_learning" file="sklearn/decomposition/tests/test_dict_learning.py" line="118" name="test_dict_learning_positivity[False-False-lasso_lars]" time="0.056"></testcase><testcase classname="sklearn.decomposition.tests.test_dict_learning" file="sklearn/decomposition/tests/test_dict_learning.py" line="118" name="test_dict_learning_positivity[False-False-lasso_cd]" time="0.039"></testcase><testcase classname="sklearn.decomposition.tests.test_dict_learning" file="sklearn/decomposition/tests/test_dict_learning.py" line="118" name="test_dict_learning_positivity[False-False-threshold]" time="0.041"></testcase><testcase classname="sklearn.decomposition.tests.test_dict_learning" file="sklearn/decomposition/tests/test_dict_learning.py" line="118" name="test_dict_learning_positivity[False-True-lasso_lars]" time="0.061"></testcase><testcase classname="sklearn.decomposition.tests.test_dict_learning" file="sklearn/decomposition/tests/test_dict_learning.py" line="118" name="test_dict_learning_positivity[False-True-lasso_cd]" time="0.062"></testcase><testcase classname="sklearn.decomposition.tests.test_dict_learning" file="sklearn/decomposition/tests/test_dict_learning.py" line="118" name="test_dict_learning_positivity[False-True-threshold]" time="0.080"></testcase><testcase classname="sklearn.decomposition.tests.test_dict_learning" file="sklearn/decomposition/tests/test_dict_learning.py" line="118" name="test_dict_learning_positivity[True-False-lasso_lars]" time="0.031"></testcase><testcase classname="sklearn.decomposition.tests.test_dict_learning" file="sklearn/decomposition/tests/test_dict_learning.py" line="118" name="test_dict_learning_positivity[True-False-lasso_cd]" time="0.026"></testcase><testcase classname="sklearn.decomposition.tests.test_dict_learning" file="sklearn/decomposition/tests/test_dict_learning.py" line="118" name="test_dict_learning_positivity[True-False-threshold]" time="0.027"></testcase><testcase classname="sklearn.decomposition.tests.test_dict_learning" file="sklearn/decomposition/tests/test_dict_learning.py" line="118" name="test_dict_learning_positivity[True-True-lasso_lars]" time="0.024"></testcase><testcase classname="sklearn.decomposition.tests.test_dict_learning" file="sklearn/decomposition/tests/test_dict_learning.py" line="118" name="test_dict_learning_positivity[True-True-lasso_cd]" time="0.016"></testcase><testcase classname="sklearn.decomposition.tests.test_dict_learning" file="sklearn/decomposition/tests/test_dict_learning.py" line="118" name="test_dict_learning_positivity[True-True-threshold]" time="0.021"></testcase><testcase classname="sklearn.decomposition.tests.test_dict_learning" file="sklearn/decomposition/tests/test_dict_learning.py" line="145" name="test_dict_learning_lars_dict_positivity[False]" time="0.048"></testcase><testcase classname="sklearn.decomposition.tests.test_dict_learning" file="sklearn/decomposition/tests/test_dict_learning.py" line="145" name="test_dict_learning_lars_dict_positivity[True]" time="0.023"></testcase><testcase classname="sklearn.decomposition.tests.test_dict_learning" file="sklearn/decomposition/tests/test_dict_learning.py" line="158" name="test_dict_learning_lars_code_positivity" time="0.050"></testcase><testcase classname="sklearn.decomposition.tests.test_dict_learning" file="sklearn/decomposition/tests/test_dict_learning.py" line="170" name="test_dict_learning_reconstruction" time="0.046"></testcase><testcase classname="sklearn.decomposition.tests.test_dict_learning" file="sklearn/decomposition/tests/test_dict_learning.py" line="185" name="test_dict_learning_reconstruction_parallel" time="0.103"></testcase><testcase classname="sklearn.decomposition.tests.test_dict_learning" file="sklearn/decomposition/tests/test_dict_learning.py" line="198" name="test_dict_learning_lassocd_readonly_data" time="0.104"></testcase><testcase classname="sklearn.decomposition.tests.test_dict_learning" file="sklearn/decomposition/tests/test_dict_learning.py" line="210" name="test_dict_learning_nonzero_coefs" time="0.124"></testcase><testcase classname="sklearn.decomposition.tests.test_dict_learning" file="sklearn/decomposition/tests/test_dict_learning.py" line="222" name="test_dict_learning_unknown_fit_algorithm" time="0.001"></testcase><testcase classname="sklearn.decomposition.tests.test_dict_learning" file="sklearn/decomposition/tests/test_dict_learning.py" line="229" name="test_dict_learning_split" time="0.106"></testcase><testcase classname="sklearn.decomposition.tests.test_dict_learning" file="sklearn/decomposition/tests/test_dict_learning.py" line="241" name="test_dict_learning_online_shapes" time="0.140"></testcase><testcase classname="sklearn.decomposition.tests.test_dict_learning" file="sklearn/decomposition/tests/test_dict_learning.py" line="251" name="test_dict_learning_online_lars_positive_parameter" time="0.001"></testcase><testcase classname="sklearn.decomposition.tests.test_dict_learning" file="sklearn/decomposition/tests/test_dict_learning.py" line="258" name="test_minibatch_dictionary_learning_positivity[False-False-lasso_lars]" time="0.402"></testcase><testcase classname="sklearn.decomposition.tests.test_dict_learning" file="sklearn/decomposition/tests/test_dict_learning.py" line="258" name="test_minibatch_dictionary_learning_positivity[False-False-lasso_cd]" time="0.398"></testcase><testcase classname="sklearn.decomposition.tests.test_dict_learning" file="sklearn/decomposition/tests/test_dict_learning.py" line="258" name="test_minibatch_dictionary_learning_positivity[False-False-threshold]" time="0.335"></testcase><testcase classname="sklearn.decomposition.tests.test_dict_learning" file="sklearn/decomposition/tests/test_dict_learning.py" line="258" name="test_minibatch_dictionary_learning_positivity[False-True-lasso_lars]" time="0.920"></testcase><testcase classname="sklearn.decomposition.tests.test_dict_learning" file="sklearn/decomposition/tests/test_dict_learning.py" line="258" name="test_minibatch_dictionary_learning_positivity[False-True-lasso_cd]" time="1.179"></testcase><testcase classname="sklearn.decomposition.tests.test_dict_learning" file="sklearn/decomposition/tests/test_dict_learning.py" line="258" name="test_minibatch_dictionary_learning_positivity[False-True-threshold]" time="1.441"></testcase><testcase classname="sklearn.decomposition.tests.test_dict_learning" file="sklearn/decomposition/tests/test_dict_learning.py" line="258" name="test_minibatch_dictionary_learning_positivity[True-False-lasso_lars]" time="0.808"></testcase><testcase classname="sklearn.decomposition.tests.test_dict_learning" file="sklearn/decomposition/tests/test_dict_learning.py" line="258" name="test_minibatch_dictionary_learning_positivity[True-False-lasso_cd]" time="0.542"></testcase><testcase classname="sklearn.decomposition.tests.test_dict_learning" file="sklearn/decomposition/tests/test_dict_learning.py" line="258" name="test_minibatch_dictionary_learning_positivity[True-False-threshold]" time="0.624"></testcase><testcase classname="sklearn.decomposition.tests.test_dict_learning" file="sklearn/decomposition/tests/test_dict_learning.py" line="258" name="test_minibatch_dictionary_learning_positivity[True-True-lasso_lars]" time="0.602"></testcase><testcase classname="sklearn.decomposition.tests.test_dict_learning" file="sklearn/decomposition/tests/test_dict_learning.py" line="258" name="test_minibatch_dictionary_learning_positivity[True-True-lasso_cd]" time="0.586"></testcase><testcase classname="sklearn.decomposition.tests.test_dict_learning" file="sklearn/decomposition/tests/test_dict_learning.py" line="258" name="test_minibatch_dictionary_learning_positivity[True-True-threshold]" time="0.574"></testcase><testcase classname="sklearn.decomposition.tests.test_dict_learning" file="sklearn/decomposition/tests/test_dict_learning.py" line="285" name="test_minibatch_dictionary_learning_lars[False]" time="1.080"></testcase><testcase classname="sklearn.decomposition.tests.test_dict_learning" file="sklearn/decomposition/tests/test_dict_learning.py" line="285" name="test_minibatch_dictionary_learning_lars[True]" time="1.951"></testcase><testcase classname="sklearn.decomposition.tests.test_dict_learning" file="sklearn/decomposition/tests/test_dict_learning.py" line="299" name="test_dict_learning_online_positivity[False-False]" time="0.126"></testcase><testcase classname="sklearn.decomposition.tests.test_dict_learning" file="sklearn/decomposition/tests/test_dict_learning.py" line="299" name="test_dict_learning_online_positivity[False-True]" time="0.144"></testcase><testcase classname="sklearn.decomposition.tests.test_dict_learning" file="sklearn/decomposition/tests/test_dict_learning.py" line="299" name="test_dict_learning_online_positivity[True-False]" time="0.217"></testcase><testcase classname="sklearn.decomposition.tests.test_dict_learning" file="sklearn/decomposition/tests/test_dict_learning.py" line="299" name="test_dict_learning_online_positivity[True-True]" time="0.182"></testcase><testcase classname="sklearn.decomposition.tests.test_dict_learning" file="sklearn/decomposition/tests/test_dict_learning.py" line="321" name="test_dict_learning_online_verbosity" time="0.570"></testcase><testcase classname="sklearn.decomposition.tests.test_dict_learning" file="sklearn/decomposition/tests/test_dict_learning.py" line="346" name="test_dict_learning_online_estimator_shapes" time="0.083"></testcase><testcase classname="sklearn.decomposition.tests.test_dict_learning" file="sklearn/decomposition/tests/test_dict_learning.py" line="353" name="test_dict_learning_online_overcomplete" time="0.092"></testcase><testcase classname="sklearn.decomposition.tests.test_dict_learning" file="sklearn/decomposition/tests/test_dict_learning.py" line="360" name="test_dict_learning_online_initialization" time="0.003"></testcase><testcase classname="sklearn.decomposition.tests.test_dict_learning" file="sklearn/decomposition/tests/test_dict_learning.py" line="369" name="test_dict_learning_online_readonly_initialization" time="0.005"></testcase><testcase classname="sklearn.decomposition.tests.test_dict_learning" file="sklearn/decomposition/tests/test_dict_learning.py" line="378" name="test_dict_learning_online_partial_fit" time="0.320"></testcase><testcase classname="sklearn.decomposition.tests.test_dict_learning" file="sklearn/decomposition/tests/test_dict_learning.py" line="399" name="test_dict_learning_iter_offset" time="0.043"></testcase><testcase classname="sklearn.decomposition.tests.test_dict_learning" file="sklearn/decomposition/tests/test_dict_learning.py" line="416" name="test_sparse_encode_shapes" time="0.014"></testcase><testcase classname="sklearn.decomposition.tests.test_dict_learning" file="sklearn/decomposition/tests/test_dict_learning.py" line="426" name="test_sparse_encode_positivity[False-lasso_lars]" time="0.004"></testcase><testcase classname="sklearn.decomposition.tests.test_dict_learning" file="sklearn/decomposition/tests/test_dict_learning.py" line="426" name="test_sparse_encode_positivity[False-lasso_cd]" time="0.004"></testcase><testcase classname="sklearn.decomposition.tests.test_dict_learning" file="sklearn/decomposition/tests/test_dict_learning.py" line="426" name="test_sparse_encode_positivity[False-threshold]" time="0.004"></testcase><testcase classname="sklearn.decomposition.tests.test_dict_learning" file="sklearn/decomposition/tests/test_dict_learning.py" line="426" name="test_sparse_encode_positivity[True-lasso_lars]" time="0.003"></testcase><testcase classname="sklearn.decomposition.tests.test_dict_learning" file="sklearn/decomposition/tests/test_dict_learning.py" line="426" name="test_sparse_encode_positivity[True-lasso_cd]" time="0.004"></testcase><testcase classname="sklearn.decomposition.tests.test_dict_learning" file="sklearn/decomposition/tests/test_dict_learning.py" line="426" name="test_sparse_encode_positivity[True-threshold]" time="0.005"></testcase><testcase classname="sklearn.decomposition.tests.test_dict_learning" file="sklearn/decomposition/tests/test_dict_learning.py" line="444" name="test_sparse_encode_unavailable_positivity[lars]" time="0.006"></testcase><testcase classname="sklearn.decomposition.tests.test_dict_learning" file="sklearn/decomposition/tests/test_dict_learning.py" line="444" name="test_sparse_encode_unavailable_positivity[omp]" time="0.003"></testcase><testcase classname="sklearn.decomposition.tests.test_dict_learning" file="sklearn/decomposition/tests/test_dict_learning.py" line="456" name="test_sparse_encode_input" time="0.038"></testcase><testcase classname="sklearn.decomposition.tests.test_dict_learning" file="sklearn/decomposition/tests/test_dict_learning.py" line="468" name="test_sparse_encode_error" time="0.008"></testcase><testcase classname="sklearn.decomposition.tests.test_dict_learning" file="sklearn/decomposition/tests/test_dict_learning.py" line="478" name="test_sparse_encode_error_default_sparsity" time="0.023"></testcase><testcase classname="sklearn.decomposition.tests.test_dict_learning" file="sklearn/decomposition/tests/test_dict_learning.py" line="487" name="test_unknown_method" time="0.002"></testcase><testcase classname="sklearn.decomposition.tests.test_dict_learning" file="sklearn/decomposition/tests/test_dict_learning.py" line="495" name="test_sparse_coder_estimator" time="0.006"></testcase><testcase classname="sklearn.decomposition.tests.test_dict_learning" file="sklearn/decomposition/tests/test_dict_learning.py" line="506" name="test_sparse_coder_estimator_clone" time="0.072"></testcase><testcase classname="sklearn.decomposition.tests.test_dict_learning" file="sklearn/decomposition/tests/test_dict_learning.py" line="524" name="test_sparse_coder_parallel_mmap" time="2.565"></testcase><testcase classname="sklearn.decomposition.tests.test_dict_learning" file="sklearn/decomposition/tests/test_dict_learning.py" line="543" name="test_sparse_coder_common_transformer" time="0.192"></testcase><testcase classname="sklearn.decomposition.tests.test_dict_learning" file="sklearn/decomposition/tests/test_dict_learning.py" line="560" name="test_sparse_coder_deprecation" time="0.006"></testcase><testcase classname="sklearn.decomposition.tests.test_dict_learning" file="sklearn/decomposition/tests/test_dict_learning.py" line="571" name="test_sparse_coder_n_features_in" time="0.001"></testcase><testcase classname="sklearn.decomposition.tests.test_factor_analysis" file="sklearn/decomposition/tests/test_factor_analysis.py" line="20" name="test_factor_analysis" time="0.202"></testcase><testcase classname="sklearn.decomposition.tests.test_fastica" file="sklearn/decomposition/tests/test_fastica.py" line="35" name="test_gs" time="0.002"></testcase><testcase classname="sklearn.decomposition.tests.test_fastica" file="sklearn/decomposition/tests/test_fastica.py" line="49" name="test_fastica_simple[0-True]" time="0.159"></testcase><testcase classname="sklearn.decomposition.tests.test_fastica" file="sklearn/decomposition/tests/test_fastica.py" line="49" name="test_fastica_simple[0-False]" time="0.199"></testcase><testcase classname="sklearn.decomposition.tests.test_fastica" file="sklearn/decomposition/tests/test_fastica.py" line="138" name="test_fastica_nowhiten" time="0.005"></testcase><testcase classname="sklearn.decomposition.tests.test_fastica" file="sklearn/decomposition/tests/test_fastica.py" line="147" name="test_fastica_convergence_fail" time="0.003"></testcase><testcase classname="sklearn.decomposition.tests.test_fastica" file="sklearn/decomposition/tests/test_fastica.py" line="171" name="test_non_square_fastica[True]" time="0.004"></testcase><testcase classname="sklearn.decomposition.tests.test_fastica" file="sklearn/decomposition/tests/test_fastica.py" line="171" name="test_non_square_fastica[False]" time="0.008"></testcase><testcase classname="sklearn.decomposition.tests.test_fastica" file="sklearn/decomposition/tests/test_fastica.py" line="215" name="test_fit_transform" time="0.109"></testcase><testcase classname="sklearn.decomposition.tests.test_fastica" file="sklearn/decomposition/tests/test_fastica.py" line="236" name="test_inverse_transform" time="0.122"></testcase><testcase classname="sklearn.decomposition.tests.test_fastica" file="sklearn/decomposition/tests/test_fastica.py" line="266" name="test_fastica_errors" time="0.003"></testcase><testcase classname="sklearn.decomposition.tests.test_fastica" file="sklearn/decomposition/tests/test_fastica.py" line="284" name="test_fastica_output_shape[True-True-True]" time="0.005"></testcase><testcase classname="sklearn.decomposition.tests.test_fastica" file="sklearn/decomposition/tests/test_fastica.py" line="284" name="test_fastica_output_shape[True-True-False]" time="0.005"></testcase><testcase classname="sklearn.decomposition.tests.test_fastica" file="sklearn/decomposition/tests/test_fastica.py" line="284" name="test_fastica_output_shape[True-False-True]" time="0.006"></testcase><testcase classname="sklearn.decomposition.tests.test_fastica" file="sklearn/decomposition/tests/test_fastica.py" line="284" name="test_fastica_output_shape[True-False-False]" time="0.004"></testcase><testcase classname="sklearn.decomposition.tests.test_fastica" file="sklearn/decomposition/tests/test_fastica.py" line="284" name="test_fastica_output_shape[False-True-True]" time="0.005"></testcase><testcase classname="sklearn.decomposition.tests.test_fastica" file="sklearn/decomposition/tests/test_fastica.py" line="284" name="test_fastica_output_shape[False-True-False]" time="0.006"></testcase><testcase classname="sklearn.decomposition.tests.test_fastica" file="sklearn/decomposition/tests/test_fastica.py" line="284" name="test_fastica_output_shape[False-False-True]" time="0.009"></testcase><testcase classname="sklearn.decomposition.tests.test_fastica" file="sklearn/decomposition/tests/test_fastica.py" line="284" name="test_fastica_output_shape[False-False-False]" time="0.004"></testcase><testcase classname="sklearn.decomposition.tests.test_incremental_pca" file="sklearn/decomposition/tests/test_incremental_pca.py" line="16" name="test_incremental_pca" time="0.014"></testcase><testcase classname="sklearn.decomposition.tests.test_incremental_pca" file="sklearn/decomposition/tests/test_incremental_pca.py" line="39" name="test_incremental_pca_sparse[csc_matrix]" time="0.015"></testcase><testcase classname="sklearn.decomposition.tests.test_incremental_pca" file="sklearn/decomposition/tests/test_incremental_pca.py" line="39" name="test_incremental_pca_sparse[csr_matrix]" time="0.019"></testcase><testcase classname="sklearn.decomposition.tests.test_incremental_pca" file="sklearn/decomposition/tests/test_incremental_pca.py" line="39" name="test_incremental_pca_sparse[lil_matrix]" time="0.030"></testcase><testcase classname="sklearn.decomposition.tests.test_incremental_pca" file="sklearn/decomposition/tests/test_incremental_pca.py" line="73" name="test_incremental_pca_check_projection" time="0.017"></testcase><testcase classname="sklearn.decomposition.tests.test_incremental_pca" file="sklearn/decomposition/tests/test_incremental_pca.py" line="94" name="test_incremental_pca_inverse" time="0.008"></testcase><testcase classname="sklearn.decomposition.tests.test_incremental_pca" file="sklearn/decomposition/tests/test_incremental_pca.py" line="110" name="test_incremental_pca_validation" time="0.012"></testcase><testcase classname="sklearn.decomposition.tests.test_incremental_pca" file="sklearn/decomposition/tests/test_incremental_pca.py" line="130" name="test_n_components_none" time="0.009"></testcase><testcase classname="sklearn.decomposition.tests.test_incremental_pca" file="sklearn/decomposition/tests/test_incremental_pca.py" line="148" name="test_incremental_pca_set_params" time="0.006"></testcase><testcase classname="sklearn.decomposition.tests.test_incremental_pca" file="sklearn/decomposition/tests/test_incremental_pca.py" line="171" name="test_incremental_pca_num_features_change" time="0.003"></testcase><testcase classname="sklearn.decomposition.tests.test_incremental_pca" file="sklearn/decomposition/tests/test_incremental_pca.py" line="183" name="test_incremental_pca_batch_signs" time="0.084"></testcase><testcase classname="sklearn.decomposition.tests.test_incremental_pca" file="sklearn/decomposition/tests/test_incremental_pca.py" line="199" name="test_incremental_pca_batch_values" time="0.025"></testcase><testcase classname="sklearn.decomposition.tests.test_incremental_pca" file="sklearn/decomposition/tests/test_incremental_pca.py" line="215" name="test_incremental_pca_batch_rank" time="0.061"></testcase><testcase classname="sklearn.decomposition.tests.test_incremental_pca" file="sklearn/decomposition/tests/test_incremental_pca.py" line="232" name="test_incremental_pca_partial_fit" time="0.008"></testcase><testcase classname="sklearn.decomposition.tests.test_incremental_pca" file="sklearn/decomposition/tests/test_incremental_pca.py" line="252" name="test_incremental_pca_against_pca_iris" time="0.007"></testcase><testcase classname="sklearn.decomposition.tests.test_incremental_pca" file="sklearn/decomposition/tests/test_incremental_pca.py" line="262" name="test_incremental_pca_against_pca_random_data" time="0.006"></testcase><testcase classname="sklearn.decomposition.tests.test_incremental_pca" file="sklearn/decomposition/tests/test_incremental_pca.py" line="275" name="test_explained_variances" time="0.134"></testcase><testcase classname="sklearn.decomposition.tests.test_incremental_pca" file="sklearn/decomposition/tests/test_incremental_pca.py" line="292" name="test_singular_values" time="0.071"></testcase><testcase classname="sklearn.decomposition.tests.test_incremental_pca" file="sklearn/decomposition/tests/test_incremental_pca.py" line="343" name="test_whitening" time="0.013"></testcase><testcase classname="sklearn.decomposition.tests.test_incremental_pca" file="sklearn/decomposition/tests/test_incremental_pca.py" line="364" name="test_incremental_pca_partial_fit_float_division" time="0.004"></testcase><testcase classname="sklearn.decomposition.tests.test_incremental_pca" file="sklearn/decomposition/tests/test_incremental_pca.py" line="388" name="test_incremental_pca_fit_overflow_error" time="0.185"></testcase><testcase classname="sklearn.decomposition.tests.test_kernel_pca" file="sklearn/decomposition/tests/test_kernel_pca.py" line="18" name="test_kernel_pca" time="0.042"></testcase><testcase classname="sklearn.decomposition.tests.test_kernel_pca" file="sklearn/decomposition/tests/test_kernel_pca.py" line="57" name="test_kernel_pca_invalid_parameters" time="0.001"></testcase><testcase classname="sklearn.decomposition.tests.test_kernel_pca" file="sklearn/decomposition/tests/test_kernel_pca.py" line="62" name="test_kernel_pca_consistent_transform" time="0.002"></testcase><testcase classname="sklearn.decomposition.tests.test_kernel_pca" file="sklearn/decomposition/tests/test_kernel_pca.py" line="75" name="test_kernel_pca_deterministic_output" time="0.039"></testcase><testcase classname="sklearn.decomposition.tests.test_kernel_pca" file="sklearn/decomposition/tests/test_kernel_pca.py" line="90" name="test_kernel_pca_sparse" time="0.034"></testcase><testcase classname="sklearn.decomposition.tests.test_kernel_pca" file="sklearn/decomposition/tests/test_kernel_pca.py" line="115" name="test_kernel_pca_linear_kernel" time="0.003"></testcase><testcase classname="sklearn.decomposition.tests.test_kernel_pca" file="sklearn/decomposition/tests/test_kernel_pca.py" line="129" name="test_kernel_pca_n_components" time="0.010"></testcase><testcase classname="sklearn.decomposition.tests.test_kernel_pca" file="sklearn/decomposition/tests/test_kernel_pca.py" line="142" name="test_remove_zero_eig" time="0.004"></testcase><testcase classname="sklearn.decomposition.tests.test_kernel_pca" file="sklearn/decomposition/tests/test_kernel_pca.py" line="159" name="test_leave_zero_eig" time="0.003"></testcase><testcase classname="sklearn.decomposition.tests.test_kernel_pca" file="sklearn/decomposition/tests/test_kernel_pca.py" line="185" name="test_kernel_pca_precomputed" time="0.013"></testcase><testcase classname="sklearn.decomposition.tests.test_kernel_pca" file="sklearn/decomposition/tests/test_kernel_pca.py" line="211" name="test_kernel_pca_invalid_kernel" time="0.002"></testcase><testcase classname="sklearn.decomposition.tests.test_kernel_pca" file="sklearn/decomposition/tests/test_kernel_pca.py" line="219" name="test_gridsearch_pipeline" time="0.134"></testcase><testcase classname="sklearn.decomposition.tests.test_kernel_pca" file="sklearn/decomposition/tests/test_kernel_pca.py" line="233" name="test_gridsearch_pipeline_precomputed" time="0.111"></testcase><testcase classname="sklearn.decomposition.tests.test_kernel_pca" file="sklearn/decomposition/tests/test_kernel_pca.py" line="248" name="test_nested_circles" time="0.029"></testcase><testcase classname="sklearn.decomposition.tests.test_kernel_pca" file="sklearn/decomposition/tests/test_kernel_pca.py" line="271" name="test_kernel_conditioning" time="0.002"></testcase><testcase classname="sklearn.decomposition.tests.test_kernel_pca" file="sklearn/decomposition/tests/test_kernel_pca.py" line="288" name="test_kernel_pca_inverse_transform[linear]" time="0.009"></testcase><testcase classname="sklearn.decomposition.tests.test_kernel_pca" file="sklearn/decomposition/tests/test_kernel_pca.py" line="288" name="test_kernel_pca_inverse_transform[poly]" time="0.008"></testcase><testcase classname="sklearn.decomposition.tests.test_kernel_pca" file="sklearn/decomposition/tests/test_kernel_pca.py" line="288" name="test_kernel_pca_inverse_transform[rbf]" time="0.008"></testcase><testcase classname="sklearn.decomposition.tests.test_kernel_pca" file="sklearn/decomposition/tests/test_kernel_pca.py" line="288" name="test_kernel_pca_inverse_transform[sigmoid]" time="0.007"></testcase><testcase classname="sklearn.decomposition.tests.test_kernel_pca" file="sklearn/decomposition/tests/test_kernel_pca.py" line="288" name="test_kernel_pca_inverse_transform[cosine]" time="0.006"></testcase><testcase classname="sklearn.decomposition.tests.test_kernel_pca" file="sklearn/decomposition/tests/test_kernel_pca.py" line="300" name="test_32_64_decomposition_shape" time="0.006"></testcase><testcase classname="sklearn.decomposition.tests.test_nmf" file="sklearn/decomposition/tests/test_nmf.py" line="21" name="test_convergence_warning[None-cd]" time="0.004"></testcase><testcase classname="sklearn.decomposition.tests.test_nmf" file="sklearn/decomposition/tests/test_nmf.py" line="21" name="test_convergence_warning[None-mu]" time="0.003"></testcase><testcase classname="sklearn.decomposition.tests.test_nmf" file="sklearn/decomposition/tests/test_nmf.py" line="21" name="test_convergence_warning[both-cd]" time="0.003"></testcase><testcase classname="sklearn.decomposition.tests.test_nmf" file="sklearn/decomposition/tests/test_nmf.py" line="21" name="test_convergence_warning[both-mu]" time="0.003"></testcase><testcase classname="sklearn.decomposition.tests.test_nmf" file="sklearn/decomposition/tests/test_nmf.py" line="21" name="test_convergence_warning[components-cd]" time="0.003"></testcase><testcase classname="sklearn.decomposition.tests.test_nmf" file="sklearn/decomposition/tests/test_nmf.py" line="21" name="test_convergence_warning[components-mu]" time="0.003"></testcase><testcase classname="sklearn.decomposition.tests.test_nmf" file="sklearn/decomposition/tests/test_nmf.py" line="21" name="test_convergence_warning[transformation-cd]" time="0.002"></testcase><testcase classname="sklearn.decomposition.tests.test_nmf" file="sklearn/decomposition/tests/test_nmf.py" line="21" name="test_convergence_warning[transformation-mu]" time="0.003"></testcase><testcase classname="sklearn.decomposition.tests.test_nmf" file="sklearn/decomposition/tests/test_nmf.py" line="32" name="test_initialize_nn_output" time="0.009"></testcase><testcase classname="sklearn.decomposition.tests.test_nmf" file="sklearn/decomposition/tests/test_nmf.py" line="41" name="test_parameter_checking" time="0.007"></testcase><testcase classname="sklearn.decomposition.tests.test_nmf" file="sklearn/decomposition/tests/test_nmf.py" line="74" name="test_initialize_close" time="0.005"></testcase><testcase classname="sklearn.decomposition.tests.test_nmf" file="sklearn/decomposition/tests/test_nmf.py" line="86" name="test_initialize_variants" time="0.011"></testcase><testcase classname="sklearn.decomposition.tests.test_nmf" file="sklearn/decomposition/tests/test_nmf.py" line="102" name="test_nmf_fit_nn_output[None-None-cd]" time="0.008"></testcase><testcase classname="sklearn.decomposition.tests.test_nmf" file="sklearn/decomposition/tests/test_nmf.py" line="102" name="test_nmf_fit_nn_output[None-None-mu]" time="0.007"></testcase><testcase classname="sklearn.decomposition.tests.test_nmf" file="sklearn/decomposition/tests/test_nmf.py" line="102" name="test_nmf_fit_nn_output[None-nndsvd-cd]" time="0.007"></testcase><testcase classname="sklearn.decomposition.tests.test_nmf" file="sklearn/decomposition/tests/test_nmf.py" line="102" name="test_nmf_fit_nn_output[None-nndsvd-mu]" time="0.007"></testcase><testcase classname="sklearn.decomposition.tests.test_nmf" file="sklearn/decomposition/tests/test_nmf.py" line="102" name="test_nmf_fit_nn_output[None-nndsvda-cd]" time="0.010"></testcase><testcase classname="sklearn.decomposition.tests.test_nmf" file="sklearn/decomposition/tests/test_nmf.py" line="102" name="test_nmf_fit_nn_output[None-nndsvda-mu]" time="0.030"></testcase><testcase classname="sklearn.decomposition.tests.test_nmf" file="sklearn/decomposition/tests/test_nmf.py" line="102" name="test_nmf_fit_nn_output[None-nndsvdar-cd]" time="0.010"></testcase><testcase classname="sklearn.decomposition.tests.test_nmf" file="sklearn/decomposition/tests/test_nmf.py" line="102" name="test_nmf_fit_nn_output[None-nndsvdar-mu]" time="0.023"></testcase><testcase classname="sklearn.decomposition.tests.test_nmf" file="sklearn/decomposition/tests/test_nmf.py" line="102" name="test_nmf_fit_nn_output[None-random-cd]" time="0.006"></testcase><testcase classname="sklearn.decomposition.tests.test_nmf" file="sklearn/decomposition/tests/test_nmf.py" line="102" name="test_nmf_fit_nn_output[None-random-mu]" time="0.019"></testcase><testcase classname="sklearn.decomposition.tests.test_nmf" file="sklearn/decomposition/tests/test_nmf.py" line="102" name="test_nmf_fit_nn_output[both-None-cd]" time="0.006"></testcase><testcase classname="sklearn.decomposition.tests.test_nmf" file="sklearn/decomposition/tests/test_nmf.py" line="102" name="test_nmf_fit_nn_output[both-None-mu]" time="0.007"></testcase><testcase classname="sklearn.decomposition.tests.test_nmf" file="sklearn/decomposition/tests/test_nmf.py" line="102" name="test_nmf_fit_nn_output[both-nndsvd-cd]" time="0.007"></testcase><testcase classname="sklearn.decomposition.tests.test_nmf" file="sklearn/decomposition/tests/test_nmf.py" line="102" name="test_nmf_fit_nn_output[both-nndsvd-mu]" time="0.007"></testcase><testcase classname="sklearn.decomposition.tests.test_nmf" file="sklearn/decomposition/tests/test_nmf.py" line="102" name="test_nmf_fit_nn_output[both-nndsvda-cd]" time="0.005"></testcase><testcase classname="sklearn.decomposition.tests.test_nmf" file="sklearn/decomposition/tests/test_nmf.py" line="102" name="test_nmf_fit_nn_output[both-nndsvda-mu]" time="0.021"></testcase><testcase classname="sklearn.decomposition.tests.test_nmf" file="sklearn/decomposition/tests/test_nmf.py" line="102" name="test_nmf_fit_nn_output[both-nndsvdar-cd]" time="0.006"></testcase><testcase classname="sklearn.decomposition.tests.test_nmf" file="sklearn/decomposition/tests/test_nmf.py" line="102" name="test_nmf_fit_nn_output[both-nndsvdar-mu]" time="0.021"></testcase><testcase classname="sklearn.decomposition.tests.test_nmf" file="sklearn/decomposition/tests/test_nmf.py" line="102" name="test_nmf_fit_nn_output[both-random-cd]" time="0.005"></testcase><testcase classname="sklearn.decomposition.tests.test_nmf" file="sklearn/decomposition/tests/test_nmf.py" line="102" name="test_nmf_fit_nn_output[both-random-mu]" time="0.018"></testcase><testcase classname="sklearn.decomposition.tests.test_nmf" file="sklearn/decomposition/tests/test_nmf.py" line="102" name="test_nmf_fit_nn_output[components-None-cd]" time="0.006"></testcase><testcase classname="sklearn.decomposition.tests.test_nmf" file="sklearn/decomposition/tests/test_nmf.py" line="102" name="test_nmf_fit_nn_output[components-None-mu]" time="0.007"></testcase><testcase classname="sklearn.decomposition.tests.test_nmf" file="sklearn/decomposition/tests/test_nmf.py" line="102" name="test_nmf_fit_nn_output[components-nndsvd-cd]" time="0.006"></testcase><testcase classname="sklearn.decomposition.tests.test_nmf" file="sklearn/decomposition/tests/test_nmf.py" line="102" name="test_nmf_fit_nn_output[components-nndsvd-mu]" time="0.010"></testcase><testcase classname="sklearn.decomposition.tests.test_nmf" file="sklearn/decomposition/tests/test_nmf.py" line="102" name="test_nmf_fit_nn_output[components-nndsvda-cd]" time="0.005"></testcase><testcase classname="sklearn.decomposition.tests.test_nmf" file="sklearn/decomposition/tests/test_nmf.py" line="102" name="test_nmf_fit_nn_output[components-nndsvda-mu]" time="0.021"></testcase><testcase classname="sklearn.decomposition.tests.test_nmf" file="sklearn/decomposition/tests/test_nmf.py" line="102" name="test_nmf_fit_nn_output[components-nndsvdar-cd]" time="0.009"></testcase><testcase classname="sklearn.decomposition.tests.test_nmf" file="sklearn/decomposition/tests/test_nmf.py" line="102" name="test_nmf_fit_nn_output[components-nndsvdar-mu]" time="0.017"></testcase><testcase classname="sklearn.decomposition.tests.test_nmf" file="sklearn/decomposition/tests/test_nmf.py" line="102" name="test_nmf_fit_nn_output[components-random-cd]" time="0.007"></testcase><testcase classname="sklearn.decomposition.tests.test_nmf" file="sklearn/decomposition/tests/test_nmf.py" line="102" name="test_nmf_fit_nn_output[components-random-mu]" time="0.017"></testcase><testcase classname="sklearn.decomposition.tests.test_nmf" file="sklearn/decomposition/tests/test_nmf.py" line="102" name="test_nmf_fit_nn_output[transformation-None-cd]" time="0.005"></testcase><testcase classname="sklearn.decomposition.tests.test_nmf" file="sklearn/decomposition/tests/test_nmf.py" line="102" name="test_nmf_fit_nn_output[transformation-None-mu]" time="0.007"></testcase><testcase classname="sklearn.decomposition.tests.test_nmf" file="sklearn/decomposition/tests/test_nmf.py" line="102" name="test_nmf_fit_nn_output[transformation-nndsvd-cd]" time="0.004"></testcase><testcase classname="sklearn.decomposition.tests.test_nmf" file="sklearn/decomposition/tests/test_nmf.py" line="102" name="test_nmf_fit_nn_output[transformation-nndsvd-mu]" time="0.006"></testcase><testcase classname="sklearn.decomposition.tests.test_nmf" file="sklearn/decomposition/tests/test_nmf.py" line="102" name="test_nmf_fit_nn_output[transformation-nndsvda-cd]" time="0.005"></testcase><testcase classname="sklearn.decomposition.tests.test_nmf" file="sklearn/decomposition/tests/test_nmf.py" line="102" name="test_nmf_fit_nn_output[transformation-nndsvda-mu]" time="0.018"></testcase><testcase classname="sklearn.decomposition.tests.test_nmf" file="sklearn/decomposition/tests/test_nmf.py" line="102" name="test_nmf_fit_nn_output[transformation-nndsvdar-cd]" time="0.006"></testcase><testcase classname="sklearn.decomposition.tests.test_nmf" file="sklearn/decomposition/tests/test_nmf.py" line="102" name="test_nmf_fit_nn_output[transformation-nndsvdar-mu]" time="0.017"></testcase><testcase classname="sklearn.decomposition.tests.test_nmf" file="sklearn/decomposition/tests/test_nmf.py" line="102" name="test_nmf_fit_nn_output[transformation-random-cd]" time="0.006"></testcase><testcase classname="sklearn.decomposition.tests.test_nmf" file="sklearn/decomposition/tests/test_nmf.py" line="102" name="test_nmf_fit_nn_output[transformation-random-mu]" time="0.016"></testcase><testcase classname="sklearn.decomposition.tests.test_nmf" file="sklearn/decomposition/tests/test_nmf.py" line="119" name="test_nmf_fit_close[None-cd]" time="0.008"></testcase><testcase classname="sklearn.decomposition.tests.test_nmf" file="sklearn/decomposition/tests/test_nmf.py" line="119" name="test_nmf_fit_close[None-mu]" time="0.094"></testcase><testcase classname="sklearn.decomposition.tests.test_nmf" file="sklearn/decomposition/tests/test_nmf.py" line="119" name="test_nmf_fit_close[both-cd]" time="0.015"></testcase><testcase classname="sklearn.decomposition.tests.test_nmf" file="sklearn/decomposition/tests/test_nmf.py" line="119" name="test_nmf_fit_close[both-mu]" time="0.070"></testcase><testcase classname="sklearn.decomposition.tests.test_nmf" file="sklearn/decomposition/tests/test_nmf.py" line="119" name="test_nmf_fit_close[components-cd]" time="0.010"></testcase><testcase classname="sklearn.decomposition.tests.test_nmf" file="sklearn/decomposition/tests/test_nmf.py" line="119" name="test_nmf_fit_close[components-mu]" time="0.060"></testcase><testcase classname="sklearn.decomposition.tests.test_nmf" file="sklearn/decomposition/tests/test_nmf.py" line="119" name="test_nmf_fit_close[transformation-cd]" time="0.015"></testcase><testcase classname="sklearn.decomposition.tests.test_nmf" file="sklearn/decomposition/tests/test_nmf.py" line="119" name="test_nmf_fit_close[transformation-mu]" time="0.063"></testcase><testcase classname="sklearn.decomposition.tests.test_nmf" file="sklearn/decomposition/tests/test_nmf.py" line="131" name="test_nmf_transform[None-cd]" time="0.009"></testcase><testcase classname="sklearn.decomposition.tests.test_nmf" file="sklearn/decomposition/tests/test_nmf.py" line="131" name="test_nmf_transform[None-mu]" time="0.022"></testcase><testcase classname="sklearn.decomposition.tests.test_nmf" file="sklearn/decomposition/tests/test_nmf.py" line="131" name="test_nmf_transform[both-cd]" time="0.014"></testcase><testcase classname="sklearn.decomposition.tests.test_nmf" file="sklearn/decomposition/tests/test_nmf.py" line="131" name="test_nmf_transform[both-mu]" time="0.024"></testcase><testcase classname="sklearn.decomposition.tests.test_nmf" file="sklearn/decomposition/tests/test_nmf.py" line="131" name="test_nmf_transform[components-cd]" time="0.011"></testcase><testcase classname="sklearn.decomposition.tests.test_nmf" file="sklearn/decomposition/tests/test_nmf.py" line="131" name="test_nmf_transform[components-mu]" time="0.024"></testcase><testcase classname="sklearn.decomposition.tests.test_nmf" file="sklearn/decomposition/tests/test_nmf.py" line="131" name="test_nmf_transform[transformation-cd]" time="0.021"></testcase><testcase classname="sklearn.decomposition.tests.test_nmf" file="sklearn/decomposition/tests/test_nmf.py" line="131" name="test_nmf_transform[transformation-mu]" time="0.035"></testcase><testcase classname="sklearn.decomposition.tests.test_nmf" file="sklearn/decomposition/tests/test_nmf.py" line="145" name="test_nmf_transform_custom_init" time="0.019"></testcase><testcase classname="sklearn.decomposition.tests.test_nmf" file="sklearn/decomposition/tests/test_nmf.py" line="160" name="test_nmf_inverse_transform[None-cd]" time="0.019"></testcase><testcase classname="sklearn.decomposition.tests.test_nmf" file="sklearn/decomposition/tests/test_nmf.py" line="160" name="test_nmf_inverse_transform[None-mu]" time="0.070"></testcase><testcase classname="sklearn.decomposition.tests.test_nmf" file="sklearn/decomposition/tests/test_nmf.py" line="160" name="test_nmf_inverse_transform[both-cd]" time="0.012"></testcase><testcase classname="sklearn.decomposition.tests.test_nmf" file="sklearn/decomposition/tests/test_nmf.py" line="160" name="test_nmf_inverse_transform[both-mu]" time="0.099"></testcase><testcase classname="sklearn.decomposition.tests.test_nmf" file="sklearn/decomposition/tests/test_nmf.py" line="160" name="test_nmf_inverse_transform[components-cd]" time="0.017"></testcase><testcase classname="sklearn.decomposition.tests.test_nmf" file="sklearn/decomposition/tests/test_nmf.py" line="160" name="test_nmf_inverse_transform[components-mu]" time="0.075"></testcase><testcase classname="sklearn.decomposition.tests.test_nmf" file="sklearn/decomposition/tests/test_nmf.py" line="160" name="test_nmf_inverse_transform[transformation-cd]" time="0.009"></testcase><testcase classname="sklearn.decomposition.tests.test_nmf" file="sklearn/decomposition/tests/test_nmf.py" line="160" name="test_nmf_inverse_transform[transformation-mu]" time="0.066"></testcase><testcase classname="sklearn.decomposition.tests.test_nmf" file="sklearn/decomposition/tests/test_nmf.py" line="174" name="test_n_components_greater_n_features" time="0.004"></testcase><testcase classname="sklearn.decomposition.tests.test_nmf" file="sklearn/decomposition/tests/test_nmf.py" line="181" name="test_nmf_sparse_input[None-cd]" time="0.011"></testcase><testcase classname="sklearn.decomposition.tests.test_nmf" file="sklearn/decomposition/tests/test_nmf.py" line="181" name="test_nmf_sparse_input[None-mu]" time="0.019"></testcase><testcase classname="sklearn.decomposition.tests.test_nmf" file="sklearn/decomposition/tests/test_nmf.py" line="181" name="test_nmf_sparse_input[both-cd]" time="0.016"></testcase><testcase classname="sklearn.decomposition.tests.test_nmf" file="sklearn/decomposition/tests/test_nmf.py" line="181" name="test_nmf_sparse_input[both-mu]" time="0.039"></testcase><testcase classname="sklearn.decomposition.tests.test_nmf" file="sklearn/decomposition/tests/test_nmf.py" line="181" name="test_nmf_sparse_input[components-cd]" time="0.022"></testcase><testcase classname="sklearn.decomposition.tests.test_nmf" file="sklearn/decomposition/tests/test_nmf.py" line="181" name="test_nmf_sparse_input[components-mu]" time="0.087"></testcase><testcase classname="sklearn.decomposition.tests.test_nmf" file="sklearn/decomposition/tests/test_nmf.py" line="181" name="test_nmf_sparse_input[transformation-cd]" time="0.024"></testcase><testcase classname="sklearn.decomposition.tests.test_nmf" file="sklearn/decomposition/tests/test_nmf.py" line="181" name="test_nmf_sparse_input[transformation-mu]" time="0.039"></testcase><testcase classname="sklearn.decomposition.tests.test_nmf" file="sklearn/decomposition/tests/test_nmf.py" line="207" name="test_nmf_sparse_transform" time="0.129"></testcase><testcase classname="sklearn.decomposition.tests.test_nmf" file="sklearn/decomposition/tests/test_nmf.py" line="222" name="test_non_negative_factorization_consistency[None-cd-random]" time="0.009"></testcase><testcase classname="sklearn.decomposition.tests.test_nmf" file="sklearn/decomposition/tests/test_nmf.py" line="222" name="test_non_negative_factorization_consistency[None-cd-nndsvd]" time="0.013"></testcase><testcase classname="sklearn.decomposition.tests.test_nmf" file="sklearn/decomposition/tests/test_nmf.py" line="222" name="test_non_negative_factorization_consistency[None-mu-random]" time="0.013"></testcase><testcase classname="sklearn.decomposition.tests.test_nmf" file="sklearn/decomposition/tests/test_nmf.py" line="222" name="test_non_negative_factorization_consistency[None-mu-nndsvd]" time="0.020"></testcase><testcase classname="sklearn.decomposition.tests.test_nmf" file="sklearn/decomposition/tests/test_nmf.py" line="222" name="test_non_negative_factorization_consistency[both-cd-random]" time="0.006"></testcase><testcase classname="sklearn.decomposition.tests.test_nmf" file="sklearn/decomposition/tests/test_nmf.py" line="222" name="test_non_negative_factorization_consistency[both-cd-nndsvd]" time="0.013"></testcase><testcase classname="sklearn.decomposition.tests.test_nmf" file="sklearn/decomposition/tests/test_nmf.py" line="222" name="test_non_negative_factorization_consistency[both-mu-random]" time="0.013"></testcase><testcase classname="sklearn.decomposition.tests.test_nmf" file="sklearn/decomposition/tests/test_nmf.py" line="222" name="test_non_negative_factorization_consistency[both-mu-nndsvd]" time="0.016"></testcase><testcase classname="sklearn.decomposition.tests.test_nmf" file="sklearn/decomposition/tests/test_nmf.py" line="222" name="test_non_negative_factorization_consistency[components-cd-random]" time="0.008"></testcase><testcase classname="sklearn.decomposition.tests.test_nmf" file="sklearn/decomposition/tests/test_nmf.py" line="222" name="test_non_negative_factorization_consistency[components-cd-nndsvd]" time="0.011"></testcase><testcase classname="sklearn.decomposition.tests.test_nmf" file="sklearn/decomposition/tests/test_nmf.py" line="222" name="test_non_negative_factorization_consistency[components-mu-random]" time="0.012"></testcase><testcase classname="sklearn.decomposition.tests.test_nmf" file="sklearn/decomposition/tests/test_nmf.py" line="222" name="test_non_negative_factorization_consistency[components-mu-nndsvd]" time="0.014"></testcase><testcase classname="sklearn.decomposition.tests.test_nmf" file="sklearn/decomposition/tests/test_nmf.py" line="222" name="test_non_negative_factorization_consistency[transformation-cd-random]" time="0.009"></testcase><testcase classname="sklearn.decomposition.tests.test_nmf" file="sklearn/decomposition/tests/test_nmf.py" line="222" name="test_non_negative_factorization_consistency[transformation-cd-nndsvd]" time="0.014"></testcase><testcase classname="sklearn.decomposition.tests.test_nmf" file="sklearn/decomposition/tests/test_nmf.py" line="222" name="test_non_negative_factorization_consistency[transformation-mu-random]" time="0.016"></testcase><testcase classname="sklearn.decomposition.tests.test_nmf" file="sklearn/decomposition/tests/test_nmf.py" line="222" name="test_non_negative_factorization_consistency[transformation-mu-nndsvd]" time="0.026"></testcase><testcase classname="sklearn.decomposition.tests.test_nmf" file="sklearn/decomposition/tests/test_nmf.py" line="250" name="test_non_negative_factorization_checking" time="0.002"></testcase><testcase classname="sklearn.decomposition.tests.test_nmf" file="sklearn/decomposition/tests/test_nmf.py" line="301" name="test_beta_divergence" time="0.006"></testcase><testcase classname="sklearn.decomposition.tests.test_nmf" file="sklearn/decomposition/tests/test_nmf.py" line="324" name="test_special_sparse_dot" time="0.005"></testcase><testcase classname="sklearn.decomposition.tests.test_nmf" file="sklearn/decomposition/tests/test_nmf.py" line="351" name="test_nmf_multiplicative_update_sparse" time="0.304"></testcase><testcase classname="sklearn.decomposition.tests.test_nmf" file="sklearn/decomposition/tests/test_nmf.py" line="401" name="test_nmf_negative_beta_loss" time="0.273"></testcase><testcase classname="sklearn.decomposition.tests.test_nmf" file="sklearn/decomposition/tests/test_nmf.py" line="430" name="test_nmf_regularization" time="0.032"></testcase><testcase classname="sklearn.decomposition.tests.test_nmf" file="sklearn/decomposition/tests/test_nmf.py" line="478" name="test_nmf_decreasing" time="0.092"></testcase><testcase classname="sklearn.decomposition.tests.test_nmf" file="sklearn/decomposition/tests/test_nmf.py" line="516" name="test_nmf_underflow" time="0.001"></testcase><testcase classname="sklearn.decomposition.tests.test_nmf" file="sklearn/decomposition/tests/test_nmf.py" line="531" name="test_nmf_dtype_match[None-cd-float32-float32]" time="0.024"></testcase><testcase classname="sklearn.decomposition.tests.test_nmf" file="sklearn/decomposition/tests/test_nmf.py" line="531" name="test_nmf_dtype_match[None-cd-float64-float64]" time="0.021"></testcase><testcase classname="sklearn.decomposition.tests.test_nmf" file="sklearn/decomposition/tests/test_nmf.py" line="531" name="test_nmf_dtype_match[None-cd-int32-float64]" time="0.015"></testcase><testcase classname="sklearn.decomposition.tests.test_nmf" file="sklearn/decomposition/tests/test_nmf.py" line="531" name="test_nmf_dtype_match[None-cd-int64-float64]" time="0.015"></testcase><testcase classname="sklearn.decomposition.tests.test_nmf" file="sklearn/decomposition/tests/test_nmf.py" line="531" name="test_nmf_dtype_match[None-mu-float32-float32]" time="0.037"></testcase><testcase classname="sklearn.decomposition.tests.test_nmf" file="sklearn/decomposition/tests/test_nmf.py" line="531" name="test_nmf_dtype_match[None-mu-float64-float64]" time="0.040"></testcase><testcase classname="sklearn.decomposition.tests.test_nmf" file="sklearn/decomposition/tests/test_nmf.py" line="531" name="test_nmf_dtype_match[None-mu-int32-float64]" time="0.032"></testcase><testcase classname="sklearn.decomposition.tests.test_nmf" file="sklearn/decomposition/tests/test_nmf.py" line="531" name="test_nmf_dtype_match[None-mu-int64-float64]" time="0.042"></testcase><testcase classname="sklearn.decomposition.tests.test_nmf" file="sklearn/decomposition/tests/test_nmf.py" line="531" name="test_nmf_dtype_match[both-cd-float32-float32]" time="0.040"></testcase><testcase classname="sklearn.decomposition.tests.test_nmf" file="sklearn/decomposition/tests/test_nmf.py" line="531" name="test_nmf_dtype_match[both-cd-float64-float64]" time="0.028"></testcase><testcase classname="sklearn.decomposition.tests.test_nmf" file="sklearn/decomposition/tests/test_nmf.py" line="531" name="test_nmf_dtype_match[both-cd-int32-float64]" time="0.020"></testcase><testcase classname="sklearn.decomposition.tests.test_nmf" file="sklearn/decomposition/tests/test_nmf.py" line="531" name="test_nmf_dtype_match[both-cd-int64-float64]" time="0.018"></testcase><testcase classname="sklearn.decomposition.tests.test_nmf" file="sklearn/decomposition/tests/test_nmf.py" line="531" name="test_nmf_dtype_match[both-mu-float32-float32]" time="0.032"></testcase><testcase classname="sklearn.decomposition.tests.test_nmf" file="sklearn/decomposition/tests/test_nmf.py" line="531" name="test_nmf_dtype_match[both-mu-float64-float64]" time="0.029"></testcase><testcase classname="sklearn.decomposition.tests.test_nmf" file="sklearn/decomposition/tests/test_nmf.py" line="531" name="test_nmf_dtype_match[both-mu-int32-float64]" time="0.026"></testcase><testcase classname="sklearn.decomposition.tests.test_nmf" file="sklearn/decomposition/tests/test_nmf.py" line="531" name="test_nmf_dtype_match[both-mu-int64-float64]" time="0.028"></testcase><testcase classname="sklearn.decomposition.tests.test_nmf" file="sklearn/decomposition/tests/test_nmf.py" line="531" name="test_nmf_dtype_match[components-cd-float32-float32]" time="0.022"></testcase><testcase classname="sklearn.decomposition.tests.test_nmf" file="sklearn/decomposition/tests/test_nmf.py" line="531" name="test_nmf_dtype_match[components-cd-float64-float64]" time="0.033"></testcase><testcase classname="sklearn.decomposition.tests.test_nmf" file="sklearn/decomposition/tests/test_nmf.py" line="531" name="test_nmf_dtype_match[components-cd-int32-float64]" time="0.028"></testcase><testcase classname="sklearn.decomposition.tests.test_nmf" file="sklearn/decomposition/tests/test_nmf.py" line="531" name="test_nmf_dtype_match[components-cd-int64-float64]" time="0.023"></testcase><testcase classname="sklearn.decomposition.tests.test_nmf" file="sklearn/decomposition/tests/test_nmf.py" line="531" name="test_nmf_dtype_match[components-mu-float32-float32]" time="0.039"></testcase><testcase classname="sklearn.decomposition.tests.test_nmf" file="sklearn/decomposition/tests/test_nmf.py" line="531" name="test_nmf_dtype_match[components-mu-float64-float64]" time="0.044"></testcase><testcase classname="sklearn.decomposition.tests.test_nmf" file="sklearn/decomposition/tests/test_nmf.py" line="531" name="test_nmf_dtype_match[components-mu-int32-float64]" time="0.031"></testcase><testcase classname="sklearn.decomposition.tests.test_nmf" file="sklearn/decomposition/tests/test_nmf.py" line="531" name="test_nmf_dtype_match[components-mu-int64-float64]" time="0.031"></testcase><testcase classname="sklearn.decomposition.tests.test_nmf" file="sklearn/decomposition/tests/test_nmf.py" line="531" name="test_nmf_dtype_match[transformation-cd-float32-float32]" time="0.029"></testcase><testcase classname="sklearn.decomposition.tests.test_nmf" file="sklearn/decomposition/tests/test_nmf.py" line="531" name="test_nmf_dtype_match[transformation-cd-float64-float64]" time="0.023"></testcase><testcase classname="sklearn.decomposition.tests.test_nmf" file="sklearn/decomposition/tests/test_nmf.py" line="531" name="test_nmf_dtype_match[transformation-cd-int32-float64]" time="0.017"></testcase><testcase classname="sklearn.decomposition.tests.test_nmf" file="sklearn/decomposition/tests/test_nmf.py" line="531" name="test_nmf_dtype_match[transformation-cd-int64-float64]" time="0.023"></testcase><testcase classname="sklearn.decomposition.tests.test_nmf" file="sklearn/decomposition/tests/test_nmf.py" line="531" name="test_nmf_dtype_match[transformation-mu-float32-float32]" time="0.032"></testcase><testcase classname="sklearn.decomposition.tests.test_nmf" file="sklearn/decomposition/tests/test_nmf.py" line="531" name="test_nmf_dtype_match[transformation-mu-float64-float64]" time="0.054"></testcase><testcase classname="sklearn.decomposition.tests.test_nmf" file="sklearn/decomposition/tests/test_nmf.py" line="531" name="test_nmf_dtype_match[transformation-mu-int32-float64]" time="0.033"></testcase><testcase classname="sklearn.decomposition.tests.test_nmf" file="sklearn/decomposition/tests/test_nmf.py" line="531" name="test_nmf_dtype_match[transformation-mu-int64-float64]" time="0.028"></testcase><testcase classname="sklearn.decomposition.tests.test_nmf" file="sklearn/decomposition/tests/test_nmf.py" line="550" name="test_nmf_float32_float64_consistency[None-cd]" time="0.020"></testcase><testcase classname="sklearn.decomposition.tests.test_nmf" file="sklearn/decomposition/tests/test_nmf.py" line="550" name="test_nmf_float32_float64_consistency[None-mu]" time="0.025"></testcase><testcase classname="sklearn.decomposition.tests.test_nmf" file="sklearn/decomposition/tests/test_nmf.py" line="550" name="test_nmf_float32_float64_consistency[both-cd]" time="0.019"></testcase><testcase classname="sklearn.decomposition.tests.test_nmf" file="sklearn/decomposition/tests/test_nmf.py" line="550" name="test_nmf_float32_float64_consistency[both-mu]" time="0.024"></testcase><testcase classname="sklearn.decomposition.tests.test_nmf" file="sklearn/decomposition/tests/test_nmf.py" line="550" name="test_nmf_float32_float64_consistency[components-cd]" time="0.019"></testcase><testcase classname="sklearn.decomposition.tests.test_nmf" file="sklearn/decomposition/tests/test_nmf.py" line="550" name="test_nmf_float32_float64_consistency[components-mu]" time="0.023"></testcase><testcase classname="sklearn.decomposition.tests.test_nmf" file="sklearn/decomposition/tests/test_nmf.py" line="550" name="test_nmf_float32_float64_consistency[transformation-cd]" time="0.019"></testcase><testcase classname="sklearn.decomposition.tests.test_nmf" file="sklearn/decomposition/tests/test_nmf.py" line="550" name="test_nmf_float32_float64_consistency[transformation-mu]" time="0.024"></testcase><testcase classname="sklearn.decomposition.tests.test_nmf" file="sklearn/decomposition/tests/test_nmf.py" line="565" name="test_nmf_custom_init_dtype_error" time="0.001"></testcase><testcase classname="sklearn.decomposition.tests.test_online_lda" file="sklearn/decomposition/tests/test_online_lda.py" line="33" name="test_lda_default_prior_params" time="0.035"></testcase><testcase classname="sklearn.decomposition.tests.test_online_lda" file="sklearn/decomposition/tests/test_online_lda.py" line="48" name="test_lda_fit_batch" time="0.016"></testcase><testcase classname="sklearn.decomposition.tests.test_online_lda" file="sklearn/decomposition/tests/test_online_lda.py" line="64" name="test_lda_fit_online" time="0.030"></testcase><testcase classname="sklearn.decomposition.tests.test_online_lda" file="sklearn/decomposition/tests/test_online_lda.py" line="80" name="test_lda_partial_fit" time="0.012"></testcase><testcase classname="sklearn.decomposition.tests.test_online_lda" file="sklearn/decomposition/tests/test_online_lda.py" line="97" name="test_lda_dense_input" time="0.017"></testcase><testcase classname="sklearn.decomposition.tests.test_online_lda" file="sklearn/decomposition/tests/test_online_lda.py" line="112" name="test_lda_transform" time="0.131"></testcase><testcase classname="sklearn.decomposition.tests.test_online_lda" file="sklearn/decomposition/tests/test_online_lda.py" line="126" name="test_lda_fit_transform[online]" time="1.078"></testcase><testcase classname="sklearn.decomposition.tests.test_online_lda" file="sklearn/decomposition/tests/test_online_lda.py" line="126" name="test_lda_fit_transform[batch]" time="0.799"></testcase><testcase classname="sklearn.decomposition.tests.test_online_lda" file="sklearn/decomposition/tests/test_online_lda.py" line="139" name="test_lda_partial_fit_dim_mismatch" time="0.011"></testcase><testcase classname="sklearn.decomposition.tests.test_online_lda" file="sklearn/decomposition/tests/test_online_lda.py" line="154" name="test_invalid_params" time="0.001"></testcase><testcase classname="sklearn.decomposition.tests.test_online_lda" file="sklearn/decomposition/tests/test_online_lda.py" line="171" name="test_lda_negative_input" time="0.001"></testcase><testcase classname="sklearn.decomposition.tests.test_online_lda" file="sklearn/decomposition/tests/test_online_lda.py" line="180" name="test_lda_no_component_error" time="0.003"></testcase><testcase classname="sklearn.decomposition.tests.test_online_lda" file="sklearn/decomposition/tests/test_online_lda.py" line="192" name="test_lda_transform_mismatch" time="0.023"></testcase><testcase classname="sklearn.decomposition.tests.test_online_lda" file="sklearn/decomposition/tests/test_online_lda.py" line="206" name="test_lda_multi_jobs[online]" time="0.000"><skipped message="Possible multi-process bug with some BLAS" type="pytest.skip">/Users/alfaro96/Workspace/Python/scikit-learn/sklearn/decomposition/tests/test_online_lda.py:207: Possible multi-process bug with some BLAS</skipped></testcase><testcase classname="sklearn.decomposition.tests.test_online_lda" file="sklearn/decomposition/tests/test_online_lda.py" line="206" name="test_lda_multi_jobs[batch]" time="0.001"><skipped message="Possible multi-process bug with some BLAS" type="pytest.skip">/Users/alfaro96/Workspace/Python/scikit-learn/sklearn/decomposition/tests/test_online_lda.py:207: Possible multi-process bug with some BLAS</skipped></testcase><testcase classname="sklearn.decomposition.tests.test_online_lda" file="sklearn/decomposition/tests/test_online_lda.py" line="223" name="test_lda_partial_fit_multi_jobs" time="0.001"><skipped message="Possible multi-process bug with some BLAS" type="pytest.skip">/Users/alfaro96/Workspace/Python/scikit-learn/sklearn/decomposition/tests/test_online_lda.py:224: Possible multi-process bug with some BLAS</skipped></testcase><testcase classname="sklearn.decomposition.tests.test_online_lda" file="sklearn/decomposition/tests/test_online_lda.py" line="240" name="test_lda_preplexity_mismatch" time="0.063"></testcase><testcase classname="sklearn.decomposition.tests.test_online_lda" file="sklearn/decomposition/tests/test_online_lda.py" line="260" name="test_lda_perplexity[online]" time="0.051"></testcase><testcase classname="sklearn.decomposition.tests.test_online_lda" file="sklearn/decomposition/tests/test_online_lda.py" line="260" name="test_lda_perplexity[batch]" time="0.053"></testcase><testcase classname="sklearn.decomposition.tests.test_online_lda" file="sklearn/decomposition/tests/test_online_lda.py" line="283" name="test_lda_score[online]" time="0.048"></testcase><testcase classname="sklearn.decomposition.tests.test_online_lda" file="sklearn/decomposition/tests/test_online_lda.py" line="283" name="test_lda_score[batch]" time="0.038"></testcase><testcase classname="sklearn.decomposition.tests.test_online_lda" file="sklearn/decomposition/tests/test_online_lda.py" line="302" name="test_perplexity_input_format" time="0.023"></testcase><testcase classname="sklearn.decomposition.tests.test_online_lda" file="sklearn/decomposition/tests/test_online_lda.py" line="315" name="test_lda_score_perplexity" time="0.032"></testcase><testcase classname="sklearn.decomposition.tests.test_online_lda" file="sklearn/decomposition/tests/test_online_lda.py" line="328" name="test_lda_fit_perplexity" time="0.021"></testcase><testcase classname="sklearn.decomposition.tests.test_online_lda" file="sklearn/decomposition/tests/test_online_lda.py" line="346" name="test_lda_empty_docs" time="0.987"></testcase><testcase classname="sklearn.decomposition.tests.test_online_lda" file="sklearn/decomposition/tests/test_online_lda.py" line="355" name="test_dirichlet_expectation" time="0.005"></testcase><testcase classname="sklearn.decomposition.tests.test_online_lda" file="sklearn/decomposition/tests/test_online_lda.py" line="390" name="test_verbosity[False-1-0-0]" time="0.036"></testcase><testcase classname="sklearn.decomposition.tests.test_online_lda" file="sklearn/decomposition/tests/test_online_lda.py" line="390" name="test_verbosity[False-0-0-0]" time="0.043"></testcase><testcase classname="sklearn.decomposition.tests.test_online_lda" file="sklearn/decomposition/tests/test_online_lda.py" line="390" name="test_verbosity[True-0-3-0]" time="0.034"></testcase><testcase classname="sklearn.decomposition.tests.test_online_lda" file="sklearn/decomposition/tests/test_online_lda.py" line="390" name="test_verbosity[True-1-3-3]" time="0.059"></testcase><testcase classname="sklearn.decomposition.tests.test_online_lda" file="sklearn/decomposition/tests/test_online_lda.py" line="390" name="test_verbosity[True-2-3-1]" time="0.052"></testcase><testcase classname="sklearn.decomposition.tests.test_pca" file="sklearn/decomposition/tests/test_pca.py" line="17" name="test_pca[1-full]" time="0.007"></testcase><testcase classname="sklearn.decomposition.tests.test_pca" file="sklearn/decomposition/tests/test_pca.py" line="17" name="test_pca[1-arpack]" time="0.026"></testcase><testcase classname="sklearn.decomposition.tests.test_pca" file="sklearn/decomposition/tests/test_pca.py" line="17" name="test_pca[1-randomized]" time="0.013"></testcase><testcase classname="sklearn.decomposition.tests.test_pca" file="sklearn/decomposition/tests/test_pca.py" line="17" name="test_pca[1-auto]" time="0.008"></testcase><testcase classname="sklearn.decomposition.tests.test_pca" file="sklearn/decomposition/tests/test_pca.py" line="17" name="test_pca[2-full]" time="0.016"></testcase><testcase classname="sklearn.decomposition.tests.test_pca" file="sklearn/decomposition/tests/test_pca.py" line="17" name="test_pca[2-arpack]" time="0.018"></testcase><testcase classname="sklearn.decomposition.tests.test_pca" file="sklearn/decomposition/tests/test_pca.py" line="17" name="test_pca[2-randomized]" time="0.008"></testcase><testcase classname="sklearn.decomposition.tests.test_pca" file="sklearn/decomposition/tests/test_pca.py" line="17" name="test_pca[2-auto]" time="0.010"></testcase><testcase classname="sklearn.decomposition.tests.test_pca" file="sklearn/decomposition/tests/test_pca.py" line="17" name="test_pca[3-full]" time="0.013"></testcase><testcase classname="sklearn.decomposition.tests.test_pca" file="sklearn/decomposition/tests/test_pca.py" line="17" name="test_pca[3-arpack]" time="0.013"></testcase><testcase classname="sklearn.decomposition.tests.test_pca" file="sklearn/decomposition/tests/test_pca.py" line="17" name="test_pca[3-randomized]" time="0.015"></testcase><testcase classname="sklearn.decomposition.tests.test_pca" file="sklearn/decomposition/tests/test_pca.py" line="17" name="test_pca[3-auto]" time="0.008"></testcase><testcase classname="sklearn.decomposition.tests.test_pca" file="sklearn/decomposition/tests/test_pca.py" line="39" name="test_no_empty_slice_warning" time="0.002"></testcase><testcase classname="sklearn.decomposition.tests.test_pca" file="sklearn/decomposition/tests/test_pca.py" line="50" name="test_whitening[full-True]" time="0.020"></testcase><testcase classname="sklearn.decomposition.tests.test_pca" file="sklearn/decomposition/tests/test_pca.py" line="50" name="test_whitening[full-False]" time="0.020"></testcase><testcase classname="sklearn.decomposition.tests.test_pca" file="sklearn/decomposition/tests/test_pca.py" line="50" name="test_whitening[arpack-True]" time="0.020"></testcase><testcase classname="sklearn.decomposition.tests.test_pca" file="sklearn/decomposition/tests/test_pca.py" line="50" name="test_whitening[arpack-False]" time="0.019"></testcase><testcase classname="sklearn.decomposition.tests.test_pca" file="sklearn/decomposition/tests/test_pca.py" line="50" name="test_whitening[randomized-True]" time="0.019"></testcase><testcase classname="sklearn.decomposition.tests.test_pca" file="sklearn/decomposition/tests/test_pca.py" line="50" name="test_whitening[randomized-False]" time="0.019"></testcase><testcase classname="sklearn.decomposition.tests.test_pca" file="sklearn/decomposition/tests/test_pca.py" line="50" name="test_whitening[auto-True]" time="0.012"></testcase><testcase classname="sklearn.decomposition.tests.test_pca" file="sklearn/decomposition/tests/test_pca.py" line="50" name="test_whitening[auto-False]" time="0.010"></testcase><testcase classname="sklearn.decomposition.tests.test_pca" file="sklearn/decomposition/tests/test_pca.py" line="99" name="test_pca_explained_variance_equivalence_solver[arpack]" time="0.012"></testcase><testcase classname="sklearn.decomposition.tests.test_pca" file="sklearn/decomposition/tests/test_pca.py" line="99" name="test_pca_explained_variance_equivalence_solver[randomized]" time="0.008"></testcase><testcase classname="sklearn.decomposition.tests.test_pca" file="sklearn/decomposition/tests/test_pca.py" line="123" name="test_pca_explained_variance_empirical[full-random-data]" time="0.013"></testcase><testcase classname="sklearn.decomposition.tests.test_pca" file="sklearn/decomposition/tests/test_pca.py" line="123" name="test_pca_explained_variance_empirical[full-correlated-data]" time="0.009"></testcase><testcase classname="sklearn.decomposition.tests.test_pca" file="sklearn/decomposition/tests/test_pca.py" line="123" name="test_pca_explained_variance_empirical[arpack-random-data]" time="0.013"></testcase><testcase classname="sklearn.decomposition.tests.test_pca" file="sklearn/decomposition/tests/test_pca.py" line="123" name="test_pca_explained_variance_empirical[arpack-correlated-data]" time="0.009"></testcase><testcase classname="sklearn.decomposition.tests.test_pca" file="sklearn/decomposition/tests/test_pca.py" line="123" name="test_pca_explained_variance_empirical[randomized-random-data]" time="0.010"></testcase><testcase classname="sklearn.decomposition.tests.test_pca" file="sklearn/decomposition/tests/test_pca.py" line="123" name="test_pca_explained_variance_empirical[randomized-correlated-data]" time="0.010"></testcase><testcase classname="sklearn.decomposition.tests.test_pca" file="sklearn/decomposition/tests/test_pca.py" line="123" name="test_pca_explained_variance_empirical[auto-random-data]" time="0.011"></testcase><testcase classname="sklearn.decomposition.tests.test_pca" file="sklearn/decomposition/tests/test_pca.py" line="123" name="test_pca_explained_variance_empirical[auto-correlated-data]" time="0.010"></testcase><testcase classname="sklearn.decomposition.tests.test_pca" file="sklearn/decomposition/tests/test_pca.py" line="141" name="test_pca_singular_values_consistency[arpack]" time="0.012"></testcase><testcase classname="sklearn.decomposition.tests.test_pca" file="sklearn/decomposition/tests/test_pca.py" line="141" name="test_pca_singular_values_consistency[randomized]" time="0.008"></testcase><testcase classname="sklearn.decomposition.tests.test_pca" file="sklearn/decomposition/tests/test_pca.py" line="158" name="test_pca_singular_values[full]" time="0.014"></testcase><testcase classname="sklearn.decomposition.tests.test_pca" file="sklearn/decomposition/tests/test_pca.py" line="158" name="test_pca_singular_values[arpack]" time="0.024"></testcase><testcase classname="sklearn.decomposition.tests.test_pca" file="sklearn/decomposition/tests/test_pca.py" line="158" name="test_pca_singular_values[randomized]" time="0.019"></testcase><testcase classname="sklearn.decomposition.tests.test_pca" file="sklearn/decomposition/tests/test_pca.py" line="158" name="test_pca_singular_values[auto]" time="0.026"></testcase><testcase classname="sklearn.decomposition.tests.test_pca" file="sklearn/decomposition/tests/test_pca.py" line="190" name="test_pca_check_projection[full]" time="0.005"></testcase><testcase classname="sklearn.decomposition.tests.test_pca" file="sklearn/decomposition/tests/test_pca.py" line="190" name="test_pca_check_projection[arpack]" time="0.005"></testcase><testcase classname="sklearn.decomposition.tests.test_pca" file="sklearn/decomposition/tests/test_pca.py" line="190" name="test_pca_check_projection[randomized]" time="0.005"></testcase><testcase classname="sklearn.decomposition.tests.test_pca" file="sklearn/decomposition/tests/test_pca.py" line="190" name="test_pca_check_projection[auto]" time="0.003"></testcase><testcase classname="sklearn.decomposition.tests.test_pca" file="sklearn/decomposition/tests/test_pca.py" line="205" name="test_pca_check_projection_list[full]" time="0.002"></testcase><testcase classname="sklearn.decomposition.tests.test_pca" file="sklearn/decomposition/tests/test_pca.py" line="205" name="test_pca_check_projection_list[arpack]" time="0.003"></testcase><testcase classname="sklearn.decomposition.tests.test_pca" file="sklearn/decomposition/tests/test_pca.py" line="205" name="test_pca_check_projection_list[randomized]" time="0.004"></testcase><testcase classname="sklearn.decomposition.tests.test_pca" file="sklearn/decomposition/tests/test_pca.py" line="205" name="test_pca_check_projection_list[auto]" time="0.003"></testcase><testcase classname="sklearn.decomposition.tests.test_pca" file="sklearn/decomposition/tests/test_pca.py" line="216" name="test_pca_inverse[False-full]" time="0.003"></testcase><testcase classname="sklearn.decomposition.tests.test_pca" file="sklearn/decomposition/tests/test_pca.py" line="216" name="test_pca_inverse[False-arpack]" time="0.003"></testcase><testcase classname="sklearn.decomposition.tests.test_pca" file="sklearn/decomposition/tests/test_pca.py" line="216" name="test_pca_inverse[False-randomized]" time="0.004"></testcase><testcase classname="sklearn.decomposition.tests.test_pca" file="sklearn/decomposition/tests/test_pca.py" line="216" name="test_pca_inverse[True-full]" time="0.003"></testcase><testcase classname="sklearn.decomposition.tests.test_pca" file="sklearn/decomposition/tests/test_pca.py" line="216" name="test_pca_inverse[True-arpack]" time="0.005"></testcase><testcase classname="sklearn.decomposition.tests.test_pca" file="sklearn/decomposition/tests/test_pca.py" line="216" name="test_pca_inverse[True-randomized]" time="0.004"></testcase><testcase classname="sklearn.decomposition.tests.test_pca" file="sklearn/decomposition/tests/test_pca.py" line="234" name="test_pca_validation[arpack-0-must be between 1 and min\\(n_samples, n_features\\)-data0]" time="0.003"></testcase><testcase classname="sklearn.decomposition.tests.test_pca" file="sklearn/decomposition/tests/test_pca.py" line="234" name="test_pca_validation[arpack-0-must be between 1 and min\\(n_samples, n_features\\)-data1]" time="0.005"></testcase><testcase classname="sklearn.decomposition.tests.test_pca" file="sklearn/decomposition/tests/test_pca.py" line="234" name="test_pca_validation[randomized-0-must be between 1 and min\\(n_samples, n_features\\)-data0]" time="0.002"></testcase><testcase classname="sklearn.decomposition.tests.test_pca" file="sklearn/decomposition/tests/test_pca.py" line="234" name="test_pca_validation[randomized-0-must be between 1 and min\\(n_samples, n_features\\)-data1]" time="0.002"></testcase><testcase classname="sklearn.decomposition.tests.test_pca" file="sklearn/decomposition/tests/test_pca.py" line="234" name="test_pca_validation[arpack-2-must be strictly less than min-data0]" time="0.004"></testcase><testcase classname="sklearn.decomposition.tests.test_pca" file="sklearn/decomposition/tests/test_pca.py" line="234" name="test_pca_validation[arpack-2-must be strictly less than min-data1]" time="0.002"></testcase><testcase classname="sklearn.decomposition.tests.test_pca" file="sklearn/decomposition/tests/test_pca.py" line="234" name="test_pca_validation[auto--1-n_components={}L? must be between {}L? and min\\(n_samples, n_features\\)={}L? with svd_solver=\\&apos;{}\\&apos;-data0]" time="0.005"></testcase><testcase classname="sklearn.decomposition.tests.test_pca" file="sklearn/decomposition/tests/test_pca.py" line="234" name="test_pca_validation[auto--1-n_components={}L? must be between {}L? and min\\(n_samples, n_features\\)={}L? with svd_solver=\\&apos;{}\\&apos;-data1]" time="0.002"></testcase><testcase classname="sklearn.decomposition.tests.test_pca" file="sklearn/decomposition/tests/test_pca.py" line="234" name="test_pca_validation[auto-3-n_components={}L? must be between {}L? and min\\(n_samples, n_features\\)={}L? with svd_solver=\\&apos;{}\\&apos;-data0]" time="0.005"></testcase><testcase classname="sklearn.decomposition.tests.test_pca" file="sklearn/decomposition/tests/test_pca.py" line="234" name="test_pca_validation[auto-3-n_components={}L? must be between {}L? and min\\(n_samples, n_features\\)={}L? with svd_solver=\\&apos;{}\\&apos;-data1]" time="0.003"></testcase><testcase classname="sklearn.decomposition.tests.test_pca" file="sklearn/decomposition/tests/test_pca.py" line="234" name="test_pca_validation[auto-1.0-must be of type int-data0]" time="0.004"></testcase><testcase classname="sklearn.decomposition.tests.test_pca" file="sklearn/decomposition/tests/test_pca.py" line="234" name="test_pca_validation[auto-1.0-must be of type int-data1]" time="0.005"></testcase><testcase classname="sklearn.decomposition.tests.test_pca" file="sklearn/decomposition/tests/test_pca.py" line="276" name="test_n_components_none[data0-full-4]" time="0.003"></testcase><testcase classname="sklearn.decomposition.tests.test_pca" file="sklearn/decomposition/tests/test_pca.py" line="276" name="test_n_components_none[data0-arpack-3]" time="0.003"></testcase><testcase classname="sklearn.decomposition.tests.test_pca" file="sklearn/decomposition/tests/test_pca.py" line="276" name="test_n_components_none[data0-randomized-4]" time="0.005"></testcase><testcase classname="sklearn.decomposition.tests.test_pca" file="sklearn/decomposition/tests/test_pca.py" line="276" name="test_n_components_none[data1-full-4]" time="0.003"></testcase><testcase classname="sklearn.decomposition.tests.test_pca" file="sklearn/decomposition/tests/test_pca.py" line="276" name="test_n_components_none[data1-arpack-3]" time="0.007"></testcase><testcase classname="sklearn.decomposition.tests.test_pca" file="sklearn/decomposition/tests/test_pca.py" line="276" name="test_n_components_none[data1-randomized-4]" time="0.004"></testcase><testcase classname="sklearn.decomposition.tests.test_pca" file="sklearn/decomposition/tests/test_pca.py" line="289" name="test_n_components_mle[auto]" time="0.008"></testcase><testcase classname="sklearn.decomposition.tests.test_pca" file="sklearn/decomposition/tests/test_pca.py" line="289" name="test_n_components_mle[full]" time="0.006"></testcase><testcase classname="sklearn.decomposition.tests.test_pca" file="sklearn/decomposition/tests/test_pca.py" line="300" name="test_n_components_mle_error[arpack]" time="0.005"></testcase><testcase classname="sklearn.decomposition.tests.test_pca" file="sklearn/decomposition/tests/test_pca.py" line="300" name="test_n_components_mle_error[randomized]" time="0.003"></testcase><testcase classname="sklearn.decomposition.tests.test_pca" file="sklearn/decomposition/tests/test_pca.py" line="314" name="test_pca_dim" time="0.004"></testcase><testcase classname="sklearn.decomposition.tests.test_pca" file="sklearn/decomposition/tests/test_pca.py" line="325" name="test_infer_dim_1" time="0.009"></testcase><testcase classname="sklearn.decomposition.tests.test_pca" file="sklearn/decomposition/tests/test_pca.py" line="339" name="test_infer_dim_2" time="0.005"></testcase><testcase classname="sklearn.decomposition.tests.test_pca" file="sklearn/decomposition/tests/test_pca.py" line="353" name="test_infer_dim_3" time="0.003"></testcase><testcase classname="sklearn.decomposition.tests.test_pca" file="sklearn/decomposition/tests/test_pca.py" line="366" name="test_infer_dim_by_explained_variance[X0-0.95-2]" time="0.008"></testcase><testcase classname="sklearn.decomposition.tests.test_pca" file="sklearn/decomposition/tests/test_pca.py" line="366" name="test_infer_dim_by_explained_variance[X1-0.01-1]" time="0.004"></testcase><testcase classname="sklearn.decomposition.tests.test_pca" file="sklearn/decomposition/tests/test_pca.py" line="366" name="test_infer_dim_by_explained_variance[X2-0.5-2]" time="0.003"></testcase><testcase classname="sklearn.decomposition.tests.test_pca" file="sklearn/decomposition/tests/test_pca.py" line="380" name="test_pca_score[full]" time="0.010"></testcase><testcase classname="sklearn.decomposition.tests.test_pca" file="sklearn/decomposition/tests/test_pca.py" line="380" name="test_pca_score[arpack]" time="0.013"></testcase><testcase classname="sklearn.decomposition.tests.test_pca" file="sklearn/decomposition/tests/test_pca.py" line="380" name="test_pca_score[randomized]" time="0.013"></testcase><testcase classname="sklearn.decomposition.tests.test_pca" file="sklearn/decomposition/tests/test_pca.py" line="380" name="test_pca_score[auto]" time="0.011"></testcase><testcase classname="sklearn.decomposition.tests.test_pca" file="sklearn/decomposition/tests/test_pca.py" line="402" name="test_pca_score3" time="0.010"></testcase><testcase classname="sklearn.decomposition.tests.test_pca" file="sklearn/decomposition/tests/test_pca.py" line="419" name="test_pca_sanity_noise_variance[full]" time="0.198"></testcase><testcase time="0.002"></testcase></testsuite></testsuites>